id,agent0,agent1,userPoints,vhPoints,timedout,formallyQuit,numUserOffers,numVHOffers,numUserPref,numVHPref,numUserQuery,numVHQuery,numUserMsg,numVHMsg,numUserLie,numVHLie,numUserNeutral,numVHNeutral,numUserHappy,numVHHappy,numUserAngry,numVHAngry,numUserSad,numVHSad,numUserSurprised,numVHSurprised,numVHDisgusted,numVHInsincere,numVHAfraid,studyName,currentGame,gameEndTime,gameAllottedTime,numUserBATNALies,numVHBATNALies,initialOfferUserAlloc1,initialOfferUserAlloc2,initialOfferUserAlloc3,initialOfferUserAlloc4,initialOfferUserAlloc5,finalOfferUserAlloc1,finalOfferUserAlloc2,finalOfferUserAlloc3,finalOfferUserAlloc4,finalOfferUserAlloc5,initialOfferVHAlloc1,initialOfferVHAlloc2,initialOfferVHAlloc3,initialOfferVHAlloc4,initialOfferVHAlloc5,finalOfferVHAlloc1,finalOfferVHAlloc2,finalOfferVHAlloc3,finalOfferVHAlloc4,finalOfferVHAlloc5,numUserBATNA_INFO,numUserBATNA_REQUEST,numUserCONFUSION,numUserFAVOR_ACCEPT,numUserFAVOR_REJECT,numUserFAVOR_REQUEST,numUserFAVOR_RETURN,numUserGENERIC_NEG,numUserGENERIC_POS,numUserNONE,numUserOFFER_ACCEPT,numUserOFFER_PROPOSE,numUserOFFER_REJECT,numUserOFFER_REQUEST_NEG,numUserOFFER_REQUEST_POS,numUserPREF_INFO,numUserPREF_REQUEST,numUserPREF_SPECIFIC_REQUEST,numUserPREF_WITHHOLD,numUserTHREAT_NEG,numUserTHREAT_POS,numUserTIMING,numVHBATNA_INFO,numVHBATNA_REQUEST,numVHCONFUSION,numVHFAVOR_ACCEPT,numVHFAVOR_REJECT,numVHFAVOR_REQUEST,numVHFAVOR_RETURN,numVHGENERIC_NEG,numVHGENERIC_POS,numVHNONE,numVHOFFER_ACCEPT,numVHOFFER_PROPOSE,numVHOFFER_REJECT,numVHOFFER_REQUEST_NEG,numVHOFFER_REQUEST_POS,numVHPREF_INFO,numVHPREF_REQUEST,numVHPREF_SPECIFIC_REQUEST,numVHPREF_WITHHOLD,numVHTHREAT_NEG,numVHTHREAT_POS,numVHTIMING,like5,satisfy4,satisfyOther3,coopOther2,friendOther1,trustOther5,longOther4,fairOther3,honestOther2,emotionOther1,messageOther5,offerOther4,generalOther3,QuestionNeuroticism,QuestionExtraversioin,QuestionOpenness,QuestionAgreeableness,QuestionConscientiousness,Cooperativeness,Assertiveness,Neuroticism,Extraversion,Openness,Agreeableness,Conscientiousness,NeuroticismOffer,ExtraversionOffer,OpennessOffer,AgreeablenessOffer,ConscientiousnessOffer,NeuroticismBehavior,ExtraversionBehavior,OpennessBehavior,AgreeablenessBehavior,ConscientiousnessBehavior,offerWeight,behaviorWeight,agentUtil,playerUtil,t
2,player,Mentalist,35,35,false,false,3,1,0,1,1,0,2,5,0,0,0,0,0,4,0,0,0,1,1,1,0,0,0,Static,1,65,600,0,0,0,0,0,0,0,5,5,0,0,0,0,0,0,0,0,0,0,5,5,0,0,0,0,0,0,0,0,0,0,0,1,0,0,0,0,1,0,0,0,0,0,0,0,0,0,0,0,0,0,0,2,0,1,1,1,0,0,0,0,0,0,0,0,0,5.0,4.0,3.0,2.0,1.0,5.0,4.0,3.0,2.0,1.0,5.0,4.0,3.0,42,30,38,34,34,-0.0:-0.21428571428571486:-0.28947368421052677,1.0:0.14596190619250227:0.5111444084976793,-1.0:-1.0:-1.0,-1.0:0.3461538461538462:0.7820512820512819,-1.0:0.11158635157647888:0.11358430421840786,-1.0:-0.0899999999999999:0.42000000000000004,1.0:-0.22963285653485316:-0.31054140416626413,-1.0:-1.0:-1.0,-1.0:0.23076923076923084:0.7435897435897434,-1.0:0.2606898253840928:0.26304035790400926,-1.0:1.1102230246251565E-16:0.6000000000000001,1.0:-0.0936857135704155:-0.1888722401956049,-1.0:-1.0:-1.0,1.0:1.0:1.0,-1.0:-0.7333333333333334:-0.7333333333333334,-1.0:-0.6:-0.6,-1.0:-1.0:-1.0,1.0:0.85:0.85,0.0:0.15:0.15,0.0:0.4:0.7,0.0:0.4:0.7,3

: Survey Results: 
: 2__GAME_END,NONE,null
: 2__GAME_START,NONE,null
: 2__GAME_START,NONE,null
: 2__OFFER_IN_PROGRESS,NONE,null
: 2__TIME,NONE,5
: 2__GAME_START,NONE,null
: 2__GAME_START,NONE,null
: 2__SEND_OFFER,NONE,null,[ [0, 5, 0], [0, 5, 0], [0, 5, 0], [0, 5, 0] ]
: 2__TIME,NONE,10
: 2__SEND_EXPRESSION,NONE,sad
: 2__SEND_MESSAGE,OFFER_REJECT,Could you assign a few more items to me?
: 2__OFFER_IN_PROGRESS,NONE,null
: 2__TIME,NONE,15
: 2__SEND_MESSAGE,OFFER_PROPOSE,I think you'll find this offer to be satisfactory.
: 2__SEND_OFFER,NONE,null,[ [0, 4, 1], [0, 5, 0], [0, 5, 0], [1, 4, 0] ]
: 2__TIME,NONE,20
: 2__SEND_MESSAGE,OFFER_ACCEPT,Yes, I accept that offer.
: 2__SEND_EXPRESSION,NONE,happy
: 2__TIME,NONE,25
: 2__SEND_EXPRESSION,NONE,surprised
: 2__SEND_MESSAGE,GENERIC_POS,Great!
: 2__SEND_EXPRESSION,NONE,surprised
: 2__TIME,NONE,30
: 2__SEND_MESSAGE,PREF_INFO,Do you like barrels of oil best?,1: 2 2: -1 BEST true
: 2__SEND_EXPRESSION,NONE,happy
: 2__TIME,NONE,35
: 2__SEND_MESSAGE,GENERIC_POS,I like shipments of spices the best.,1: 3 2: -1 BEST false
: 2__TIME,NONE,40
: 2__OFFER_IN_PROGRESS,NONE,null
: 2__TIME,NONE,45
: 2__SEND_OFFER,NONE,null,[ [0, 0, 5], [0, 5, 0], [0, 5, 0], [5, 0, 0] ]
: 2__SEND_EXPRESSION,NONE,happy
: 2__SEND_MESSAGE,OFFER_ACCEPT,Let's find a good agreement while making concessions to each other!
: 2__TIME,NONE,50
: 2__TIME,NONE,55
: 2__OFFER_IN_PROGRESS,NONE,null
: 2__TIME,NONE,60
: 2__SEND_OFFER,NONE,null,[ [0, 0, 5], [0, 0, 5], [5, 0, 0], [5, 0, 0] ]
: 2__SEND_EXPRESSION,NONE,happy
: 2__TIME,NONE,65
: 2__FORMAL_ACCEPT,NONE,null
: 2__FORMAL_ACCEPT,NONE,null
: 2__GAME_START,NONE,null
: 2__GAME_START,NONE,null
: 2__GAME_END,NONE,null


id,agent0,agent1,userPoints,vhPoints,timedout,formallyQuit,numUserOffers,numVHOffers,numUserPref,numVHPref,numUserQuery,numVHQuery,numUserMsg,numVHMsg,numUserLie,numVHLie,numUserNeutral,numVHNeutral,numUserHappy,numVHHappy,numUserAngry,numVHAngry,numUserSad,numVHSad,numUserSurprised,numVHSurprised,numVHDisgusted,numVHInsincere,numVHAfraid,studyName,currentGame,gameEndTime,gameAllottedTime,numUserBATNALies,numVHBATNALies,initialOfferUserAlloc1,initialOfferUserAlloc2,initialOfferUserAlloc3,initialOfferUserAlloc4,initialOfferUserAlloc5,finalOfferUserAlloc1,finalOfferUserAlloc2,finalOfferUserAlloc3,finalOfferUserAlloc4,finalOfferUserAlloc5,initialOfferVHAlloc1,initialOfferVHAlloc2,initialOfferVHAlloc3,initialOfferVHAlloc4,initialOfferVHAlloc5,finalOfferVHAlloc1,finalOfferVHAlloc2,finalOfferVHAlloc3,finalOfferVHAlloc4,finalOfferVHAlloc5,numUserBATNA_INFO,numUserBATNA_REQUEST,numUserCONFUSION,numUserFAVOR_ACCEPT,numUserFAVOR_REJECT,numUserFAVOR_REQUEST,numUserFAVOR_RETURN,numUserGENERIC_NEG,numUserGENERIC_POS,numUserNONE,numUserOFFER_ACCEPT,numUserOFFER_PROPOSE,numUserOFFER_REJECT,numUserOFFER_REQUEST_NEG,numUserOFFER_REQUEST_POS,numUserPREF_INFO,numUserPREF_REQUEST,numUserPREF_SPECIFIC_REQUEST,numUserPREF_WITHHOLD,numUserTHREAT_NEG,numUserTHREAT_POS,numUserTIMING,numVHBATNA_INFO,numVHBATNA_REQUEST,numVHCONFUSION,numVHFAVOR_ACCEPT,numVHFAVOR_REJECT,numVHFAVOR_REQUEST,numVHFAVOR_RETURN,numVHGENERIC_NEG,numVHGENERIC_POS,numVHNONE,numVHOFFER_ACCEPT,numVHOFFER_PROPOSE,numVHOFFER_REJECT,numVHOFFER_REQUEST_NEG,numVHOFFER_REQUEST_POS,numVHPREF_INFO,numVHPREF_REQUEST,numVHPREF_SPECIFIC_REQUEST,numVHPREF_WITHHOLD,numVHTHREAT_NEG,numVHTHREAT_POS,numVHTIMING,like5,satisfy4,satisfyOther3,coopOther4,friendOther2,trustOther5,longOther4,fairOther1,honestOther3,emotionOther5,messageOther2,offerOther4,generalOther3,QuestionNeuroticism,QuestionExtraversioin,QuestionOpenness,QuestionAgreeableness,QuestionConscientiousness,Cooperativeness,Assertiveness,Neuroticism,Extraversion,Openness,Agreeableness,Conscientiousness,NeuroticismOffer,ExtraversionOffer,OpennessOffer,AgreeablenessOffer,ConscientiousnessOffer,NeuroticismBehavior,ExtraversionBehavior,OpennessBehavior,AgreeablenessBehavior,ConscientiousnessBehavior,offerWeight,behaviorWeight,agentUtil,playerUtil,t
2,player,Mentalist,26,41,false,false,2,3,2,2,1,0,12,20,0,0,0,0,1,6,0,0,1,4,0,3,0,0,3,Static,0,170,600,1,0,1,0,0,0,0,5,2,0,0,0,0,0,0,1,0,0,3,5,5,0,2,0,1,0,0,0,0,0,1,0,2,0,0,2,1,3,0,0,0,0,0,0,1,0,0,0,0,0,0,0,8,1,0,3,2,0,0,0,1,1,0,2,1,0,5.0,4.0,3.0,4.0,2.0,5.0,4.0,1.0,3.0,5.0,2.0,4.0,3.0,42,30,38,34,34,1.0:0.8608247422680411,1.0:-1.0,-0.76:-0.8,1.0:0.8472222222222223,-1.0:0.1333333333333333,0.2683333333333333:0.20549450549450554,-0.375:-0.7833333333333333,-1.0:-1.0,1.0:1.0,-1.0:1.0,0.4333333333333333:0.610989010989011,0.0:-1.0,-0.4666666666666667:-0.6,1.0:0.6944444444444445,-1.0:-0.7333333333333334,0.06666666666666665:-0.19999999999999996,-0.8333333333333333:-0.5666666666666667,0.55:0.5,0.45:0.5,0.2:0.72,0.28:0.62,2

: Survey Results: 
: 2__SEND_MESSAGE,NONE,I'm glad to see you! Let's start negotiating!
: 2__TIME,NONE,5
: 2__TIME,NONE,10
: 2__SEND_MESSAGE,OFFER_REQUEST_NEG,What wrong with you? Hurry up and make an offer!
: 2__TIME,NONE,15
: 2__SEND_EXPRESSION,NONE,sad
: 2__OFFER_IN_PROGRESS,NONE,null
: 2__SEND_MESSAGE,OFFER_PROPOSE,This is a very good agreement for me, but what about you?
: 2__TIME,NONE,20
: 2__SEND_OFFER,NONE,null,[ [0, 4, 1], [0, 5, 0], [0, 5, 0], [1, 4, 0] ]
: 2__SEND_MESSAGE,OFFER_ACCEPT,Yes, I accept that offer.
: 2__TIME,NONE,25
: 2__SEND_EXPRESSION,NONE,happy
: 2__SEND_MESSAGE,GENERIC_POS,I'm glad we could come to an agreement!
: 2__TIME,NONE,30
: 2__SEND_MESSAGE,BATNA_INFO,Just so you know, I already have an offer for 46 points, so I won't accept anything less.
: 2__SEND_EXPRESSION,NONE,afraid
: 2__SEND_MESSAGE,THREAT_POS,Well, since you can't accept anything less than 46 points and I can't accept anything that gets me less than 12 points, I don't think we'll be able to make a deal. Maybe we should just walk away.
: 2__TIME,NONE,35
: 2__TIME,NONE,40
: 2__SEND_MESSAGE,OFFER_REQUEST_POS,Would you please make an offer?
: 2__SEND_EXPRESSION,NONE,afraid
: 2__SEND_MESSAGE,THREAT_NEG,Actually, I won't be able to offer you anything that gives you 46 points. I think I'm going to have to walk away, unless you were lying.
: 2__TIME,NONE,45
: 2__SEND_MESSAGE,OFFER_REQUEST_NEG,What wrong with you? Hurry up and make an offer!
: 2__TIME,NONE,50
: 2__SEND_EXPRESSION,NONE,afraid
: 2__SEND_MESSAGE,THREAT_NEG,Actually, I won't be able to offer you anything that gives you 46 points. I think I'm going to have to walk away, unless you were lying.
: 2__TIME,NONE,55
: 2__SEND_MESSAGE,GENERIC_POS,We should try to split things evenly.
: 2__SEND_EXPRESSION,NONE,happy
: 2__SEND_MESSAGE,GENERIC_POS,Agreed! If you want to know my information, using "Ask your opponent's preferences" or "So could you tell me about your preferences?".
: 2__TIME,NONE,60
: 2__SEND_MESSAGE,CONFUSION,I don't think that makes sense with previous statements.
: 2__SEND_EXPRESSION,NONE,surprised
: 2__TIME,NONE,65
: 2__SEND_MESSAGE,GENERIC_POS,I'm sorry, have I said something confusing? I didn't mean to.
: 2__TIME,NONE,70
: 2__SEND_MESSAGE,BATNA_INFO,Just so you know, I already have an offer for 12 points, so I won't accept anything less.
: 2__SEND_EXPRESSION,NONE,surprised
: 2__SEND_MESSAGE,BATNA_INFO,Oh it is? I thought you needed more than 46 points. In case you forgot, I already have an offer for 12 points, so anything that gets me more than 12 points will do.
: 2__TIME,NONE,75
: 2__SEND_EXPRESSION,NONE,happy
: 2__SEND_EXPRESSION,NONE,happy
: 2__TIME,NONE,80
: 2__SEND_MESSAGE,GENERIC_POS,I'm happy too!
: 2__OFFER_IN_PROGRESS,NONE,null
: 2__TIME,NONE,85
: 2__TIME,NONE,90
: 2__SEND_MESSAGE,PREF_REQUEST,By the way, will you tell me a little about your preferences?
: 2__TIME,NONE,95
: 2__TIME,NONE,100
: 2__SEND_OFFER,NONE,null,[ [0, 4, 1], [5, 0, 0], [0, 0, 5], [0, 5, 0] ]
: 2__SEND_EXPRESSION,NONE,sad
: 2__SEND_MESSAGE,OFFER_REJECT,I won't be able to accept that.  So sorry.
: 2__TIME,NONE,105
: 2__OFFER_IN_PROGRESS,NONE,null
: 2__SEND_MESSAGE,OFFER_PROPOSE,I think this deal is good for the both of us.
: 2__TIME,NONE,110
: 2__SEND_OFFER,NONE,null,[ [0, 1, 4], [0, 5, 0], [2, 3, 0], [5, 0, 0] ]
: 2__TIME,NONE,115
: 2__SEND_MESSAGE,OFFER_ACCEPT,Yes, I accept that offer.
: 2__SEND_EXPRESSION,NONE,happy
: 2__SEND_MESSAGE,GENERIC_POS,Thank you for accepting my offer!
: 2__TIME,NONE,120
: 2__SEND_EXPRESSION,NONE,sad
: 2__SEND_EXPRESSION,NONE,sad
: 2__TIME,NONE,125
: 2__SEND_MESSAGE,GENERIC_POS,What's the matter?
: 2__TIME,NONE,130
: 2__SEND_MESSAGE,PREF_INFO,I like bars of gold more than something else.,1: 1 2: -1 GREATER_THAN false
: 2__SEND_EXPRESSION,NONE,surprised
: 2__SEND_MESSAGE,PREF_SPECIFIC_REQUEST,Can you be a little more specific? Saying "something" is confusing.
: 2__TIME,NONE,135
: 2__SEND_MESSAGE,PREF_INFO,I like bars of gold more than barrels of oil.,1: 1 2: 2 GREATER_THAN false
: 2__SEND_EXPRESSION,NONE,happy
: 2__TIME,NONE,140
: 2__SEND_MESSAGE,GENERIC_POS,Thank you for sharing your preference.,1: 1 2: 2 LESS_THAN false
: 2__TIME,NONE,145
: 2__SEND_MESSAGE,PREF_INFO,Do you like bars of gold best?,1: 1 2: 2 BEST true
: 2__SEND_EXPRESSION,NONE,happy
: 2__SEND_MESSAGE,GENERIC_POS,I like shipments of spices the best.,1: 3 2: -1 BEST false
: 2__TIME,NONE,150
: 2__OFFER_IN_PROGRESS,NONE,null
: 2__TIME,NONE,155
: 2__SEND_OFFER,NONE,null,[ [1, 0, 4], [0, 0, 5], [5, 0, 0], [5, 0, 0] ]
: 2__TIME,NONE,160
: 2__SEND_EXPRESSION,NONE,sad
: 2__SEND_MESSAGE,OFFER_REJECT,I'm sorry I can't accept it. I'll try to think of another offer instead.
: 2__OFFER_IN_PROGRESS,NONE,null
: 2__TIME,NONE,165
: 2__SEND_MESSAGE,OFFER_PROPOSE,I think this arrangement would be beneficial to both.
: 2__SEND_OFFER,NONE,null,[ [0, 0, 5], [3, 0, 2], [5, 0, 0], [5, 0, 0] ]
: 2__TIME,NONE,170
: 2__FORMAL_ACCEPT,NONE,null
: 2__FORMAL_ACCEPT,NONE,null
: 2__GAME_START,NONE,null
: 2__GAME_END,NONE,null


