id,agent0,agent1,userPoints,vhPoints,timedout,formallyQuit,numUserOffers,numVHOffers,numUserPref,numVHPref,numUserQuery,numVHQuery,numUserMsg,numVHMsg,numUserLie,numVHLie,numUserNeutral,numVHNeutral,numUserHappy,numVHHappy,numUserAngry,numVHAngry,numUserSad,numVHSad,numUserSurprised,numVHSurprised,numVHDisgusted,numVHInsincere,numVHAfraid,studyName,currentGame,gameEndTime,gameAllottedTime,numUserBATNALies,numVHBATNALies,initialOfferUserAlloc1,initialOfferUserAlloc2,initialOfferUserAlloc3,initialOfferUserAlloc4,initialOfferUserAlloc5,finalOfferUserAlloc1,finalOfferUserAlloc2,finalOfferUserAlloc3,finalOfferUserAlloc4,finalOfferUserAlloc5,initialOfferVHAlloc1,initialOfferVHAlloc2,initialOfferVHAlloc3,initialOfferVHAlloc4,initialOfferVHAlloc5,finalOfferVHAlloc1,finalOfferVHAlloc2,finalOfferVHAlloc3,finalOfferVHAlloc4,finalOfferVHAlloc5,numUserBATNA_INFO,numUserBATNA_REQUEST,numUserCONFUSION,numUserFAVOR_ACCEPT,numUserFAVOR_REJECT,numUserFAVOR_REQUEST,numUserFAVOR_RETURN,numUserGENERIC_NEG,numUserGENERIC_POS,numUserNONE,numUserOFFER_ACCEPT,numUserOFFER_PROPOSE,numUserOFFER_REJECT,numUserOFFER_REQUEST_NEG,numUserOFFER_REQUEST_POS,numUserPREF_INFO,numUserPREF_REQUEST,numUserPREF_SPECIFIC_REQUEST,numUserPREF_WITHHOLD,numUserTHREAT_NEG,numUserTHREAT_POS,numUserTIMING,numVHBATNA_INFO,numVHBATNA_REQUEST,numVHCONFUSION,numVHFAVOR_ACCEPT,numVHFAVOR_REJECT,numVHFAVOR_REQUEST,numVHFAVOR_RETURN,numVHGENERIC_NEG,numVHGENERIC_POS,numVHNONE,numVHOFFER_ACCEPT,numVHOFFER_PROPOSE,numVHOFFER_REJECT,numVHOFFER_REQUEST_NEG,numVHOFFER_REQUEST_POS,numVHPREF_INFO,numVHPREF_REQUEST,numVHPREF_SPECIFIC_REQUEST,numVHPREF_WITHHOLD,numVHTHREAT_NEG,numVHTHREAT_POS,numVHTIMING,like2,satisfy2,satisfyOther2,coopOther2,friendOther2,trustOther2,longOther2,fairOther2,honestOther2,emotionOther2,messageOther2,offerOther2,generalOther2,QuestionNeuroticism,QuestionExtraversioin,QuestionOpenness,QuestionAgreeableness,QuestionConscientiousness,Cooperativeness,Assertiveness,Neuroticism,Extraversion,Openness,Agreeableness,Conscientiousness,NeuroticismOffer,ExtraversionOffer,OpennessOffer,AgreeablenessOffer,ConscientiousnessOffer,NeuroticismBehavior,ExtraversionBehavior,OpennessBehavior,AgreeablenessBehavior,ConscientiousnessBehavior,offerWeight,behaviorWeight,agentUtil,playerUtil,t
2,player,PilotStudy,35,35,false,false,4,1,0,0,0,0,1,6,0,0,0,0,0,3,0,0,0,3,0,0,0,0,0,Dinamic,0,55,600,0,0,0,0,1,0,0,0,5,5,0,0,0,0,0,1,0,5,0,0,5,0,0,0,0,0,0,0,0,0,0,0,0,0,1,0,0,0,0,0,0,0,0,0,0,0,0,0,0,0,0,0,1,0,2,1,1,0,0,0,0,0,0,0,0,1,2.0,2.0,2.0,2.0,2.0,2.0,2.0,2.0,2.0,2.0,2.0,2.0,2.0,42,30,38,34,34,-0.21428571428571352:-0.21428571428571352:-0.21428571428571397:-0.27857785778577915,1.0:0.20676246795735265:0.14836931644151397:0.2747270693830005,-10.0,-10.0,-10.0,-10.0,-10.0,-1.0:-1.0:-1.0:-1.0,1.0:1.0:1.0:1.0,-1.0:-0.42036910457963095:0.26008502294809266:0.26292492073771556,0.6000000000000001:0.6000000000000001:0.6000000000000001:0.6000000000000001,0.8333333333333334:0.4367145673120097:0.1852957693318681:-0.22930313197516644,-1.0:-1.0:-1.0:-1.0,0.6666666666666667:1.0:1.0:1.0,-1.0:-1.0:-1.0:-1.0,-1.0:-1.0:-1.0:-1.0,-1.0:-1.0:-1.0:-1.0,1.0:0.95:0.95:0.95,0.0:0.05:0.05:0.05,0.08:0.16:0.4:0.7,0.08:0.16:0.4:0.7,4

: Survey Results: 
: 2__TIME,NONE,5
: 2__TIME,NONE,10
: 2__SEND_EXPRESSION,NONE,sad
: 2__OFFER_IN_PROGRESS,NONE,null
: 2__SEND_MESSAGE,TIMING,I'm sorry, but are you still there?
: 2__TIME,NONE,15
: 2__SEND_OFFER,NONE,null,[ [0, 5, 0], [0, 5, 0], [0, 4, 1], [1, 4, 0] ]
: 2__SEND_EXPRESSION,NONE,sad
: 2__SEND_MESSAGE,OFFER_REJECT,Perhaps we should spend more time finding a solution that's good for us both...
: 2__TIME,NONE,20
: 2__OFFER_IN_PROGRESS,NONE,null
: 2__SEND_MESSAGE,OFFER_PROPOSE,I think you'll find this offer to be satisfactory.
: 2__TIME,NONE,25
: 2__SEND_OFFER,NONE,null,[ [0, 5, 0], [0, 5, 0], [0, 4, 1], [2, 3, 0] ]
: 2__SEND_MESSAGE,OFFER_REJECT,No, I can't accept that offer.
: 2__SEND_EXPRESSION,NONE,sad
: 2__OFFER_IN_PROGRESS,NONE,null
: 2__TIME,NONE,30
: 2__SEND_MESSAGE,GENERIC_POS,Ok, I understand.  This seems like a fairly even split.  Also, what about the rest of the undecided items?
: 2__SEND_OFFER,NONE,null,[ [0, 5, 0], [0, 5, 0], [0, 3, 2], [2, 3, 0] ]
: 2__SEND_EXPRESSION,NONE,happy
: 2__TIME,NONE,35
: 2__SEND_MESSAGE,OFFER_ACCEPT,That will work for me.
: 2__OFFER_IN_PROGRESS,NONE,null
: 2__TIME,NONE,40
: 2__SEND_OFFER,NONE,null,[ [0, 5, 0], [0, 5, 0], [0, 0, 5], [5, 0, 0] ]
: 2__SEND_EXPRESSION,NONE,happy
: 2__OFFER_IN_PROGRESS,NONE,null
: 2__SEND_MESSAGE,OFFER_ACCEPT,Your offer is good!
: 2__TIME,NONE,45
: 2__TIME,NONE,50
: 2__SEND_OFFER,NONE,null,[ [5, 0, 0], [0, 0, 5], [0, 0, 5], [5, 0, 0] ]
: 2__SEND_EXPRESSION,NONE,happy
: 2__FORMAL_ACCEPT,NONE,null
: 2__TIME,NONE,55
: 2__FORMAL_ACCEPT,NONE,null
: 2__GAME_START,NONE,null
: 2__GAME_END,NONE,null


id,agent0,agent1,userPoints,vhPoints,timedout,formallyQuit,numUserOffers,numVHOffers,numUserPref,numVHPref,numUserQuery,numVHQuery,numUserMsg,numVHMsg,numUserLie,numVHLie,numUserNeutral,numVHNeutral,numUserHappy,numVHHappy,numUserAngry,numVHAngry,numUserSad,numVHSad,numUserSurprised,numVHSurprised,numVHDisgusted,numVHInsincere,numVHAfraid,studyName,currentGame,gameEndTime,gameAllottedTime,numUserBATNALies,numVHBATNALies,initialOfferUserAlloc1,initialOfferUserAlloc2,initialOfferUserAlloc3,initialOfferUserAlloc4,initialOfferUserAlloc5,finalOfferUserAlloc1,finalOfferUserAlloc2,finalOfferUserAlloc3,finalOfferUserAlloc4,finalOfferUserAlloc5,initialOfferVHAlloc1,initialOfferVHAlloc2,initialOfferVHAlloc3,initialOfferVHAlloc4,initialOfferVHAlloc5,finalOfferVHAlloc1,finalOfferVHAlloc2,finalOfferVHAlloc3,finalOfferVHAlloc4,finalOfferVHAlloc5,numUserBATNA_INFO,numUserBATNA_REQUEST,numUserCONFUSION,numUserFAVOR_ACCEPT,numUserFAVOR_REJECT,numUserFAVOR_REQUEST,numUserFAVOR_RETURN,numUserGENERIC_NEG,numUserGENERIC_POS,numUserNONE,numUserOFFER_ACCEPT,numUserOFFER_PROPOSE,numUserOFFER_REJECT,numUserOFFER_REQUEST_NEG,numUserOFFER_REQUEST_POS,numUserPREF_INFO,numUserPREF_REQUEST,numUserPREF_SPECIFIC_REQUEST,numUserPREF_WITHHOLD,numUserTHREAT_NEG,numUserTHREAT_POS,numUserTIMING,numVHBATNA_INFO,numVHBATNA_REQUEST,numVHCONFUSION,numVHFAVOR_ACCEPT,numVHFAVOR_REJECT,numVHFAVOR_REQUEST,numVHFAVOR_RETURN,numVHGENERIC_NEG,numVHGENERIC_POS,numVHNONE,numVHOFFER_ACCEPT,numVHOFFER_PROPOSE,numVHOFFER_REJECT,numVHOFFER_REQUEST_NEG,numVHOFFER_REQUEST_POS,numVHPREF_INFO,numVHPREF_REQUEST,numVHPREF_SPECIFIC_REQUEST,numVHPREF_WITHHOLD,numVHTHREAT_NEG,numVHTHREAT_POS,numVHTIMING,like2,satisfy2,satisfyOther2,coopOther2,friendOther2,trustOther2,longOther2,fairOther2,honestOther5,emotionOther5,messageOther4,offerOther3,generalOther2,QuestionNeuroticism,QuestionExtraversioin,QuestionOpenness,QuestionAgreeableness,QuestionConscientiousness,Cooperativeness,Assertiveness,Neuroticism,Extraversion,Openness,Agreeableness,Conscientiousness,NeuroticismOffer,ExtraversionOffer,OpennessOffer,AgreeablenessOffer,ConscientiousnessOffer,NeuroticismBehavior,ExtraversionBehavior,OpennessBehavior,AgreeablenessBehavior,ConscientiousnessBehavior,offerWeight,behaviorWeight,agentUtil,playerUtil,t
2,player,PilotStudy,15,40,false,false,1,0,6,4,0,1,8,11,1,0,0,0,0,8,0,0,1,1,0,1,0,0,0,Dinamic,0,105,600,1,0,0,5,0,0,0,0,5,0,0,0,5,0,5,5,0,5,0,5,5,0,1,0,0,0,0,0,0,0,1,0,0,0,0,0,0,6,0,0,0,0,0,0,0,0,1,0,0,0,0,0,1,1,0,0,0,0,0,5,1,1,0,0,1,0,2.0,2.0,2.0,2.0,2.0,2.0,2.0,2.0,5.0,5.0,4.0,3.0,2.0,42,30,38,34,34,1.0,1.0,-10.0,-10.0,-10.0,-10.0,-10.0,-1.0,1.0,-1.0,1.0,0.0,-0.8666666666666667,0.9666666666666667,-1.0,-1.0,-0.29999999999999993,0.55,0.45,0.8,0.3,1

: Survey Results: 
: 2__SEND_MESSAGE,NONE,I'm glad to see you! Let's start negotiating!
: 2__TIME,NONE,5
: 2__SEND_MESSAGE,BATNA_INFO,Just so you know, I already have an offer for 45 points, so I won't accept anything less.
: 2__TIME,NONE,10
: 2__SEND_EXPRESSION,NONE,happy
: 2__SEND_MESSAGE,THREAT_POS,Well, since you can't accept anything less than 45 points and I can't accept anything that gets me less than 12 points, I don't think we'll be able to make a deal. Maybe we should just walk away.
: 2__TIME,NONE,15
: 2__TIME,NONE,20
: 2__TIME,NONE,25
: 2__SEND_MESSAGE,GENERIC_POS,We should try to split things evenly.
: 2__SEND_EXPRESSION,NONE,happy
: 2__TIME,NONE,30
: 2__SEND_MESSAGE,PREF_INFO,I agree!  What is your favorite item?,1: -1 2: -1 BEST true
: 2__TIME,NONE,35
: 2__OFFER_IN_PROGRESS,NONE,null
: 2__TIME,NONE,40
: 2__TIME,NONE,45
: 2__SEND_EXPRESSION,NONE,sad
: 2__SEND_EXPRESSION,NONE,sad
: 2__SEND_MESSAGE,GENERIC_POS,What's wrong?
: 2__TIME,NONE,50
: 2__TIME,NONE,55
: 2__SEND_MESSAGE,PREF_INFO,I like paintings more than cuckoo clocks.,1: 1 2: 3 GREATER_THAN false
: 2__SEND_EXPRESSION,NONE,happy
: 2__SEND_MESSAGE,PREF_INFO,I like paintings less than cuckoo clocks.,1: 1 2: 3 LESS_THAN false
: 2__TIME,NONE,60
: 2__SEND_MESSAGE,PREF_INFO,I like paintings more than something .,1: 1 2: -1 GREATER_THAN false
: 2__SEND_EXPRESSION,NONE,happy
: 2__SEND_MESSAGE,PREF_SPECIFIC_REQUEST,Can you be a little more specific? Saying "something" is confusing.
: 2__TIME,NONE,65
: 2__SEND_MESSAGE,PREF_INFO,I like paintings more than lamps.,1: 1 2: 0 GREATER_THAN false
: 2__SEND_EXPRESSION,NONE,happy
: 2__TIME,NONE,70
: 2__SEND_MESSAGE,PREF_INFO,I like paintings less than lamps.,1: 1 2: 0 LESS_THAN false
: 2__SEND_MESSAGE,PREF_INFO,I like boxes of records more than lamps.,1: 2 2: 0 GREATER_THAN false
: 2__TIME,NONE,75
: 2__SEND_EXPRESSION,NONE,happy
: 2__SEND_MESSAGE,PREF_INFO,I like boxes of records less than lamps.,1: 2 2: 0 LESS_THAN false
: 2__TIME,NONE,80
: 2__SEND_MESSAGE,PREF_INFO,I like paintings more than cuckoo clocks.,1: 1 2: 3 GREATER_THAN false
: 2__SEND_EXPRESSION,NONE,happy
: 2__TIME,NONE,85
: 2__SEND_MESSAGE,PREF_INFO,I like paintings less than cuckoo clocks.,1: 1 2: 3 LESS_THAN false
: 2__TIME,NONE,90
: 2__SEND_MESSAGE,PREF_INFO,I like cuckoo clocks more than paintings.,1: 3 2: 1 GREATER_THAN false
: 2__SEND_MESSAGE,PREF_REQUEST,By the way, will you tell me a little about your preferences?
: 2__SEND_EXPRESSION,NONE,surprised
: 2__TIME,NONE,95
: 2__SEND_MESSAGE,CONFUSION,I'm sorry.  I must be misunderstanding.  Earlier, you said: "I like paintings more than cuckoo clocks.", and "I like paintings more than something else..", and "I like paintings more than lamps.", and "I like boxes of records more than lamps.", and "I like paintings more than cuckoo clocks." Was that not correct? Once again, tell me your correct preferences!
: 2__TIME,NONE,100
: 2__TIME,NONE,105
: 2__SEND_OFFER,NONE,null,[ [5, 0, 0], [0, 0, 5], [5, 0, 0], [5, 0, 0] ]
: 2__SEND_EXPRESSION,NONE,happy
: 2__FORMAL_ACCEPT,NONE,null
: 2__FORMAL_ACCEPT,NONE,null
: 2__GAME_START,NONE,null
: 2__GAME_END,NONE,null


