id,agent0,agent1,userPoints,vhPoints,timedout,formallyQuit,numUserOffers,numVHOffers,numUserPref,numVHPref,numUserQuery,numVHQuery,numUserMsg,numVHMsg,numUserLie,numVHLie,numUserNeutral,numVHNeutral,numUserHappy,numVHHappy,numUserAngry,numVHAngry,numUserSad,numVHSad,numUserSurprised,numVHSurprised,numVHDisgusted,numVHInsincere,numVHAfraid,studyName,currentGame,gameEndTime,gameAllottedTime,numUserBATNALies,numVHBATNALies,initialOfferUserAlloc1,initialOfferUserAlloc2,initialOfferUserAlloc3,initialOfferUserAlloc4,initialOfferUserAlloc5,finalOfferUserAlloc1,finalOfferUserAlloc2,finalOfferUserAlloc3,finalOfferUserAlloc4,finalOfferUserAlloc5,initialOfferVHAlloc1,initialOfferVHAlloc2,initialOfferVHAlloc3,initialOfferVHAlloc4,initialOfferVHAlloc5,finalOfferVHAlloc1,finalOfferVHAlloc2,finalOfferVHAlloc3,finalOfferVHAlloc4,finalOfferVHAlloc5,numUserBATNA_INFO,numUserBATNA_REQUEST,numUserCONFUSION,numUserFAVOR_ACCEPT,numUserFAVOR_REJECT,numUserFAVOR_REQUEST,numUserFAVOR_RETURN,numUserGENERIC_NEG,numUserGENERIC_POS,numUserNONE,numUserOFFER_ACCEPT,numUserOFFER_PROPOSE,numUserOFFER_REJECT,numUserOFFER_REQUEST_NEG,numUserOFFER_REQUEST_POS,numUserPREF_INFO,numUserPREF_REQUEST,numUserPREF_SPECIFIC_REQUEST,numUserPREF_WITHHOLD,numUserTHREAT_NEG,numUserTHREAT_POS,numUserTIMING,numVHBATNA_INFO,numVHBATNA_REQUEST,numVHCONFUSION,numVHFAVOR_ACCEPT,numVHFAVOR_REJECT,numVHFAVOR_REQUEST,numVHFAVOR_RETURN,numVHGENERIC_NEG,numVHGENERIC_POS,numVHNONE,numVHOFFER_ACCEPT,numVHOFFER_PROPOSE,numVHOFFER_REJECT,numVHOFFER_REQUEST_NEG,numVHOFFER_REQUEST_POS,numVHPREF_INFO,numVHPREF_REQUEST,numVHPREF_SPECIFIC_REQUEST,numVHPREF_WITHHOLD,numVHTHREAT_NEG,numVHTHREAT_POS,numVHTIMING,like5,satisfy3,satisfyOther5,coopOther2,friendOther2,trustOther2,longOther3,fairOther2,honestOther2,emotionOther3,messageOther2,offerOther2,generalOther4,QuestionNeuroticism,QuestionExtraversioin,QuestionOpenness,QuestionAgreeableness,QuestionConscientiousness,Cooperativeness,Assertiveness,Neuroticism,Extraversion,Openness,Agreeableness,Conscientiousness,NeuroticismOffer,ExtraversionOffer,OpennessOffer,AgreeablenessOffer,ConscientiousnessOffer,NeuroticismBehavior,ExtraversionBehavior,OpennessBehavior,AgreeablenessBehavior,ConscientiousnessBehavior,offerWeight,behaviorWeight,agentUtil,playerUtil,t
2,player,StaticMentalist,29,39,false,false,5,2,0,1,1,0,4,10,0,0,0,0,1,8,1,0,0,3,1,1,0,0,0,Pilot,2,65,600,0,0,0,0,0,0,0,0,3,0,5,0,0,0,0,0,0,5,2,5,0,0,1,0,0,0,0,0,0,0,0,0,2,0,0,0,0,1,0,0,0,0,0,0,1,0,0,0,0,0,0,0,4,0,1,2,2,0,0,0,0,0,0,0,0,0,5.0,3.0,5.0,2.0,2.0,2.0,3.0,2.0,2.0,3.0,2.0,2.0,4.0,42,30,38,34,34,-0.21428571428571486:0.3421052631578946,1.0:0.8633316610994375,0.6000000000000001,0.0,0.3999999999999999,0.19999999999999996,0.19999999999999996,-1.0:-1.0,1.0:1.0,-1.0:-0.5804282100327021,0.6000000000000001:0.6925925925925926,0.0:-0.06833416945028126,-0.7333333333333334:-0.7333333333333334,1.0:1.0,-1.0:-1.0,-0.7333333333333334:-0.4666666666666667,-0.5666666666666667:-0.5666666666666667,0.85:0.8,0.15:0.2,0.4:0.78,0.4:0.58,2

: Survey Results: 
: 2__GAME_START,NONE,null
: 2__OFFER_IN_PROGRESS,NONE,null
: 2__TIME,NONE,5
: 2__GAME_START,NONE,null
: 2__GAME_START,NONE,null
: 2__SEND_OFFER,NONE,null,[ [0, 5, 0], [0, 5, 0], [0, 5, 0], [0, 5, 0] ]
: 2__TIME,NONE,10
: 2__SEND_EXPRESSION,NONE,sad
: 2__SEND_MESSAGE,OFFER_REJECT,Could you assign a few more items to me?
: 2__OFFER_IN_PROGRESS,NONE,null
: 2__TIME,NONE,15
: 2__SEND_MESSAGE,OFFER_PROPOSE,I think you'll find this offer to be satisfactory.
: 2__SEND_OFFER,NONE,null,[ [0, 4, 1], [0, 5, 0], [0, 5, 0], [1, 4, 0] ]
: 2__TIME,NONE,20
: 2__SEND_MESSAGE,OFFER_ACCEPT,Yes, I accept that offer.
: 2__SEND_EXPRESSION,NONE,happy
: 2__TIME,NONE,25
: 2__SEND_EXPRESSION,NONE,surprised
: 2__SEND_MESSAGE,GENERIC_POS,Great!
: 2__SEND_EXPRESSION,NONE,surprised
: 2__TIME,NONE,30
: 2__SEND_MESSAGE,PREF_INFO,Do you like barrels of oil best?,1: 2 2: -1 BEST true
: 2__SEND_EXPRESSION,NONE,happy
: 2__TIME,NONE,35
: 2__SEND_MESSAGE,GENERIC_POS,I like shipments of spices the best.,1: 3 2: -1 BEST false
: 2__TIME,NONE,40
: 2__OFFER_IN_PROGRESS,NONE,null
: 2__TIME,NONE,45
: 2__SEND_OFFER,NONE,null,[ [0, 0, 5], [0, 5, 0], [0, 5, 0], [5, 0, 0] ]
: 2__SEND_EXPRESSION,NONE,happy
: 2__SEND_MESSAGE,OFFER_ACCEPT,Let's find a good agreement while making concessions to each other!
: 2__TIME,NONE,50
: 2__TIME,NONE,55
: 2__OFFER_IN_PROGRESS,NONE,null
: 2__TIME,NONE,60
: 2__SEND_OFFER,NONE,null,[ [0, 0, 5], [0, 0, 5], [5, 0, 0], [5, 0, 0] ]
: 2__SEND_EXPRESSION,NONE,happy
: 2__TIME,NONE,65
: 2__FORMAL_ACCEPT,NONE,null
: 2__FORMAL_ACCEPT,NONE,null
: 2__GAME_START,NONE,null
: 2__GAME_START,NONE,null
: 2__GAME_END,NONE,null
: 2__GAME_START,NONE,null
: 2__GAME_START,NONE,null
: 2__GAME_START,NONE,null
: 2__SEND_EXPRESSION,NONE,happy
: 2__SEND_EXPRESSION,NONE,happy
: 2__TIME,NONE,5
: 2__SEND_MESSAGE,GENERIC_POS,Let's have fun!
: 2__SEND_EXPRESSION,NONE,angry
: 2__SEND_EXPRESSION,NONE,sad
: 2__TIME,NONE,10
: 2__TIME,NONE,15
: 2__SEND_MESSAGE,BATNA_INFO,Just so you know, I already have an offer for 12 points, so I won't accept anything less.
: 2__SEND_EXPRESSION,NONE,happy
: 2__TIME,NONE,20
: 2__SEND_MESSAGE,BATNA_INFO,In case you forgot, I already have an offer for 12 points, so anything that gets me more than 12 points will do.
: 2__TIME,NONE,25
: 2__OFFER_IN_PROGRESS,NONE,null
: 2__TIME,NONE,30
: 2__SEND_OFFER,NONE,null,[ [5, 0, 0], [0, 5, 0], [0, 5, 0], [0, 0, 5] ]
: 2__SEND_EXPRESSION,NONE,sad
: 2__TIME,NONE,35
: 2__SEND_MESSAGE,OFFER_REJECT,I won't be able to accept that.  So sorry. :(
: 2__OFFER_IN_PROGRESS,NONE,null
: 2__TIME,NONE,40
: 2__SEND_MESSAGE,OFFER_PROPOSE,I think you'll find this offer to be satisfactory.
: 2__SEND_OFFER,NONE,null,[ [5, 0, 0], [0, 5, 0], [2, 3, 0], [0, 1, 4] ]
: 2__TIME,NONE,45
: 2__SEND_MESSAGE,OFFER_ACCEPT,Yes, I accept that offer.
: 2__SEND_EXPRESSION,NONE,happy
: 2__TIME,NONE,50
: 2__SEND_MESSAGE,GENERIC_POS,Sounds good!
: 2__OFFER_IN_PROGRESS,NONE,null
: 2__TIME,NONE,55
: 2__TIME,NONE,60
: 2__SEND_OFFER,NONE,null,[ [5, 0, 0], [2, 0, 3], [5, 0, 0], [0, 0, 5] ]
: 2__SEND_EXPRESSION,NONE,happy
: 2__TIME,NONE,65
: 2__FORMAL_ACCEPT,NONE,null
: 2__FORMAL_ACCEPT,NONE,null
: 2__GAME_START,NONE,null
: 2__GAME_START,NONE,null
: 2__GAME_START,NONE,null
: 2__GAME_END,NONE,null


id,agent0,agent1,userPoints,vhPoints,timedout,formallyQuit,numUserOffers,numVHOffers,numUserPref,numVHPref,numUserQuery,numVHQuery,numUserMsg,numVHMsg,numUserLie,numVHLie,numUserNeutral,numVHNeutral,numUserHappy,numVHHappy,numUserAngry,numVHAngry,numUserSad,numVHSad,numUserSurprised,numVHSurprised,numVHDisgusted,numVHInsincere,numVHAfraid,studyName,currentGame,gameEndTime,gameAllottedTime,numUserBATNALies,numVHBATNALies,initialOfferUserAlloc1,initialOfferUserAlloc2,initialOfferUserAlloc3,initialOfferUserAlloc4,initialOfferUserAlloc5,finalOfferUserAlloc1,finalOfferUserAlloc2,finalOfferUserAlloc3,finalOfferUserAlloc4,finalOfferUserAlloc5,initialOfferVHAlloc1,initialOfferVHAlloc2,initialOfferVHAlloc3,initialOfferVHAlloc4,initialOfferVHAlloc5,finalOfferVHAlloc1,finalOfferVHAlloc2,finalOfferVHAlloc3,finalOfferVHAlloc4,finalOfferVHAlloc5,numUserBATNA_INFO,numUserBATNA_REQUEST,numUserCONFUSION,numUserFAVOR_ACCEPT,numUserFAVOR_REJECT,numUserFAVOR_REQUEST,numUserFAVOR_RETURN,numUserGENERIC_NEG,numUserGENERIC_POS,numUserNONE,numUserOFFER_ACCEPT,numUserOFFER_PROPOSE,numUserOFFER_REJECT,numUserOFFER_REQUEST_NEG,numUserOFFER_REQUEST_POS,numUserPREF_INFO,numUserPREF_REQUEST,numUserPREF_SPECIFIC_REQUEST,numUserPREF_WITHHOLD,numUserTHREAT_NEG,numUserTHREAT_POS,numUserTIMING,numVHBATNA_INFO,numVHBATNA_REQUEST,numVHCONFUSION,numVHFAVOR_ACCEPT,numVHFAVOR_REJECT,numVHFAVOR_REQUEST,numVHFAVOR_RETURN,numVHGENERIC_NEG,numVHGENERIC_POS,numVHNONE,numVHOFFER_ACCEPT,numVHOFFER_PROPOSE,numVHOFFER_REJECT,numVHOFFER_REQUEST_NEG,numVHOFFER_REQUEST_POS,numVHPREF_INFO,numVHPREF_REQUEST,numVHPREF_SPECIFIC_REQUEST,numVHPREF_WITHHOLD,numVHTHREAT_NEG,numVHTHREAT_POS,numVHTIMING,like5,satisfy4,satisfyOther2,coopOther3,friendOther2,trustOther2,longOther2,fairOther2,honestOther2,emotionOther2,messageOther2,offerOther2,generalOther2,QuestionNeuroticism,QuestionExtraversioin,QuestionOpenness,QuestionAgreeableness,QuestionConscientiousness,Cooperativeness,Assertiveness,Neuroticism,Extraversion,Openness,Agreeableness,Conscientiousness,NeuroticismOffer,ExtraversionOffer,OpennessOffer,AgreeablenessOffer,ConscientiousnessOffer,NeuroticismBehavior,ExtraversionBehavior,OpennessBehavior,AgreeablenessBehavior,ConscientiousnessBehavior,offerWeight,behaviorWeight,agentUtil,playerUtil,t
2,player,StaticMentalist,10,35,false,false,1,0,0,0,0,0,1,3,0,0,0,0,0,2,0,0,1,1,0,0,0,0,0,Pilot,1,50,600,0,0,0,0,5,0,0,0,0,5,0,0,5,5,0,5,0,5,5,0,5,0,0,0,0,0,0,0,0,0,1,0,0,0,0,0,0,0,0,0,0,0,0,0,0,0,0,0,0,0,0,0,2,1,0,0,0,0,0,0,0,0,0,0,0,0,5.0,4.0,2.0,3.0,2.0,2.0,2.0,2.0,2.0,2.0,2.0,2.0,2.0,42,30,38,34,34,1.0,1.0,0.6000000000000001,0.0,0.3999999999999999,0.19999999999999996,0.19999999999999996,-1.0,1.0,-1.0,1.0,0.0,-0.8666666666666667,0.6666666666666667,-1.0,-0.7333333333333334,-0.8,0.9,0.1,0.7,0.2,1

: Survey Results: 
: 2__GAME_END,NONE,null
: 2__GAME_START,NONE,null
: 2__GAME_START,NONE,null
: 2__SEND_MESSAGE,NONE,I'm glad to see you! Let's start negotiating!
: 2__TIME,NONE,5
: 2__TIME,NONE,10
: 2__TIME,NONE,15
: 2__TIME,NONE,20
: 2__TIME,NONE,25
: 2__SEND_MESSAGE,GENERIC_POS,We should try to split things evenly.
: 2__SEND_EXPRESSION,NONE,happy
: 2__TIME,NONE,30
: 2__SEND_MESSAGE,GENERIC_POS,If we have more information about each other, we have a fair deal. You can know my preferences via "Ask your opponent's preferences" or "So could you tell me about your preferences?".
: 2__SEND_EXPRESSION,NONE,sad
: 2__SEND_EXPRESSION,NONE,sad
: 2__TIME,NONE,35
: 2__SEND_MESSAGE,GENERIC_POS,I'm sorry. I didn't mean to provoke you.
: 2__OFFER_IN_PROGRESS,NONE,null
: 2__TIME,NONE,40
: 2__TIME,NONE,45
: 2__SEND_OFFER,NONE,null,[ [5, 0, 0], [5, 0, 0], [0, 0, 5], [5, 0, 0] ]
: 2__SEND_EXPRESSION,NONE,happy
: 2__FORMAL_ACCEPT,NONE,null
: 2__TIME,NONE,50
: 2__FORMAL_ACCEPT,NONE,null
: 2__GAME_START,NONE,null
: 2__GAME_START,NONE,null
: 2__GAME_END,NONE,null


