id,agent0,agent1,userPoints,vhPoints,timedout,formallyQuit,numUserOffers,numVHOffers,numUserPref,numVHPref,numUserQuery,numVHQuery,numUserMsg,numVHMsg,numUserLie,numVHLie,numUserNeutral,numVHNeutral,numUserHappy,numVHHappy,numUserAngry,numVHAngry,numUserSad,numVHSad,numUserSurprised,numVHSurprised,numVHDisgusted,numVHInsincere,numVHAfraid,studyName,currentGame,gameEndTime,gameAllottedTime,numUserBATNALies,numVHBATNALies,initialOfferUserAlloc1,initialOfferUserAlloc2,initialOfferUserAlloc3,initialOfferUserAlloc4,initialOfferUserAlloc5,finalOfferUserAlloc1,finalOfferUserAlloc2,finalOfferUserAlloc3,finalOfferUserAlloc4,finalOfferUserAlloc5,initialOfferVHAlloc1,initialOfferVHAlloc2,initialOfferVHAlloc3,initialOfferVHAlloc4,initialOfferVHAlloc5,finalOfferVHAlloc1,finalOfferVHAlloc2,finalOfferVHAlloc3,finalOfferVHAlloc4,finalOfferVHAlloc5,numUserBATNA_INFO,numUserBATNA_REQUEST,numUserCONFUSION,numUserFAVOR_ACCEPT,numUserFAVOR_REJECT,numUserFAVOR_REQUEST,numUserFAVOR_RETURN,numUserGENERIC_NEG,numUserGENERIC_POS,numUserNONE,numUserOFFER_ACCEPT,numUserOFFER_PROPOSE,numUserOFFER_REJECT,numUserOFFER_REQUEST_NEG,numUserOFFER_REQUEST_POS,numUserPREF_INFO,numUserPREF_REQUEST,numUserPREF_SPECIFIC_REQUEST,numUserPREF_WITHHOLD,numUserTHREAT_NEG,numUserTHREAT_POS,numUserTIMING,numVHBATNA_INFO,numVHBATNA_REQUEST,numVHCONFUSION,numVHFAVOR_ACCEPT,numVHFAVOR_REJECT,numVHFAVOR_REQUEST,numVHFAVOR_RETURN,numVHGENERIC_NEG,numVHGENERIC_POS,numVHNONE,numVHOFFER_ACCEPT,numVHOFFER_PROPOSE,numVHOFFER_REJECT,numVHOFFER_REQUEST_NEG,numVHOFFER_REQUEST_POS,numVHPREF_INFO,numVHPREF_REQUEST,numVHPREF_SPECIFIC_REQUEST,numVHPREF_WITHHOLD,numVHTHREAT_NEG,numVHTHREAT_POS,numVHTIMING,like4,satisfy5,satisfyOther3,coopOther1,friendOther2,trustOther4,longOther3,fairOther5,honestOther2,emotionOther4,messageOther3,offerOther2,generalOther4,QuestionNeuroticism,QuestionExtraversioin,QuestionOpenness,QuestionAgreeableness,QuestionConscientiousness,Cooperativeness,Assertiveness,Neuroticism,Extraversion,Openness,Agreeableness,Conscientiousness,NeuroticismOffer,ExtraversionOffer,OpennessOffer,AgreeablenessOffer,ConscientiousnessOffer,NeuroticismBehavior,ExtraversionBehavior,OpennessBehavior,AgreeablenessBehavior,ConscientiousnessBehavior,offerWeight,behaviorWeight,agentUtil,playerUtil,t,behaviorFreq,behaviorTimings,fastBehaviorNum,Offers
3,player,Mentalist,32,37,false,false,9,2,1,1,0,0,3,17,0,0,0,0,2,12,0,0,0,2,1,1,0,0,0,Dinamic,0,90,600,0,0,0,0,1,0,0,0,4,5,0,0,0,0,0,1,0,5,1,0,5,0,0,0,0,0,0,0,0,0,0,0,2,0,0,0,0,1,0,0,0,0,0,0,0,0,0,0,0,0,0,0,6,1,6,2,2,0,0,0,0,0,0,0,0,0,4.0,5.0,3.0,1.0,2.0,4.0,3.0,5.0,2.0,4.0,3.0,2.0,4.0,32,44,50,23,10,-0.21428571428571352:0.7000000000000003:0.6999999999999997:0.6750972762645916:0.40537084398976986:0.48640166871798673:0.5104387696744735:0.5641498567907899:0.3817289190904978,1.0:1.0:0.9417954802239088:0.17876819506819863:0.02387673691302894:0.43028528375886765:0.554177084424365:0.32050212009531265:0.1336496243551233,-1.0:-1.0:-1.0:-1.0:-1.0:-1.0:-1.0:-1.0:-1.0,1.0:1.0:1.0:1.0:1.0:1.0:1.0:1.0:1.0,-1.0:-0.6040728524308047:-0.4219466613465717:-0.03023386151729729:-0.2722102222444521:-0.25374834293113946:-0.4670472932354495:-0.188036173838634:-0.3366263508701818,0.5333333333333334:0.5614285714285715:0.5276190476190477:0.5244444444444445:0.49678657074340526:0.509102000976086:0.5496060037523454:0.5526523887973641:0.5430646368854506,0.7466666666666666:0.5225:0.4456070809784525:0.11372950024950165:0.08955069476521155:0.14885698140957535:0.1321564239929722:0.05095351981113713:0.02288847963540422,-1.0:-1.0:-1.0:-1.0:-1.0:-1.0:-1.0:-1.0:-1.0,1.0:1.0:1.0:1.0:1.0:1.0:1.0:1.0:1.0,-1.0:-0.5342033558009467:-0.27743332668321463:0.2122076731033784:-0.09026277780556513:-0.004997790574852612:-0.2386389903363565:0.1599483230876657:-0.05232335838597402,0.6000000000000001:0.7428571428571429:0.7428571428571429:0.7388888888888889:0.7043165467625898:0.7010248901903369:0.6994371482176363:0.7037891268533774:0.6900923384077866,0.8333333333333334:0.75:0.7486755178897322:0.3338285419785437:0.3036050351231811:0.4540315307683227:0.5173663199899603:0.4013621711587674:0.36126925662200604,-1.0:-1.0:-1.0:-1.0:-1.0:-1.0:-1.0:-1.0:-1.0,1.0:1.0:1.0:1.0:1.0:1.0:1.0:1.0:1.0,-1.0:-1.0:-1.0:-1.0:-1.0:-1.0:-1.0:-1.0:-1.0,-0.7333333333333334:-0.4666666666666667:-0.33333333333333337:-0.33333333333333337:-0.33333333333333337:-0.06666666666666665:0.19999999999999996:0.19999999999999996:0.19999999999999996,-0.9:-0.7666666666666667:-0.7666666666666667:-0.7666666666666667:-0.7666666666666667:-0.7666666666666667:-0.7666666666666667:-0.7666666666666667:-0.7666666666666667,0.95:0.85:0.8:0.8:0.8:0.75:0.7:0.7:0.7,0.05:0.15:0.2:0.2:0.2:0.25:0.3:0.3:0.3,0.08:0.24:0.32:0.4:0.46:0.58:0.64:0.7:0.74,0.08:0.16:0.24:0.32:0.4:0.46:0.52:0.58:0.64,9,8.0,30:35:40:50:60:65:65:70:75:80,1,aa a4: 1: 0b: a0: 3: 2b: a0: 0: 5b: a5: 0: 0b b: a a5: 0: 0b: a0: 2: 3b: a0: 0: 5b: a5: 0: 0b b: a a5: 0: 0b: a1: 0: 4b: a0: 0: 5b: a5: 0: 0b bb

: Survey Results: 
: 3__SEND_MESSAGE,NONE,I'm glad to see you! Let's start negotiating!
: 3__SEND_EXPRESSION,NONE,happy
: 3__SEND_EXPRESSION,NONE,happy
: 3__TIME,NONE,5
: 3__OFFER_IN_PROGRESS,NONE,null
: 3__SEND_MESSAGE,GENERIC_POS,Good!
: 3__SEND_OFFER,NONE,null,[ [0, 5, 0], [0, 5, 0], [0, 4, 1], [1, 4, 0] ]
: 3__TIME,NONE,10
: 3__SEND_EXPRESSION,NONE,sad
: 3__SEND_MESSAGE,OFFER_REJECT,I'm sorry, but this offer is unacceptable.
: 3__OFFER_IN_PROGRESS,NONE,null
: 3__TIME,NONE,15
: 3__SEND_MESSAGE,OFFER_PROPOSE,What do you think about this arrangement?
: 3__SEND_OFFER,NONE,null,[ [0, 5, 0], [0, 5, 0], [0, 4, 1], [2, 3, 0] ]
: 3__TIME,NONE,20
: 3__SEND_MESSAGE,OFFER_ACCEPT,Yes, I accept that offer.
: 3__SEND_MESSAGE,PREF_INFO,I like paintings more than cuckoo clocks.,1: 1 2: 3 GREATER_THAN false
: 3__SEND_EXPRESSION,NONE,happy
: 3__OFFER_IN_PROGRESS,NONE,null
: 3__SEND_MESSAGE,GENERIC_POS,Sounds good!
: 3__TIME,NONE,25
: 3__SEND_EXPRESSION,NONE,happy
: 3__SEND_OFFER,NONE,null,[ [0, 5, 0], [0, 5, 0], [0, 3, 2], [3, 2, 0] ]
: 3__SEND_MESSAGE,GENERIC_POS,This is useful information for me as we negotiate!,1: 1 2: 3 LESS_THAN false
: 3__TIME,NONE,30
: 3__SEND_EXPRESSION,NONE,happy
: 3__SEND_EXPRESSION,NONE,surprised
: 3__SEND_MESSAGE,OFFER_ACCEPT,That will work for me.
: 3__OFFER_IN_PROGRESS,NONE,null
: 3__SEND_EXPRESSION,NONE,surprised
: 3__TIME,NONE,35
: 3__SEND_OFFER,NONE,null,[ [0, 5, 0], [0, 5, 0], [0, 2, 3], [4, 1, 0] ]
: 3__SEND_MESSAGE,GENERIC_POS,Why are you surprised?
: 3__OFFER_IN_PROGRESS,NONE,null
: 3__SEND_EXPRESSION,NONE,happy
: 3__TIME,NONE,40
: 3__SEND_MESSAGE,OFFER_ACCEPT,This is a good offer for me. I hope it is good for you as well.
: 3__SEND_OFFER,NONE,null,[ [0, 5, 0], [0, 5, 0], [0, 1, 4], [5, 0, 0] ]
: 3__SEND_EXPRESSION,NONE,happy
: 3__OFFER_IN_PROGRESS,NONE,null
: 3__TIME,NONE,45
: 3__SEND_MESSAGE,OFFER_ACCEPT,Your offer is good!
: 3__GAME_START,NONE,null
: 3__TIME,NONE,50
: 3__SEND_OFFER,NONE,null,[ [1, 4, 0], [0, 5, 0], [0, 0, 5], [5, 0, 0] ]
: 3__SEND_EXPRESSION,NONE,sad
: 3__OFFER_IN_PROGRESS,NONE,null
: 3__SEND_MESSAGE,OFFER_REJECT,I'm sorry, but I don't think that's fair to me.
: 3__OFFER_IN_PROGRESS,NONE,null
: 3__TIME,NONE,55
: 3__SEND_MESSAGE,OFFER_PROPOSE,I would be very happy if you accept this deal.
: 3__TIME,NONE,60
: 3__SEND_OFFER,NONE,null,[ [2, 3, 0], [0, 5, 0], [0, 0, 5], [5, 0, 0] ]
: 3__SEND_MESSAGE,OFFER_ACCEPT,Yes, I accept that offer.
: 3__SEND_EXPRESSION,NONE,happy
: 3__OFFER_IN_PROGRESS,NONE,null
: 3__SEND_OFFER,NONE,null,[ [3, 2, 0], [0, 4, 1], [0, 0, 5], [5, 0, 0] ]
: 3__TIME,NONE,65
: 3__SEND_MESSAGE,GENERIC_POS,Let's keep looking for the best agreement at this rate!
: 3__SEND_EXPRESSION,NONE,happy
: 3__SEND_EXPRESSION,NONE,happy
: 3__SEND_MESSAGE,OFFER_ACCEPT,Yes. This deal will work.
: 3__TIME,NONE,70
: 3__SEND_EXPRESSION,NONE,happy
: 3__OFFER_IN_PROGRESS,NONE,null
: 3__SEND_MESSAGE,GENERIC_POS,I'm happy too!
: 3__SEND_OFFER,NONE,null,[ [4, 1, 0], [0, 3, 2], [0, 0, 5], [5, 0, 0] ]
: 3__TIME,NONE,75
: 3__OFFER_IN_PROGRESS,NONE,null
: 3__SEND_EXPRESSION,NONE,happy
: 3__SEND_MESSAGE,OFFER_ACCEPT,Thank you for conceding!
: 3__SEND_OFFER,NONE,null,[ [5, 0, 0], [0, 2, 3], [0, 0, 5], [5, 0, 0] ]
: 3__OFFER_IN_PROGRESS,NONE,null
: 3__SEND_EXPRESSION,NONE,happy
: 3__TIME,NONE,80
: 3__SEND_MESSAGE,OFFER_ACCEPT,Let's keep the negotiation going at this rate!
: 3__SEND_OFFER,NONE,null,[ [5, 0, 0], [1, 0, 4], [0, 0, 5], [5, 0, 0] ]
: 3__SEND_EXPRESSION,NONE,happy
: 3__FORMAL_ACCEPT,NONE,null
: 3__TIME,NONE,85
: 3__TIME,NONE,90
: 3__FORMAL_ACCEPT,NONE,null
: 3__GAME_START,NONE,null
: 3__GAME_END,NONE,null


