id,agent0,agent1,userPoints,vhPoints,timedout,formallyQuit,numUserOffers,numVHOffers,numUserPref,numVHPref,numUserQuery,numVHQuery,numUserMsg,numVHMsg,numUserLie,numVHLie,numUserNeutral,numVHNeutral,numUserHappy,numVHHappy,numUserAngry,numVHAngry,numUserSad,numVHSad,numUserSurprised,numVHSurprised,numVHDisgusted,numVHInsincere,numVHAfraid,studyName,currentGame,gameEndTime,gameAllottedTime,numUserBATNALies,numVHBATNALies,initialOfferUserAlloc1,initialOfferUserAlloc2,initialOfferUserAlloc3,initialOfferUserAlloc4,initialOfferUserAlloc5,finalOfferUserAlloc1,finalOfferUserAlloc2,finalOfferUserAlloc3,finalOfferUserAlloc4,finalOfferUserAlloc5,initialOfferVHAlloc1,initialOfferVHAlloc2,initialOfferVHAlloc3,initialOfferVHAlloc4,initialOfferVHAlloc5,finalOfferVHAlloc1,finalOfferVHAlloc2,finalOfferVHAlloc3,finalOfferVHAlloc4,finalOfferVHAlloc5,numUserBATNA_INFO,numUserBATNA_REQUEST,numUserCONFUSION,numUserFAVOR_ACCEPT,numUserFAVOR_REJECT,numUserFAVOR_REQUEST,numUserFAVOR_RETURN,numUserGENERIC_NEG,numUserGENERIC_POS,numUserNONE,numUserOFFER_ACCEPT,numUserOFFER_PROPOSE,numUserOFFER_REJECT,numUserOFFER_REQUEST_NEG,numUserOFFER_REQUEST_POS,numUserPREF_INFO,numUserPREF_REQUEST,numUserPREF_SPECIFIC_REQUEST,numUserPREF_WITHHOLD,numUserTHREAT_NEG,numUserTHREAT_POS,numUserTIMING,numVHBATNA_INFO,numVHBATNA_REQUEST,numVHCONFUSION,numVHFAVOR_ACCEPT,numVHFAVOR_REJECT,numVHFAVOR_REQUEST,numVHFAVOR_RETURN,numVHGENERIC_NEG,numVHGENERIC_POS,numVHNONE,numVHOFFER_ACCEPT,numVHOFFER_PROPOSE,numVHOFFER_REJECT,numVHOFFER_REQUEST_NEG,numVHOFFER_REQUEST_POS,numVHPREF_INFO,numVHPREF_REQUEST,numVHPREF_SPECIFIC_REQUEST,numVHPREF_WITHHOLD,numVHTHREAT_NEG,numVHTHREAT_POS,numVHTIMING,like5,satisfy1,satisfyOther3,coopOther2,friendOther1,trustOther3,longOther4,fairOther5,honestOther3,emotionOther1,messageOther2,offerOther1,generalOther2,QuestionNeuroticism,QuestionExtraversioin,QuestionOpenness,QuestionAgreeableness,QuestionConscientiousness,Cooperativeness,Assertiveness,Neuroticism,Extraversion,Openness,Agreeableness,Conscientiousness,NeuroticismOffer,ExtraversionOffer,OpennessOffer,AgreeablenessOffer,ConscientiousnessOffer,NeuroticismBehavior,ExtraversionBehavior,OpennessBehavior,AgreeablenessBehavior,ConscientiousnessBehavior,offerWeight,behaviorWeight,agentUtil,playerUtil,t
3,player,StaticMentalist,20,45,false,false,1,0,0,0,0,0,0,0,0,0,1,0,0,1,1,0,0,1,0,0,0,1,0,Static,1,35,600,0,0,5,0,0,0,0,5,0,0,0,0,0,5,5,5,0,0,5,5,5,0,0,0,0,0,0,0,0,0,0,0,0,0,0,0,0,0,0,0,0,0,0,0,0,0,0,0,0,0,0,0,0,0,0,0,0,0,0,0,0,0,0,0,0,0,5.0,1.0,3.0,2.0,1.0,3.0,4.0,5.0,3.0,1.0,2.0,1.0,2.0,34,10,42,38,30,1.0,1.0,0.19999999999999996,-1.0,0.6000000000000001,0.3999999999999999,0.0,-1.0,1.0,-1.0,0.9846153846153847,0.0,-0.7333333333333334,1.0,-1.0,-1.0,-0.8,0.9,0.1,0.9,0.4,1

: Survey Results: 
: 3__GAME_END,NONE,null
: 3__GAME_START,NONE,null
: 3__GAME_START,NONE,null
: 3__TIME,NONE,5
: 3__SEND_EXPRESSION,NONE,angry
: 3__TIME,NONE,10
: 3__SEND_EXPRESSION,NONE,sad
: 3__SEND_EXPRESSION,NONE,neutral
: 3__SEND_EXPRESSION,NONE,insincereSmile
: 3__TIME,NONE,15
: 3__OFFER_IN_PROGRESS,NONE,null
: 3__TIME,NONE,20
: 3__TIME,NONE,25
: 3__SEND_OFFER,NONE,null,[ [0, 0, 5], [5, 0, 0], [5, 0, 0], [5, 0, 0] ]
: 3__TIME,NONE,30
: 3__SEND_EXPRESSION,NONE,happy
: 3__FORMAL_ACCEPT,NONE,null
: 3__FORMAL_ACCEPT,NONE,null
: 3__GAME_START,NONE,null
: 3__GAME_START,NONE,null
: 3__TIME,NONE,35
: 3__GAME_END,NONE,null


id,agent0,agent1,userPoints,vhPoints,timedout,formallyQuit,numUserOffers,numVHOffers,numUserPref,numVHPref,numUserQuery,numVHQuery,numUserMsg,numVHMsg,numUserLie,numVHLie,numUserNeutral,numVHNeutral,numUserHappy,numVHHappy,numUserAngry,numVHAngry,numUserSad,numVHSad,numUserSurprised,numVHSurprised,numVHDisgusted,numVHInsincere,numVHAfraid,studyName,currentGame,gameEndTime,gameAllottedTime,numUserBATNALies,numVHBATNALies,initialOfferUserAlloc1,initialOfferUserAlloc2,initialOfferUserAlloc3,initialOfferUserAlloc4,initialOfferUserAlloc5,finalOfferUserAlloc1,finalOfferUserAlloc2,finalOfferUserAlloc3,finalOfferUserAlloc4,finalOfferUserAlloc5,initialOfferVHAlloc1,initialOfferVHAlloc2,initialOfferVHAlloc3,initialOfferVHAlloc4,initialOfferVHAlloc5,finalOfferVHAlloc1,finalOfferVHAlloc2,finalOfferVHAlloc3,finalOfferVHAlloc4,finalOfferVHAlloc5,numUserBATNA_INFO,numUserBATNA_REQUEST,numUserCONFUSION,numUserFAVOR_ACCEPT,numUserFAVOR_REJECT,numUserFAVOR_REQUEST,numUserFAVOR_RETURN,numUserGENERIC_NEG,numUserGENERIC_POS,numUserNONE,numUserOFFER_ACCEPT,numUserOFFER_PROPOSE,numUserOFFER_REJECT,numUserOFFER_REQUEST_NEG,numUserOFFER_REQUEST_POS,numUserPREF_INFO,numUserPREF_REQUEST,numUserPREF_SPECIFIC_REQUEST,numUserPREF_WITHHOLD,numUserTHREAT_NEG,numUserTHREAT_POS,numUserTIMING,numVHBATNA_INFO,numVHBATNA_REQUEST,numVHCONFUSION,numVHFAVOR_ACCEPT,numVHFAVOR_REJECT,numVHFAVOR_REQUEST,numVHFAVOR_RETURN,numVHGENERIC_NEG,numVHGENERIC_POS,numVHNONE,numVHOFFER_ACCEPT,numVHOFFER_PROPOSE,numVHOFFER_REJECT,numVHOFFER_REQUEST_NEG,numVHOFFER_REQUEST_POS,numVHPREF_INFO,numVHPREF_REQUEST,numVHPREF_SPECIFIC_REQUEST,numVHPREF_WITHHOLD,numVHTHREAT_NEG,numVHTHREAT_POS,numVHTIMING,like3,satisfy2,satisfyOther2,coopOther2,friendOther2,trustOther2,longOther2,fairOther2,honestOther3,emotionOther3,messageOther4,offerOther5,generalOther5,QuestionNeuroticism,QuestionExtraversioin,QuestionOpenness,QuestionAgreeableness,QuestionConscientiousness,Cooperativeness,Assertiveness,Neuroticism,Extraversion,Openness,Agreeableness,Conscientiousness,NeuroticismOffer,ExtraversionOffer,OpennessOffer,AgreeablenessOffer,ConscientiousnessOffer,NeuroticismBehavior,ExtraversionBehavior,OpennessBehavior,AgreeablenessBehavior,ConscientiousnessBehavior,offerWeight,behaviorWeight,agentUtil,playerUtil,t
3,player,StaticMentalist,12,12,true,false,0,3,0,1,1,0,5,8,0,0,0,0,0,2,0,0,0,1,0,0,1,1,0,Static,0,65,65,1,0,1,0,0,0,0,5,5,0,0,0,0,0,0,1,0,0,0,5,5,0,1,0,0,0,0,0,0,0,0,0,0,0,0,1,1,1,0,0,0,1,0,0,0,1,0,0,0,0,0,0,1,2,0,2,0,0,0,0,0,0,0,0,1,1,3.0,2.0,2.0,2.0,2.0,2.0,2.0,2.0,3.0,3.0,4.0,5.0,5.0,34,10,42,38,30,,,0.19999999999999996,-1.0,0.6000000000000001,0.3999999999999999,0.0,,,,,,,,,,,,,,,0

: Survey Results: 
: 3__SEND_MESSAGE,NONE,I'm glad to see you! Let's start negotiating!
: 3__TIME,NONE,5
: 3__SEND_MESSAGE,OFFER_REQUEST_POS,Would you please make an offer?
: 3__SEND_EXPRESSION,NONE,insincereSmile
: 3__TIME,NONE,10
: 3__GAME_START,NONE,null
: 3__SEND_MESSAGE,OFFER_PROPOSE,I think this deal is good for the both of us.
: 3__OFFER_IN_PROGRESS,NONE,null
: 3__TIME,NONE,15
: 3__SEND_OFFER,NONE,null,[ [0, 4, 1], [0, 5, 0], [0, 5, 0], [1, 4, 0] ]
: 3__TIME,NONE,20
: 3__SEND_MESSAGE,OFFER_REQUEST_NEG,What wrong with you? Hurry up and make an offer!
: 3__SEND_EXPRESSION,NONE,sad
: 3__SEND_MESSAGE,OFFER_PROPOSE,I think this arrangement would be beneficial to both.
: 3__TIME,NONE,25
: 3__OFFER_IN_PROGRESS,NONE,null
: 3__SEND_OFFER,NONE,null,[ [0, 4, 1], [0, 5, 0], [0, 5, 0], [1, 4, 0] ]
: 3__TIME,NONE,30
: 3__SEND_MESSAGE,BATNA_INFO,Just so you know, I already have an offer for 43 points, so I won't accept anything less.
: 3__SEND_EXPRESSION,NONE,happy
: 3__TIME,NONE,35
: 3__SEND_MESSAGE,THREAT_POS,Well, since you can't accept anything less than 43 points and I can't accept anything that gets me less than 12 points, I don't think we'll be able to make a deal. Maybe we should just walk away.
: 3__TIME,NONE,40
: 3__SEND_MESSAGE,TIMING,We're almost out of time!  Accept this quickly!
: 3__SEND_OFFER,NONE,null,[ [0, 0, 5], [0, 0, 5], [5, 0, 0], [5, 0, 0] ]
: 3__TIME,NONE,45
: 3__SEND_MESSAGE,THREAT_NEG,You making me want to walk away from this!
: 3__SEND_EXPRESSION,NONE,disgusted
: 3__TIME,NONE,50
: 3__SEND_MESSAGE,BATNA_REQUEST,Oh well, I guess we really should walk away. Are you sure you can't accept anything less than 43 points?
: 3__TIME,NONE,55
: 3__SEND_MESSAGE,PREF_INFO,Do you like barrels of oil more than shipments of spices?,1: 2 2: 3 GREATER_THAN true
: 3__SEND_EXPRESSION,NONE,happy
: 3__TIME,NONE,60
: 3__SEND_MESSAGE,GENERIC_POS,I like barrels of oil less than shipments of spices.,1: 2 2: 3 LESS_THAN false
: 3__TIME,NONE,65
: 3__GAME_START,NONE,null
: 3__SEND_MESSAGE,NONE,It's good to see you again!  Let's get ready to negotiate again.
: 3__GAME_END,NONE,null


