id,agent0,agent1,userPoints,vhPoints,timedout,formallyQuit,numUserOffers,numVHOffers,numUserPref,numVHPref,numUserQuery,numVHQuery,numUserMsg,numVHMsg,numUserLie,numVHLie,numUserNeutral,numVHNeutral,numUserHappy,numVHHappy,numUserAngry,numVHAngry,numUserSad,numVHSad,numUserSurprised,numVHSurprised,numVHDisgusted,numVHInsincere,numVHAfraid,studyName,currentGame,gameEndTime,gameAllottedTime,numUserBATNALies,numVHBATNALies,initialOfferUserAlloc1,initialOfferUserAlloc2,initialOfferUserAlloc3,initialOfferUserAlloc4,initialOfferUserAlloc5,finalOfferUserAlloc1,finalOfferUserAlloc2,finalOfferUserAlloc3,finalOfferUserAlloc4,finalOfferUserAlloc5,initialOfferVHAlloc1,initialOfferVHAlloc2,initialOfferVHAlloc3,initialOfferVHAlloc4,initialOfferVHAlloc5,finalOfferVHAlloc1,finalOfferVHAlloc2,finalOfferVHAlloc3,finalOfferVHAlloc4,finalOfferVHAlloc5,numUserBATNA_INFO,numUserBATNA_REQUEST,numUserCONFUSION,numUserFAVOR_ACCEPT,numUserFAVOR_REJECT,numUserFAVOR_REQUEST,numUserFAVOR_RETURN,numUserGENERIC_NEG,numUserGENERIC_POS,numUserNONE,numUserOFFER_ACCEPT,numUserOFFER_PROPOSE,numUserOFFER_REJECT,numUserOFFER_REQUEST_NEG,numUserOFFER_REQUEST_POS,numUserPREF_INFO,numUserPREF_REQUEST,numUserPREF_SPECIFIC_REQUEST,numUserPREF_WITHHOLD,numUserTHREAT_NEG,numUserTHREAT_POS,numUserTIMING,numVHBATNA_INFO,numVHBATNA_REQUEST,numVHCONFUSION,numVHFAVOR_ACCEPT,numVHFAVOR_REJECT,numVHFAVOR_REQUEST,numVHFAVOR_RETURN,numVHGENERIC_NEG,numVHGENERIC_POS,numVHNONE,numVHOFFER_ACCEPT,numVHOFFER_PROPOSE,numVHOFFER_REJECT,numVHOFFER_REQUEST_NEG,numVHOFFER_REQUEST_POS,numVHPREF_INFO,numVHPREF_REQUEST,numVHPREF_SPECIFIC_REQUEST,numVHPREF_WITHHOLD,numVHTHREAT_NEG,numVHTHREAT_POS,numVHTIMING,like2,satisfy3,satisfyOther2,coopOther3,friendOther5,trustOther2,longOther2,fairOther5,honestOther2,emotionOther3,messageOther2,offerOther2,generalOther3,QuestionNeuroticism,QuestionExtraversioin,QuestionOpenness,QuestionAgreeableness,QuestionConscientiousness,Cooperativeness,Assertiveness,Neuroticism,Extraversion,Openness,Agreeableness,Conscientiousness,NeuroticismOffer,ExtraversionOffer,OpennessOffer,AgreeablenessOffer,ConscientiousnessOffer,NeuroticismBehavior,ExtraversionBehavior,OpennessBehavior,AgreeablenessBehavior,ConscientiousnessBehavior,offerWeight,behaviorWeight,agentUtil,playerUtil,t
7,player,PilotStudy,22,42,false,false,1,0,0,0,0,0,0,1,0,0,0,0,0,1,0,0,0,0,0,0,0,0,0,Static,1,25,600,0,0,5,0,1,0,0,5,0,1,0,0,0,5,4,5,0,0,5,4,5,0,0,0,0,0,0,0,0,0,0,0,0,0,0,0,0,0,0,0,0,0,0,0,0,0,0,0,0,0,0,0,0,1,0,0,0,0,0,0,0,0,0,0,0,0,2.0,3.0,2.0,3.0,5.0,2.0,2.0,5.0,2.0,3.0,2.0,2.0,3.0,25,30,25,25,29,1.0,1.0,-10.0,-10.0,-10.0,-10.0,-10.0,-1.0,1.0,-1.0,0.9125000000000001,0.0,-1.0,0.33333333333333337,-1.0,-1.0,-1.0,1.0,0.0,0.84,0.44,1

: Survey Results: 
: 7__FORMAL_ACCEPT,NONE,null
: 7__GAME_START,NONE,null
: 7__GAME_END,NONE,null
: 7__GAME_START,NONE,null
: 7__GAME_START,NONE,null
: 7__SEND_MESSAGE,NONE,I'm glad to see you! Let's start negotiating!
: 7__TIME,NONE,5
: 7__TIME,NONE,10
: 7__OFFER_IN_PROGRESS,NONE,null
: 7__TIME,NONE,15
: 7__TIME,NONE,20
: 7__SEND_OFFER,NONE,null,[ [0, 0, 5], [5, 0, 0], [4, 0, 1], [5, 0, 0] ]
: 7__SEND_EXPRESSION,NONE,happy
: 7__FORMAL_ACCEPT,NONE,null
: 7__TIME,NONE,25
: 7__FORMAL_ACCEPT,NONE,null
: 7__GAME_START,NONE,null
: 7__GAME_START,NONE,null
: 7__GAME_END,NONE,null


