id,agent0,agent1,userPoints,vhPoints,timedout,formallyQuit,numUserOffers,numVHOffers,numUserPref,numVHPref,numUserQuery,numVHQuery,numUserMsg,numVHMsg,numUserLie,numVHLie,numUserNeutral,numVHNeutral,numUserHappy,numVHHappy,numUserAngry,numVHAngry,numUserSad,numVHSad,numUserSurprised,numVHSurprised,numVHDisgusted,numVHInsincere,numVHAfraid,studyName,currentGame,gameEndTime,gameAllottedTime,numUserBATNALies,numVHBATNALies,initialOfferUserAlloc1,initialOfferUserAlloc2,initialOfferUserAlloc3,initialOfferUserAlloc4,initialOfferUserAlloc5,finalOfferUserAlloc1,finalOfferUserAlloc2,finalOfferUserAlloc3,finalOfferUserAlloc4,finalOfferUserAlloc5,initialOfferVHAlloc1,initialOfferVHAlloc2,initialOfferVHAlloc3,initialOfferVHAlloc4,initialOfferVHAlloc5,finalOfferVHAlloc1,finalOfferVHAlloc2,finalOfferVHAlloc3,finalOfferVHAlloc4,finalOfferVHAlloc5,numUserBATNA_INFO,numUserBATNA_REQUEST,numUserCONFUSION,numUserFAVOR_ACCEPT,numUserFAVOR_REJECT,numUserFAVOR_REQUEST,numUserFAVOR_RETURN,numUserGENERIC_NEG,numUserGENERIC_POS,numUserNONE,numUserOFFER_ACCEPT,numUserOFFER_PROPOSE,numUserOFFER_REJECT,numUserOFFER_REQUEST_NEG,numUserOFFER_REQUEST_POS,numUserPREF_INFO,numUserPREF_REQUEST,numUserPREF_SPECIFIC_REQUEST,numUserPREF_WITHHOLD,numUserTHREAT_NEG,numUserTHREAT_POS,numUserTIMING,numVHBATNA_INFO,numVHBATNA_REQUEST,numVHCONFUSION,numVHFAVOR_ACCEPT,numVHFAVOR_REJECT,numVHFAVOR_REQUEST,numVHFAVOR_RETURN,numVHGENERIC_NEG,numVHGENERIC_POS,numVHNONE,numVHOFFER_ACCEPT,numVHOFFER_PROPOSE,numVHOFFER_REJECT,numVHOFFER_REQUEST_NEG,numVHOFFER_REQUEST_POS,numVHPREF_INFO,numVHPREF_REQUEST,numVHPREF_SPECIFIC_REQUEST,numVHPREF_WITHHOLD,numVHTHREAT_NEG,numVHTHREAT_POS,numVHTIMING,like2,satisfy2,satisfyOther2,coopOther2,friendOther2,trustOther2,longOther2,fairOther2,honestOther2,emotionOther2,messageOther2,offerOther2,generalOther2,QuestionNeuroticism,QuestionExtraversioin,QuestionOpenness,QuestionAgreeableness,QuestionConscientiousness,Cooperativeness,Assertiveness,Neuroticism,Extraversion,Openness,Agreeableness,Conscientiousness,NeuroticismOffer,ExtraversionOffer,OpennessOffer,AgreeablenessOffer,ConscientiousnessOffer,NeuroticismBehavior,ExtraversionBehavior,OpennessBehavior,AgreeablenessBehavior,ConscientiousnessBehavior,offerWeight,behaviorWeight,agentUtil,playerUtil,t,behaviorFreq,behaviorTimings,fastBehaviorNum,Offers
0,player,Mentalist,15,35,false,false,3,1,1,1,0,0,1,9,0,0,0,0,1,3,1,0,1,3,1,1,0,0,0,Static,0,70,600,0,0,0,0,1,1,0,2,0,3,1,0,0,1,0,2,0,3,5,2,4,0,0,0,0,0,0,0,0,0,0,0,0,0,0,0,0,1,0,0,0,0,0,0,0,0,0,0,0,0,0,0,5,1,1,1,1,0,0,0,0,0,0,0,0,0,2.0,2.0,2.0,2.0,2.0,2.0,2.0,2.0,2.0,2.0,2.0,2.0,2.0,12,30,12,16,14,1.0:1.0:1.0,1.0:-1.0:1.0,-0.8:-0.8:-0.8,1.0:1.0:1.0,-1.0:0.5:-0.46220677705755964,0.5333333333333333:0.31228070175438616:0.43787878787878787,0.15833333333333333:-0.5291666666666667:-0.05000000000000007,-1.0:-1.0:-1.0,1.0:1.0:1.0,-1.0:1.0:-0.28294236941007955,1.0:0.705263157894737:0.8727272727272728,0.33333333333333337:-0.5833333333333334:0.05555555555555547,-0.19999999999999996:-0.19999999999999996:-0.19999999999999996,1.0:1.0:1.0,-1.0:-1.0:-1.0,-0.8666666666666667:-0.8666666666666667:-0.8666666666666667,-0.3666666666666667:-0.3666666666666667:-0.3666666666666667,0.75:0.75:0.75,0.25:0.25:0.25,0.2:0.22:0.7,0.06:0.28:0.3,3,8.125,0:5:5:10:15:40:50:65,5,aa a0: 5: 0b: a1: 4: 0b: a0: 4: 1b: a2: 2: 1b b: a a1: 2: 2b: a1: 3: 1b: a0: 4: 1b: a2: 2: 1b b: a a3: 0: 2b: a5: 0: 0b: a2: 0: 3b: a4: 0: 1b bb

: Survey Results: 
: 0__SEND_MESSAGE,NONE,I'm glad to see you! Let's start negotiating!
: 0__SEND_EXPRESSION,NONE,happy
: 0__SEND_EXPRESSION,NONE,surprised
: 0__SEND_EXPRESSION,NONE,sad
: 0__SEND_EXPRESSION,NONE,surprised
: 0__SEND_EXPRESSION,NONE,angry
: 0__TIME,NONE,5
: 0__SEND_MESSAGE,GENERIC_POS,Great!
: 0__SEND_EXPRESSION,NONE,sad
: 0__TIME,NONE,10
: 0__SEND_MESSAGE,GENERIC_POS,What, did I surprise you?
: 0__SEND_EXPRESSION,NONE,sad
: 0__TIME,NONE,15
: 0__SEND_MESSAGE,PREF_INFO,I like barrels of oil more than shipments of spices.,1: 2 2: 3 GREATER_THAN false
: 0__SEND_MESSAGE,GENERIC_POS,What's going on?
: 0__TIME,NONE,20
: 0__SEND_MESSAGE,GENERIC_POS,I'm sorry... I have no animosity towards you...
: 0__SEND_EXPRESSION,NONE,happy
: 0__TIME,NONE,25
: 0__SEND_MESSAGE,GENERIC_POS,Thank you! If you want to know my preference, use the "Ask your opponent's preferences" or "So could you tell me about your preferences?".,1: 2 2: 3 LESS_THAN false
: 0__TIME,NONE,30
: 0__TIME,NONE,35
: 0__OFFER_IN_PROGRESS,NONE,null
: 0__TIME,NONE,40
: 0__SEND_OFFER,NONE,null,[ [0, 5, 0], [1, 4, 0], [0, 4, 1], [2, 2, 1] ]
: 0__SEND_EXPRESSION,NONE,happy
: 0__SEND_MESSAGE,OFFER_ACCEPT,That seems like a good deal.
: 0__TIME,NONE,45
: 0__OFFER_IN_PROGRESS,NONE,null
: 0__TIME,NONE,50
: 0__SEND_OFFER,NONE,null,[ [1, 2, 2], [1, 3, 1], [0, 4, 1], [2, 2, 1] ]
: 0__SEND_EXPRESSION,NONE,sad
: 0__SEND_MESSAGE,OFFER_REJECT,I'm sorry, but this offer is unacceptable.
: 0__OFFER_IN_PROGRESS,NONE,null
: 0__TIME,NONE,55
: 0__SEND_MESSAGE,OFFER_PROPOSE,I think this deal is good for the both of us.
: 0__SEND_OFFER,NONE,null,[ [0, 3, 2], [1, 4, 0], [2, 2, 1], [4, 0, 1] ]
: 0__TIME,NONE,60
: 0__OFFER_IN_PROGRESS,NONE,null
: 0__TIME,NONE,65
: 0__SEND_OFFER,NONE,null,[ [3, 0, 2], [5, 0, 0], [2, 0, 3], [4, 0, 1] ]
: 0__SEND_EXPRESSION,NONE,happy
: 0__TIME,NONE,70
: 0__FORMAL_ACCEPT,NONE,null
: 0__FORMAL_ACCEPT,NONE,null
: 0__GAME_START,NONE,null
: 0__GAME_END,NONE,null


