id,agent0,agent1,userPoints,vhPoints,timedout,formallyQuit,numUserOffers,numVHOffers,numUserPref,numVHPref,numUserQuery,numVHQuery,numUserMsg,numVHMsg,numUserLie,numVHLie,numUserNeutral,numVHNeutral,numUserHappy,numVHHappy,numUserAngry,numVHAngry,numUserSad,numVHSad,numUserSurprised,numVHSurprised,numVHDisgusted,numVHInsincere,numVHAfraid,studyName,currentGame,gameEndTime,gameAllottedTime,numUserBATNALies,numVHBATNALies,initialOfferUserAlloc1,initialOfferUserAlloc2,initialOfferUserAlloc3,initialOfferUserAlloc4,initialOfferUserAlloc5,finalOfferUserAlloc1,finalOfferUserAlloc2,finalOfferUserAlloc3,finalOfferUserAlloc4,finalOfferUserAlloc5,initialOfferVHAlloc1,initialOfferVHAlloc2,initialOfferVHAlloc3,initialOfferVHAlloc4,initialOfferVHAlloc5,finalOfferVHAlloc1,finalOfferVHAlloc2,finalOfferVHAlloc3,finalOfferVHAlloc4,finalOfferVHAlloc5,numUserBATNA_INFO,numUserBATNA_REQUEST,numUserCONFUSION,numUserFAVOR_ACCEPT,numUserFAVOR_REJECT,numUserFAVOR_REQUEST,numUserFAVOR_RETURN,numUserGENERIC_NEG,numUserGENERIC_POS,numUserNONE,numUserOFFER_ACCEPT,numUserOFFER_PROPOSE,numUserOFFER_REJECT,numUserOFFER_REQUEST_NEG,numUserOFFER_REQUEST_POS,numUserPREF_INFO,numUserPREF_REQUEST,numUserPREF_SPECIFIC_REQUEST,numUserPREF_WITHHOLD,numUserTHREAT_NEG,numUserTHREAT_POS,numUserTIMING,numVHBATNA_INFO,numVHBATNA_REQUEST,numVHCONFUSION,numVHFAVOR_ACCEPT,numVHFAVOR_REJECT,numVHFAVOR_REQUEST,numVHFAVOR_RETURN,numVHGENERIC_NEG,numVHGENERIC_POS,numVHNONE,numVHOFFER_ACCEPT,numVHOFFER_PROPOSE,numVHOFFER_REJECT,numVHOFFER_REQUEST_NEG,numVHOFFER_REQUEST_POS,numVHPREF_INFO,numVHPREF_REQUEST,numVHPREF_SPECIFIC_REQUEST,numVHPREF_WITHHOLD,numVHTHREAT_NEG,numVHTHREAT_POS,numVHTIMING,like2,satisfy2,satisfyOther3,coopOther3,friendOther2,trustOther3,longOther3,fairOther2,honestOther2,emotionOther2,messageOther3,offerOther3,generalOther2,QuestionNeuroticism,QuestionExtraversioin,QuestionOpenness,QuestionAgreeableness,QuestionConscientiousness,Cooperativeness,Assertiveness,Neuroticism,Extraversion,Openness,Agreeableness,Conscientiousness,NeuroticismOffer,ExtraversionOffer,OpennessOffer,AgreeablenessOffer,ConscientiousnessOffer,NeuroticismBehavior,ExtraversionBehavior,OpennessBehavior,AgreeablenessBehavior,ConscientiousnessBehavior,offerWeight,behaviorWeight,agentUtil,playerUtil,t,behaviorFreq,behaviorTimings,fastBehaviorNum,Offers
0,player,PilotStudy,17,42,false,false,4,1,0,0,0,0,0,9,0,0,0,0,1,4,1,0,1,4,1,0,0,0,0,Pilot,0,60,600,0,0,0,0,0,1,0,0,1,1,3,0,0,0,1,1,0,5,4,4,2,0,0,0,0,0,0,0,0,0,0,0,0,0,0,0,0,0,0,0,0,0,0,0,0,0,0,0,0,0,0,0,4,1,2,1,1,0,0,0,0,0,0,0,0,0,2.0,2.0,3.0,3.0,2.0,3.0,3.0,2.0,2.0,2.0,3.0,3.0,2.0,12,30,12,16,14,1.0:1.0:1.0:1.0,1.0:0.2648802971759817:1.0:1.0,-10.0,-10.0,-10.0,-10.0,-10.0,-1.0:-1.0:-1.0:-0.5384615384615385,1.0:1.0:1.0:1.0,-1.0:-0.1768184506209346:-0.2387486239591612:-1.0,0.6000000000000001:0.7612903225806451:0.7666666666666666:0.8950558213716109,0.6666666666666667:0.13244014858799086:0.38888888888888884:0.17222222222222217,-0.4666666666666667:-0.4666666666666667:-0.4666666666666667:-0.4666666666666667,1.0:1.0:1.0:1.0,-1.0:-1.0:-1.0:-1.0,-0.7333333333333334:-0.7333333333333334:-0.7333333333333334:-0.7333333333333334,-0.6:-0.6:-0.6:-0.6,0.8:0.8:0.8:0.8,0.2:0.2:0.2:0.2,0.08:0.28:0.48:0.84,0.08:0.18:0.34:0.34,4,6.875,0:0:5:10:20:35:45:55,4,aa a2: 3: 0b: a1: 3: 1b: a1: 3: 1b: a1: 3: 1b b: a a2: 3: 0b: a1: 3: 1b: a4: 0: 1b: a2: 0: 3b b: a a5: 0: 0b: a4: 0: 1b: a4: 0: 1b: a2: 0: 3b bb

: Survey Results: 
: 0__SEND_MESSAGE,NONE,I'm glad to see you! Let's start negotiating!
: 0__SEND_EXPRESSION,NONE,happy
: 0__SEND_EXPRESSION,NONE,happy
: 0__SEND_EXPRESSION,NONE,angry
: 0__TIME,NONE,5
: 0__SEND_EXPRESSION,NONE,surprised
: 0__SEND_MESSAGE,GENERIC_POS,Well, at least you're happy!
: 0__SEND_EXPRESSION,NONE,sad
: 0__SEND_EXPRESSION,NONE,sad
: 0__TIME,NONE,10
: 0__SEND_MESSAGE,GENERIC_POS,What's wrong?
: 0__SEND_EXPRESSION,NONE,sad
: 0__TIME,NONE,15
: 0__OFFER_IN_PROGRESS,NONE,null
: 0__SEND_MESSAGE,GENERIC_POS,What, did I surprise you?
: 0__SEND_EXPRESSION,NONE,sad
: 0__SEND_OFFER,NONE,null,[ [0, 5, 0], [0, 5, 0], [1, 4, 0], [1, 3, 1] ]
: 0__TIME,NONE,20
: 0__SEND_MESSAGE,GENERIC_POS,What's wrong?
: 0__SEND_EXPRESSION,NONE,sad
: 0__OFFER_IN_PROGRESS,NONE,null
: 0__TIME,NONE,25
: 0__SEND_MESSAGE,OFFER_REJECT,Apologies, but that won't work for me.
: 0__OFFER_IN_PROGRESS,NONE,null
: 0__TIME,NONE,30
: 0__SEND_MESSAGE,OFFER_PROPOSE,I think this deal will interest you.
: 0__SEND_OFFER,NONE,null,[ [2, 3, 0], [0, 5, 0], [0, 5, 0], [0, 4, 1] ]
: 0__OFFER_IN_PROGRESS,NONE,null
: 0__TIME,NONE,35
: 0__SEND_OFFER,NONE,null,[ [2, 3, 0], [1, 3, 1], [1, 3, 1], [1, 3, 1] ]
: 0__TIME,NONE,40
: 0__SEND_EXPRESSION,NONE,happy
: 0__OFFER_IN_PROGRESS,NONE,null
: 0__SEND_MESSAGE,OFFER_ACCEPT,That seems like a good deal.
: 0__TIME,NONE,45
: 0__SEND_OFFER,NONE,null,[ [2, 3, 0], [1, 3, 1], [4, 0, 1], [2, 0, 3] ]
: 0__SEND_EXPRESSION,NONE,happy
: 0__SEND_MESSAGE,OFFER_ACCEPT,That will work for me.
: 0__GAME_START,NONE,null
: 0__TIME,NONE,50
: 0__OFFER_IN_PROGRESS,NONE,null
: 0__TIME,NONE,55
: 0__SEND_OFFER,NONE,null,[ [5, 0, 0], [4, 0, 1], [4, 0, 1], [2, 0, 3] ]
: 0__SEND_EXPRESSION,NONE,happy
: 0__FORMAL_ACCEPT,NONE,null
: 0__FORMAL_ACCEPT,NONE,null
: 0__GAME_START,NONE,null
: 0__TIME,NONE,60
: 0__GAME_END,NONE,null


