id,agent0,agent1,userPoints,vhPoints,timedout,formallyQuit,numUserOffers,numVHOffers,numUserPref,numVHPref,numUserQuery,numVHQuery,numUserMsg,numVHMsg,numUserLie,numVHLie,numUserNeutral,numVHNeutral,numUserHappy,numVHHappy,numUserAngry,numVHAngry,numUserSad,numVHSad,numUserSurprised,numVHSurprised,numVHDisgusted,numVHInsincere,numVHAfraid,studyName,currentGame,gameEndTime,gameAllottedTime,numUserBATNALies,numVHBATNALies,initialOfferUserAlloc1,initialOfferUserAlloc2,initialOfferUserAlloc3,initialOfferUserAlloc4,initialOfferUserAlloc5,finalOfferUserAlloc1,finalOfferUserAlloc2,finalOfferUserAlloc3,finalOfferUserAlloc4,finalOfferUserAlloc5,initialOfferVHAlloc1,initialOfferVHAlloc2,initialOfferVHAlloc3,initialOfferVHAlloc4,initialOfferVHAlloc5,finalOfferVHAlloc1,finalOfferVHAlloc2,finalOfferVHAlloc3,finalOfferVHAlloc4,finalOfferVHAlloc5,numUserBATNA_INFO,numUserBATNA_REQUEST,numUserCONFUSION,numUserFAVOR_ACCEPT,numUserFAVOR_REJECT,numUserFAVOR_REQUEST,numUserFAVOR_RETURN,numUserGENERIC_NEG,numUserGENERIC_POS,numUserNONE,numUserOFFER_ACCEPT,numUserOFFER_PROPOSE,numUserOFFER_REJECT,numUserOFFER_REQUEST_NEG,numUserOFFER_REQUEST_POS,numUserPREF_INFO,numUserPREF_REQUEST,numUserPREF_SPECIFIC_REQUEST,numUserPREF_WITHHOLD,numUserTHREAT_NEG,numUserTHREAT_POS,numUserTIMING,numVHBATNA_INFO,numVHBATNA_REQUEST,numVHCONFUSION,numVHFAVOR_ACCEPT,numVHFAVOR_REJECT,numVHFAVOR_REQUEST,numVHFAVOR_RETURN,numVHGENERIC_NEG,numVHGENERIC_POS,numVHNONE,numVHOFFER_ACCEPT,numVHOFFER_PROPOSE,numVHOFFER_REJECT,numVHOFFER_REQUEST_NEG,numVHOFFER_REQUEST_POS,numVHPREF_INFO,numVHPREF_REQUEST,numVHPREF_SPECIFIC_REQUEST,numVHPREF_WITHHOLD,numVHTHREAT_NEG,numVHTHREAT_POS,numVHTIMING,like2,satisfy2,satisfyOther2,coopOther2,friendOther2,trustOther2,longOther2,fairOther2,honestOther2,emotionOther2,messageOther2,offerOther2,generalOther4,QuestionNeuroticism,QuestionExtraversioin,QuestionOpenness,QuestionAgreeableness,QuestionConscientiousness,Cooperativeness,Assertiveness,Neuroticism,Extraversion,Openness,Agreeableness,Conscientiousness,NeuroticismOffer,ExtraversionOffer,OpennessOffer,AgreeablenessOffer,ConscientiousnessOffer,NeuroticismBehavior,ExtraversionBehavior,OpennessBehavior,AgreeablenessBehavior,ConscientiousnessBehavior,offerWeight,behaviorWeight,agentUtil,playerUtil,t
0,player,StaticMentalist,0,50,false,false,1,0,2,6,3,0,9,13,0,0,0,0,0,8,0,0,0,2,0,0,0,2,0,Dinamic,0,155,600,0,0,0,0,0,0,0,0,0,0,0,0,5,5,5,5,0,5,5,5,5,0,2,1,0,0,0,0,0,0,0,0,0,0,0,0,0,5,1,0,0,0,0,0,3,0,0,0,0,0,0,0,5,1,0,0,0,0,0,1,1,0,0,0,0,2,2.0,2.0,2.0,2.0,2.0,2.0,2.0,2.0,2.0,2.0,2.0,2.0,4.0,12,30,12,16,14,1.0,1.0,-0.9,0.0,-0.9,-0.7,-0.8,1.0,-1.0,-1.0,1.0,0.0,-1.0,0.7,0.6000000000000001,-1.0,0.7000000000000001,0.55,0.45,1.0,0.0,1

: Survey Results: 
: 0__SEND_MESSAGE,NONE,I'm glad to see you! Let's start negotiating!
: 0__TIME,NONE,5
: 0__TIME,NONE,10
: 0__SEND_MESSAGE,PREF_INFO,Do you like lamps more than cuckoo clocks?,1: 0 2: 3 GREATER_THAN true
: 0__SEND_EXPRESSION,NONE,happy
: 0__SEND_MESSAGE,GENERIC_POS,I like lamps less than cuckoo clocks.,1: 0 2: 3 LESS_THAN false
: 0__TIME,NONE,15
: 0__TIME,NONE,20
: 0__TIME,NONE,25
: 0__TIME,NONE,30
: 0__TIME,NONE,35
: 0__TIME,NONE,40
: 0__SEND_EXPRESSION,NONE,sad
: 0__SEND_MESSAGE,TIMING,No rush, but are you going to send me an offer?
: 0__TIME,NONE,45
: 0__TIME,NONE,50
: 0__TIME,NONE,55
: 0__TIME,NONE,60
: 0__TIME,NONE,65
: 0__TIME,NONE,70
: 0__SEND_EXPRESSION,NONE,sad
: 0__SEND_MESSAGE,TIMING,Can I do anything to help us reach a deal that's good for us both?
: 0__TIME,NONE,75
: 0__TIME,NONE,80
: 0__TIME,NONE,85
: 0__TIME,NONE,90
: 0__SEND_MESSAGE,PREF_REQUEST,By the way, will you tell me a little about your preferences?
: 0__TIME,NONE,95
: 0__TIME,NONE,100
: 0__SEND_MESSAGE,PREF_INFO,Do you like lamps more than cuckoo clocks?,1: 0 2: 3 GREATER_THAN true
: 0__SEND_EXPRESSION,NONE,happy
: 0__SEND_MESSAGE,GENERIC_POS,I like lamps less than cuckoo clocks.,1: 0 2: 3 LESS_THAN false
: 0__TIME,NONE,105
: 0__SEND_MESSAGE,PREF_INFO,Do you like lamps more than cuckoo clocks?,1: 0 2: 3 GREATER_THAN true
: 0__SEND_EXPRESSION,NONE,happy
: 0__SEND_MESSAGE,GENERIC_POS,I like lamps less than cuckoo clocks.,1: 0 2: 3 LESS_THAN false
: 0__TIME,NONE,110
: 0__SEND_MESSAGE,PREF_INFO,I like lamps more than cuckoo clocks.,1: 0 2: 3 GREATER_THAN false
: 0__SEND_EXPRESSION,NONE,happy
: 0__SEND_MESSAGE,GENERIC_POS,This is very informative! Thank you!,1: 0 2: 3 LESS_THAN false
: 0__TIME,NONE,115
: 0__SEND_MESSAGE,PREF_INFO,I like lamps more than cuckoo clocks.,1: 0 2: 3 GREATER_THAN false
: 0__SEND_EXPRESSION,NONE,happy
: 0__TIME,NONE,120
: 0__SEND_MESSAGE,GENERIC_POS,Thank you for sharing your preference.,1: 0 2: 3 LESS_THAN false
: 0__SEND_MESSAGE,PREF_REQUEST,So could you tell me about your preferences?
: 0__SEND_EXPRESSION,NONE,insincereSmile
: 0__SEND_MESSAGE,PREF_INFO,I like paintings more than boxes of records.,1: 1 2: 2 GREATER_THAN false
: 0__TIME,NONE,125
: 0__SEND_MESSAGE,BATNA_INFO,Just so you know, I already have an offer for 12 points, so I won't accept anything less.
: 0__SEND_EXPRESSION,NONE,happy
: 0__TIME,NONE,130
: 0__SEND_MESSAGE,BATNA_INFO,In case you forgot, I already have an offer for 12 points, so anything that gets me more than 12 points will do.
: 0__SEND_MESSAGE,BATNA_INFO,Just so you know, I already have an offer for 12 points, so I won't accept anything less.
: 0__SEND_EXPRESSION,NONE,happy
: 0__TIME,NONE,135
: 0__SEND_MESSAGE,BATNA_INFO,In case you forgot, I already have an offer for 12 points, so anything that gets me more than 12 points will do.
: 0__SEND_MESSAGE,BATNA_REQUEST,So could you tell me what's your bottom line?
: 0__SEND_EXPRESSION,NONE,insincereSmile
: 0__TIME,NONE,140
: 0__OFFER_IN_PROGRESS,NONE,null
: 0__SEND_MESSAGE,BATNA_INFO,I already have an offer for 12 points, so anything that gets me more than 12 points will do.
: 0__TIME,NONE,145
: 0__SEND_OFFER,NONE,null,[ [5, 0, 0], [5, 0, 0], [5, 0, 0], [5, 0, 0] ]
: 0__TIME,NONE,150
: 0__SEND_EXPRESSION,NONE,happy
: 0__FORMAL_ACCEPT,NONE,null
: 0__FORMAL_ACCEPT,NONE,null
: 0__GAME_START,NONE,null
: 0__TIME,NONE,155
: 0__GAME_END,NONE,null


