id,agent0,agent1,userPoints,vhPoints,timedout,formallyQuit,numUserOffers,numVHOffers,numUserPref,numVHPref,numUserQuery,numVHQuery,numUserMsg,numVHMsg,numUserLie,numVHLie,numUserNeutral,numVHNeutral,numUserHappy,numVHHappy,numUserAngry,numVHAngry,numUserSad,numVHSad,numUserSurprised,numVHSurprised,numVHDisgusted,numVHInsincere,numVHAfraid,studyName,currentGame,gameEndTime,gameAllottedTime,numUserBATNALies,numVHBATNALies,initialOfferUserAlloc1,initialOfferUserAlloc2,initialOfferUserAlloc3,initialOfferUserAlloc4,initialOfferUserAlloc5,finalOfferUserAlloc1,finalOfferUserAlloc2,finalOfferUserAlloc3,finalOfferUserAlloc4,finalOfferUserAlloc5,initialOfferVHAlloc1,initialOfferVHAlloc2,initialOfferVHAlloc3,initialOfferVHAlloc4,initialOfferVHAlloc5,finalOfferVHAlloc1,finalOfferVHAlloc2,finalOfferVHAlloc3,finalOfferVHAlloc4,finalOfferVHAlloc5,numUserBATNA_INFO,numUserBATNA_REQUEST,numUserCONFUSION,numUserFAVOR_ACCEPT,numUserFAVOR_REJECT,numUserFAVOR_REQUEST,numUserFAVOR_RETURN,numUserGENERIC_NEG,numUserGENERIC_POS,numUserNONE,numUserOFFER_ACCEPT,numUserOFFER_PROPOSE,numUserOFFER_REJECT,numUserOFFER_REQUEST_NEG,numUserOFFER_REQUEST_POS,numUserPREF_INFO,numUserPREF_REQUEST,numUserPREF_SPECIFIC_REQUEST,numUserPREF_WITHHOLD,numUserTHREAT_NEG,numUserTHREAT_POS,numUserTIMING,numVHBATNA_INFO,numVHBATNA_REQUEST,numVHCONFUSION,numVHFAVOR_ACCEPT,numVHFAVOR_REJECT,numVHFAVOR_REQUEST,numVHFAVOR_RETURN,numVHGENERIC_NEG,numVHGENERIC_POS,numVHNONE,numVHOFFER_ACCEPT,numVHOFFER_PROPOSE,numVHOFFER_REJECT,numVHOFFER_REQUEST_NEG,numVHOFFER_REQUEST_POS,numVHPREF_INFO,numVHPREF_REQUEST,numVHPREF_SPECIFIC_REQUEST,numVHPREF_WITHHOLD,numVHTHREAT_NEG,numVHTHREAT_POS,numVHTIMING,like4,QuestionNeuroticism,QuestionExtraversioin,QuestionOpenness,QuestionAgreeableness,QuestionConscientiousness,Cooperativeness,Assertiveness,Neuroticism,Extraversion,Openness,Agreeableness,Conscientiousness
false,player,Mentalist,0,50,false,false,1,0,0,0,0,0,0,2,0,0,0,0,2,3,0,0,0,0,0,0,0,0,0,FavorPart2,1,255,420,0,0,0,0,0,0,0,0,0,0,0,0,5,5,5,5,0,5,5,5,5,0,0,0,0,0,0,0,0,0,0,0,0,0,0,0,0,0,0,0,0,0,0,0,1,0,0,0,0,0,0,0,1,0,0,0,0,0,0,0,0,0,0,0,0,0,4.0,42,27,38,34,34,1.0,1.0,0.0,0.0,0.0,0.0,0.0

: Survey Results: 
: false__TIME,NONE,255
: false__GAME_END,NONE,null
: false__GAME_START,NONE,null
: false__GAME_START,NONE,null
: false__SEND_MESSAGE,BATNA_INFO,Just so you know, I already have an offer for 12 points, so I won't accept anything less.   What about you?
: false__TIME,NONE,5
: false__SEND_EXPRESSION,NONE,happy
: false__SEND_EXPRESSION,NONE,happy
: false__TIME,NONE,10
: false__TIME,NONE,15
: false__SEND_EXPRESSION,NONE,happy
: false__SEND_EXPRESSION,NONE,happy
: false__TIME,NONE,20
: false__SEND_MESSAGE,GENERIC_POS,Great!
: false__OFFER_IN_PROGRESS,NONE,null
: false__TIME,NONE,25
: false__TIME,NONE,30
: false__SEND_OFFER,NONE,null,[ [5, 0, 0], [5, 0, 0], [5, 0, 0], [5, 0, 0] ]
: false__SEND_EXPRESSION,NONE,happy
: false__FORMAL_ACCEPT,NONE,null
: false__FORMAL_ACCEPT,NONE,null
: false__GAME_START,NONE,null
: false__GAME_START,NONE,null
: false__TIME,NONE,35
: false__GAME_END,NONE,null


