id,agent0,agent1,userPoints,vhPoints,timedout,formallyQuit,numUserOffers,numVHOffers,numUserPref,numVHPref,numUserQuery,numVHQuery,numUserMsg,numVHMsg,numUserLie,numVHLie,numUserNeutral,numVHNeutral,numUserHappy,numVHHappy,numUserAngry,numVHAngry,numUserSad,numVHSad,numUserSurprised,numVHSurprised,numVHDisgusted,numVHInsincere,numVHAfraid,studyName,currentGame,gameEndTime,gameAllottedTime,numUserBATNALies,numVHBATNALies,initialOfferUserAlloc1,initialOfferUserAlloc2,initialOfferUserAlloc3,initialOfferUserAlloc4,initialOfferUserAlloc5,finalOfferUserAlloc1,finalOfferUserAlloc2,finalOfferUserAlloc3,finalOfferUserAlloc4,finalOfferUserAlloc5,initialOfferVHAlloc1,initialOfferVHAlloc2,initialOfferVHAlloc3,initialOfferVHAlloc4,initialOfferVHAlloc5,finalOfferVHAlloc1,finalOfferVHAlloc2,finalOfferVHAlloc3,finalOfferVHAlloc4,finalOfferVHAlloc5,numUserBATNA_INFO,numUserBATNA_REQUEST,numUserCONFUSION,numUserFAVOR_ACCEPT,numUserFAVOR_REJECT,numUserFAVOR_REQUEST,numUserFAVOR_RETURN,numUserGENERIC_NEG,numUserGENERIC_POS,numUserNONE,numUserOFFER_ACCEPT,numUserOFFER_PROPOSE,numUserOFFER_REJECT,numUserOFFER_REQUEST_NEG,numUserOFFER_REQUEST_POS,numUserPREF_INFO,numUserPREF_REQUEST,numUserPREF_SPECIFIC_REQUEST,numUserPREF_WITHHOLD,numUserTHREAT_NEG,numUserTHREAT_POS,numUserTIMING,numVHBATNA_INFO,numVHBATNA_REQUEST,numVHCONFUSION,numVHFAVOR_ACCEPT,numVHFAVOR_REJECT,numVHFAVOR_REQUEST,numVHFAVOR_RETURN,numVHGENERIC_NEG,numVHGENERIC_POS,numVHNONE,numVHOFFER_ACCEPT,numVHOFFER_PROPOSE,numVHOFFER_REJECT,numVHOFFER_REQUEST_NEG,numVHOFFER_REQUEST_POS,numVHPREF_INFO,numVHPREF_REQUEST,numVHPREF_SPECIFIC_REQUEST,numVHPREF_WITHHOLD,numVHTHREAT_NEG,numVHTHREAT_POS,numVHTIMING,like1,favorYes,QuestionNeuroticism,QuestionExtraversioin,QuestionOpenness,QuestionAgreeableness,QuestionConscientiousness,Cooperativeness,Assertiveness,Neuroticism,Extraversion,Openness,Agreeableness,Conscientiousness
false,player,PilotStudy,3,82,false,false,1,3,1,2,1,1,3,17,1,0,0,1,2,6,1,0,1,4,1,0,0,0,0,FavorPart1,0,255,600,0,0,0,1,0,0,0,0,1,0,0,0,0,0,0,1,0,5,4,5,5,0,0,0,0,0,0,0,0,0,1,0,0,0,0,0,0,2,0,0,0,0,0,0,1,0,0,0,0,1,0,0,5,0,0,3,0,0,0,3,1,0,0,0,0,3,1.0,Yes,42,27,38,34,34,-10,-10,-10,-10,-10,-10,-10

: Survey Results: 
: false__SEND_MESSAGE,BATNA_INFO,Just so you know, I already have an offer for 12 points, so I won't accept anything less.   What about you?
: false__SEND_MESSAGE,FAVOR_REQUEST,Excuse me, but there is a super-valuable item here for me!  If you accept my favor request, I'll promise to pay you back in a future round!
: false__SEND_EXPRESSION,NONE,surprised
: false__TIME,NONE,5
: false__SEND_EXPRESSION,NONE,neutral
: false__SEND_MESSAGE,GENERIC_POS,What, did I surprise you?
: false__TIME,NONE,10
: false__SEND_EXPRESSION,NONE,happy
: false__SEND_EXPRESSION,NONE,happy
: false__TIME,NONE,15
: false__SEND_MESSAGE,GENERIC_POS,Well, at least you're happy!
: false__SEND_EXPRESSION,NONE,happy
: false__SEND_EXPRESSION,NONE,happy
: false__TIME,NONE,20
: false__SEND_MESSAGE,GENERIC_POS,Well, at least you're happy!
: false__SEND_EXPRESSION,NONE,sad
: false__SEND_EXPRESSION,NONE,sad
: false__TIME,NONE,25
: false__SEND_MESSAGE,GENERIC_POS,What's wrong?
: false__SEND_EXPRESSION,NONE,angry
: false__SEND_EXPRESSION,NONE,sad
: false__TIME,NONE,30
: false__SEND_MESSAGE,GENERIC_POS,What's wrong?
: false__TIME,NONE,35
: false__SEND_MESSAGE,PREF_INFO,Do you like paintings more than boxes of records?,1: 1 2: 2 GREATER_THAN true
: false__SEND_EXPRESSION,NONE,happy
: false__TIME,NONE,40
: false__SEND_MESSAGE,PREF_INFO,I like paintings more than boxes of records.,1: 1 2: 2 GREATER_THAN false
: false__TIME,NONE,45
: false__SEND_MESSAGE,PREF_INFO,I like paintings more than boxes of records.,1: 1 2: 2 GREATER_THAN false
: false__SEND_EXPRESSION,NONE,happy
: false__SEND_MESSAGE,PREF_INFO,I like paintings more than boxes of records.,1: 1 2: 2 GREATER_THAN false
: false__TIME,NONE,50
: false__SEND_MESSAGE,GENERIC_POS,We should each get our most valuable item.
: false__SEND_EXPRESSION,NONE,happy
: false__TIME,NONE,55
: false__SEND_MESSAGE,PREF_INFO,I agree!  Why don't we make sure you get your favorite item, and I get mine?  Yours is lamps, right?,1: 0 2: -1 BEST true
: false__TIME,NONE,60
: false__TIME,NONE,65
: false__TIME,NONE,70
: false__TIME,NONE,75
: false__TIME,NONE,80
: false__TIME,NONE,85
: false__SEND_EXPRESSION,NONE,sad
: false__SEND_MESSAGE,TIMING,Can I do anything to help us reach a deal that's good for us both?
: false__TIME,NONE,90
: false__SEND_MESSAGE,PREF_REQUEST,By the way, will you tell me a little about your preferences?
: false__TIME,NONE,95
: false__TIME,NONE,100
: false__TIME,NONE,105
: false__TIME,NONE,110
: false__TIME,NONE,115
: false__OFFER_IN_PROGRESS,NONE,null
: false__SEND_MESSAGE,OFFER_PROPOSE,I think this arrangement is fair.
: false__SEND_OFFER,NONE,null,[ [0, 5, 0], [0, 4, 1], [0, 5, 0], [1, 4, 0] ]
: false__TIME,NONE,120
: false__TIME,NONE,125
: false__TIME,NONE,130
: false__TIME,NONE,135
: false__TIME,NONE,140
: false__TIME,NONE,145
: false__SEND_MESSAGE,TIMING,Hello? Are you still there?
: false__TIME,NONE,150
: false__TIME,NONE,155
: false__TIME,NONE,160
: false__TIME,NONE,165
: false__TIME,NONE,170
: false__OFFER_IN_PROGRESS,NONE,null
: false__SEND_MESSAGE,OFFER_PROPOSE,Please consider this deal?
: false__SEND_OFFER,NONE,null,[ [0, 5, 0], [0, 4, 1], [0, 5, 0], [1, 4, 0] ]
: false__TIME,NONE,175
: false__TIME,NONE,180
: false__TIME,NONE,185
: false__TIME,NONE,190
: false__TIME,NONE,195
: false__TIME,NONE,200
: false__SEND_EXPRESSION,NONE,sad
: false__SEND_MESSAGE,TIMING,Can I provide more information to help us reach consensus?
: false__TIME,NONE,205
: false__TIME,NONE,210
: false__TIME,NONE,215
: false__TIME,NONE,220
: false__TIME,NONE,225
: false__OFFER_IN_PROGRESS,NONE,null
: false__SEND_MESSAGE,OFFER_PROPOSE,I think this deal will interest you.
: false__SEND_OFFER,NONE,null,[ [0, 5, 0], [0, 4, 1], [0, 5, 0], [1, 4, 0] ]
: false__TIME,NONE,230
: false__TIME,NONE,235
: false__OFFER_IN_PROGRESS,NONE,null
: false__TIME,NONE,240
: false__TIME,NONE,245
: false__SEND_OFFER,NONE,null,[ [5, 0, 0], [4, 0, 1], [5, 0, 0], [5, 0, 0] ]
: false__SEND_EXPRESSION,NONE,happy
: false__FORMAL_ACCEPT,NONE,null
: false__TIME,NONE,250
: false__FORMAL_ACCEPT,NONE,null
: false__GAME_START,NONE,null
: false__TIME,NONE,255
: false__GAME_END,NONE,null


id,agent0,agent1,userPoints,vhPoints,timedout,formallyQuit,numUserOffers,numVHOffers,numUserPref,numVHPref,numUserQuery,numVHQuery,numUserMsg,numVHMsg,numUserLie,numVHLie,numUserNeutral,numVHNeutral,numUserHappy,numVHHappy,numUserAngry,numVHAngry,numUserSad,numVHSad,numUserSurprised,numVHSurprised,numVHDisgusted,numVHInsincere,numVHAfraid,studyName,currentGame,gameEndTime,gameAllottedTime,numUserBATNALies,numVHBATNALies,initialOfferUserAlloc1,initialOfferUserAlloc2,initialOfferUserAlloc3,initialOfferUserAlloc4,initialOfferUserAlloc5,finalOfferUserAlloc1,finalOfferUserAlloc2,finalOfferUserAlloc3,finalOfferUserAlloc4,finalOfferUserAlloc5,initialOfferVHAlloc1,initialOfferVHAlloc2,initialOfferVHAlloc3,initialOfferVHAlloc4,initialOfferVHAlloc5,finalOfferVHAlloc1,finalOfferVHAlloc2,finalOfferVHAlloc3,finalOfferVHAlloc4,finalOfferVHAlloc5,numUserBATNA_INFO,numUserBATNA_REQUEST,numUserCONFUSION,numUserFAVOR_ACCEPT,numUserFAVOR_REJECT,numUserFAVOR_REQUEST,numUserFAVOR_RETURN,numUserGENERIC_NEG,numUserGENERIC_POS,numUserNONE,numUserOFFER_ACCEPT,numUserOFFER_PROPOSE,numUserOFFER_REJECT,numUserOFFER_REQUEST_NEG,numUserOFFER_REQUEST_POS,numUserPREF_INFO,numUserPREF_REQUEST,numUserPREF_SPECIFIC_REQUEST,numUserPREF_WITHHOLD,numUserTHREAT_NEG,numUserTHREAT_POS,numUserTIMING,numVHBATNA_INFO,numVHBATNA_REQUEST,numVHCONFUSION,numVHFAVOR_ACCEPT,numVHFAVOR_REJECT,numVHFAVOR_REQUEST,numVHFAVOR_RETURN,numVHGENERIC_NEG,numVHGENERIC_POS,numVHNONE,numVHOFFER_ACCEPT,numVHOFFER_PROPOSE,numVHOFFER_REJECT,numVHOFFER_REQUEST_NEG,numVHOFFER_REQUEST_POS,numVHPREF_INFO,numVHPREF_REQUEST,numVHPREF_SPECIFIC_REQUEST,numVHPREF_WITHHOLD,numVHTHREAT_NEG,numVHTHREAT_POS,numVHTIMING,like5,QuestionNeuroticism,QuestionExtraversioin,QuestionOpenness,QuestionAgreeableness,QuestionConscientiousness,Cooperativeness,Assertiveness,Neuroticism,Extraversion,Openness,Agreeableness,Conscientiousness,NeuroticismOffer,ExtraversionOffer,OpennessOffer,AgreeablenessOffer,ConscientiousnessOffer,NeuroticismBehavior,ExtraversionBehavior,OpennessBehavior,AgreeablenessBehavior,ConscientiousnessBehavior,offerWeight,behaviorWeight,agentUtil,playerUtil,t
false,player,PilotStudy,8,48,false,false,4,1,1,2,1,0,2,12,1,1,0,0,1,7,1,0,2,3,1,1,0,0,0,Pilot,2,145,420,0,0,0,0,1,0,0,0,0,0,2,0,0,0,4,5,0,5,5,5,3,0,0,0,0,0,0,0,0,0,0,0,0,0,0,0,0,2,0,0,0,0,0,0,0,0,0,0,0,0,0,0,5,0,2,1,0,0,0,1,1,0,0,0,0,2,5.0,42,27,38,34,34,-10.0,-10.0,-10.0,-10.0,-10.0,-10.0,-10.0,-1.0:0.23076923076923084,1.0:0.23076923076923084,-1.0:-0.8149487950272583,1.0:1.0,0.0:-0.24021333735184858,-0.8666666666666667:-0.6,-1.0:0.11111111111111116,-1.0:-1.0,-1.0:-0.7333333333333334,-0.9:-1.0,0.95:0.8,0.05:0.2,0.62:0.96,0.24:0.16,2

: Survey Results: 
: false__GAME_START,NONE,null
: false__TIME,NONE,5
: false__SEND_EXPRESSION,NONE,sad
: false__SEND_EXPRESSION,NONE,sad
: false__SEND_MESSAGE,GENERIC_POS,What's going on?
: false__TIME,NONE,10
: false__SEND_EXPRESSION,NONE,surprised
: false__SEND_EXPRESSION,NONE,surprised
: false__TIME,NONE,15
: false__SEND_MESSAGE,PREF_INFO,Do you like bars of gold more than shipments of spices?,1: 1 2: 3 GREATER_THAN true
: false__SEND_EXPRESSION,NONE,happy
: false__TIME,NONE,20
: false__SEND_MESSAGE,GENERIC_POS,I like bars of gold less than shipments of spices.,1: 1 2: 3 LESS_THAN false
: false__OFFER_IN_PROGRESS,NONE,null
: false__TIME,NONE,25
: false__TIME,NONE,30
: false__SEND_OFFER,NONE,null,[ [0, 5, 0], [0, 5, 0], [4, 0, 1], [5, 0, 0] ]
: false__SEND_EXPRESSION,NONE,happy
: false__SEND_MESSAGE,OFFER_ACCEPT,Let's find a good agreement while making concessions to each other!
: false__OFFER_IN_PROGRESS,NONE,null
: false__TIME,NONE,35
: false__TIME,NONE,40
: false__SEND_OFFER,NONE,null,[ [5, 0, 0], [3, 0, 2], [4, 0, 1], [5, 0, 0] ]
: false__SEND_EXPRESSION,NONE,happy
: false__FORMAL_ACCEPT,NONE,null
: false__TIME,NONE,45
: false__FORMAL_ACCEPT,NONE,null
: false__GAME_START,NONE,null
: false__GAME_START,NONE,null
: false__GAME_END,NONE,null
: false__GAME_START,NONE,null
: false__GAME_START,NONE,null
: false__GAME_START,NONE,null
: false__TIME,NONE,5
: false__TIME,NONE,10
: false__TIME,NONE,15
: false__TIME,NONE,20
: false__TIME,NONE,25
: false__TIME,NONE,30
: false__SEND_MESSAGE,TIMING,I'm sorry, but are you still there?
: false__TIME,NONE,35
: false__TIME,NONE,40
: false__TIME,NONE,45
: false__TIME,NONE,50
: false__TIME,NONE,55
: false__OFFER_IN_PROGRESS,NONE,null
: false__SEND_MESSAGE,OFFER_PROPOSE,Please consider this deal?
: false__SEND_OFFER,NONE,null,[ [1, 4, 0], [0, 5, 0], [0, 5, 0], [0, 4, 1] ]
: false__TIME,NONE,60
: false__TIME,NONE,65
: false__TIME,NONE,70
: false__TIME,NONE,75
: false__TIME,NONE,80
: false__TIME,NONE,85
: false__SEND_MESSAGE,TIMING,Can I do anything to help us reach a deal that's good for us both?
: false__TIME,NONE,90
: false__SEND_MESSAGE,PREF_REQUEST,By the way, will you tell me a little about your preferences?
: false__TIME,NONE,95
: false__TIME,NONE,100
: false__TIME,NONE,105
: false__OFFER_IN_PROGRESS,NONE,null
: false__SEND_EXPRESSION,NONE,sad
: false__SEND_EXPRESSION,NONE,sad
: false__TIME,NONE,110
: false__SEND_MESSAGE,GENERIC_POS,What's wrong?
: false__TIME,NONE,115
: false__SEND_OFFER,NONE,null,[ [1, 4, 0], [5, 0, 0], [5, 0, 0], [2, 0, 3] ]
: false__SEND_EXPRESSION,NONE,happy
: false__SEND_MESSAGE,OFFER_ACCEPT,Yes. This deal will work.
: false__TIME,NONE,120
: false__SEND_EXPRESSION,NONE,angry
: false__SEND_EXPRESSION,NONE,sad
: false__TIME,NONE,125
: false__SEND_MESSAGE,GENERIC_POS,What's wrong?
: false__SEND_EXPRESSION,NONE,happy
: false__SEND_EXPRESSION,NONE,happy
: false__TIME,NONE,130
: false__SEND_MESSAGE,GENERIC_POS,Well, at least you're happy!
: false__SEND_MESSAGE,PREF_INFO,I like oranges more than bananas.,1: 1 2: 3 GREATER_THAN false
: false__SEND_EXPRESSION,NONE,happy
: false__TIME,NONE,135
: false__OFFER_IN_PROGRESS,NONE,null
: false__SEND_MESSAGE,PREF_INFO,I like oranges more than bananas.,1: 1 2: 3 GREATER_THAN false
: false__TIME,NONE,140
: false__SEND_OFFER,NONE,null,[ [5, 0, 0], [5, 0, 0], [5, 0, 0], [3, 0, 2] ]
: false__TIME,NONE,145
: false__SEND_EXPRESSION,NONE,happy
: false__FORMAL_ACCEPT,NONE,null
: false__FORMAL_ACCEPT,NONE,null
: false__GAME_START,NONE,null
: false__GAME_START,NONE,null
: false__GAME_START,NONE,null
: false__GAME_END,NONE,null


id,agent0,agent1,userPoints,vhPoints,timedout,formallyQuit,numUserOffers,numVHOffers,numUserPref,numVHPref,numUserQuery,numVHQuery,numUserMsg,numVHMsg,numUserLie,numVHLie,numUserNeutral,numVHNeutral,numUserHappy,numVHHappy,numUserAngry,numVHAngry,numUserSad,numVHSad,numUserSurprised,numVHSurprised,numVHDisgusted,numVHInsincere,numVHAfraid,studyName,currentGame,gameEndTime,gameAllottedTime,numUserBATNALies,numVHBATNALies,initialOfferUserAlloc1,initialOfferUserAlloc2,initialOfferUserAlloc3,initialOfferUserAlloc4,initialOfferUserAlloc5,finalOfferUserAlloc1,finalOfferUserAlloc2,finalOfferUserAlloc3,finalOfferUserAlloc4,finalOfferUserAlloc5,initialOfferVHAlloc1,initialOfferVHAlloc2,initialOfferVHAlloc3,initialOfferVHAlloc4,initialOfferVHAlloc5,finalOfferVHAlloc1,finalOfferVHAlloc2,finalOfferVHAlloc3,finalOfferVHAlloc4,finalOfferVHAlloc5,numUserBATNA_INFO,numUserBATNA_REQUEST,numUserCONFUSION,numUserFAVOR_ACCEPT,numUserFAVOR_REJECT,numUserFAVOR_REQUEST,numUserFAVOR_RETURN,numUserGENERIC_NEG,numUserGENERIC_POS,numUserNONE,numUserOFFER_ACCEPT,numUserOFFER_PROPOSE,numUserOFFER_REJECT,numUserOFFER_REQUEST_NEG,numUserOFFER_REQUEST_POS,numUserPREF_INFO,numUserPREF_REQUEST,numUserPREF_SPECIFIC_REQUEST,numUserPREF_WITHHOLD,numUserTHREAT_NEG,numUserTHREAT_POS,numUserTIMING,numVHBATNA_INFO,numVHBATNA_REQUEST,numVHCONFUSION,numVHFAVOR_ACCEPT,numVHFAVOR_REJECT,numVHFAVOR_REQUEST,numVHFAVOR_RETURN,numVHGENERIC_NEG,numVHGENERIC_POS,numVHNONE,numVHOFFER_ACCEPT,numVHOFFER_PROPOSE,numVHOFFER_REJECT,numVHOFFER_REQUEST_NEG,numVHOFFER_REQUEST_POS,numVHPREF_INFO,numVHPREF_REQUEST,numVHPREF_SPECIFIC_REQUEST,numVHPREF_WITHHOLD,numVHTHREAT_NEG,numVHTHREAT_POS,numVHTIMING,like4,QuestionNeuroticism,QuestionExtraversioin,QuestionOpenness,QuestionAgreeableness,QuestionConscientiousness,Cooperativeness,Assertiveness,Neuroticism,Extraversion,Openness,Agreeableness,Conscientiousness,NeuroticismOffer,ExtraversionOffer,OpennessOffer,AgreeablenessOffer,ConscientiousnessOffer,NeuroticismBehavior,ExtraversionBehavior,OpennessBehavior,AgreeablenessBehavior,ConscientiousnessBehavior,offerWeight,behaviorWeight,agentUtil,playerUtil,t
false,player,PilotStudy,35,35,false,false,0,2,0,0,0,0,0,2,0,0,0,0,0,0,0,0,0,0,0,0,0,0,0,Pilot,2,10,30,0,0,5,5,0,0,0,0,5,0,5,0,0,0,5,5,0,5,0,5,0,0,0,0,0,0,0,0,0,0,0,0,0,0,0,0,0,0,0,0,0,0,0,0,0,0,0,0,0,0,0,0,0,0,0,0,0,0,0,0,0,0,0,0,0,2,4.0,18,30,22,26,26,,,-10.0,-10.0,-10.0,-10.0,-10.0,,,,,,,,,,,,,,,0

: Survey Results: 
: false__GAME_START,NONE,null
: false__TIME,NONE,5
: false__SEND_MESSAGE,TIMING,We're almost out of time!  Accept this quickly!
: false__SEND_OFFER,NONE,null,[ [0, 0, 5], [0, 0, 5], [5, 0, 0], [5, 0, 0] ]
: false__TIME,NONE,10
: false__FORMAL_ACCEPT,NONE,null
: false__FORMAL_ACCEPT,NONE,null
: false__GAME_START,NONE,null
: false__GAME_START,NONE,null
: false__GAME_END,NONE,null
: false__GAME_START,NONE,null
: false__GAME_START,NONE,null
: false__GAME_START,NONE,null
: false__TIME,NONE,5
: false__SEND_MESSAGE,TIMING,We're almost out of time!  Accept this quickly!
: false__SEND_OFFER,NONE,null,[ [5, 0, 0], [0, 0, 5], [5, 0, 0], [0, 0, 5] ]
: false__FORMAL_ACCEPT,NONE,null
: false__FORMAL_ACCEPT,NONE,null
: false__GAME_START,NONE,null
: false__GAME_START,NONE,null
: false__GAME_START,NONE,null
: false__TIME,NONE,10
: false__GAME_END,NONE,null


id,agent0,agent1,userPoints,vhPoints,timedout,formallyQuit,numUserOffers,numVHOffers,numUserPref,numVHPref,numUserQuery,numVHQuery,numUserMsg,numVHMsg,numUserLie,numVHLie,numUserNeutral,numVHNeutral,numUserHappy,numVHHappy,numUserAngry,numVHAngry,numUserSad,numVHSad,numUserSurprised,numVHSurprised,numVHDisgusted,numVHInsincere,numVHAfraid,studyName,currentGame,gameEndTime,gameAllottedTime,numUserBATNALies,numVHBATNALies,initialOfferUserAlloc1,initialOfferUserAlloc2,initialOfferUserAlloc3,initialOfferUserAlloc4,initialOfferUserAlloc5,finalOfferUserAlloc1,finalOfferUserAlloc2,finalOfferUserAlloc3,finalOfferUserAlloc4,finalOfferUserAlloc5,initialOfferVHAlloc1,initialOfferVHAlloc2,initialOfferVHAlloc3,initialOfferVHAlloc4,initialOfferVHAlloc5,finalOfferVHAlloc1,finalOfferVHAlloc2,finalOfferVHAlloc3,finalOfferVHAlloc4,finalOfferVHAlloc5,numUserBATNA_INFO,numUserBATNA_REQUEST,numUserCONFUSION,numUserFAVOR_ACCEPT,numUserFAVOR_REJECT,numUserFAVOR_REQUEST,numUserFAVOR_RETURN,numUserGENERIC_NEG,numUserGENERIC_POS,numUserNONE,numUserOFFER_ACCEPT,numUserOFFER_PROPOSE,numUserOFFER_REJECT,numUserOFFER_REQUEST_NEG,numUserOFFER_REQUEST_POS,numUserPREF_INFO,numUserPREF_REQUEST,numUserPREF_SPECIFIC_REQUEST,numUserPREF_WITHHOLD,numUserTHREAT_NEG,numUserTHREAT_POS,numUserTIMING,numVHBATNA_INFO,numVHBATNA_REQUEST,numVHCONFUSION,numVHFAVOR_ACCEPT,numVHFAVOR_REJECT,numVHFAVOR_REQUEST,numVHFAVOR_RETURN,numVHGENERIC_NEG,numVHGENERIC_POS,numVHNONE,numVHOFFER_ACCEPT,numVHOFFER_PROPOSE,numVHOFFER_REJECT,numVHOFFER_REQUEST_NEG,numVHOFFER_REQUEST_POS,numVHPREF_INFO,numVHPREF_REQUEST,numVHPREF_SPECIFIC_REQUEST,numVHPREF_WITHHOLD,numVHTHREAT_NEG,numVHTHREAT_POS,numVHTIMING,trustOther2,satisfy3,coopOther5,friendOther1,offerOther3,satisfyOther4,messageOther2,longOther3,emotionOther1,generalOther4,like2,honestOther5,fairOther4,QuestionNeuroticism,QuestionExtraversioin,QuestionOpenness,QuestionAgreeableness,QuestionConscientiousness,Cooperativeness,Assertiveness,Neuroticism,Extraversion,Openness,Agreeableness,Conscientiousness,NeuroticismOffer,ExtraversionOffer,OpennessOffer,AgreeablenessOffer,ConscientiousnessOffer,NeuroticismBehavior,ExtraversionBehavior,OpennessBehavior,AgreeablenessBehavior,ConscientiousnessBehavior,offerWeight,behaviorWeight,agentUtil,playerUtil,t
false,player,PilotStudy,35,35,false,false,0,2,0,0,0,0,0,2,0,0,0,0,0,0,0,0,0,0,0,0,0,0,0,Pilot,2,10,30,0,0,5,5,0,0,0,0,5,0,5,0,0,0,5,5,0,5,0,5,0,0,0,0,0,0,0,0,0,0,0,0,0,0,0,0,0,0,0,0,0,0,0,0,0,0,0,0,0,0,0,0,0,0,0,0,0,0,0,0,0,0,0,0,0,2,2.0,3.0,5.0,1.0,3.0,4.0,2.0,3.0,1.0,4.0,2.0,5.0,4.0,18,30,22,26,26,,,-10.0,-10.0,-10.0,-10.0,-10.0,,,,,,,,,,,,,,,0

: Survey Results: 
: false__GAME_START,NONE,null
: false__TIME,NONE,5
: false__SEND_MESSAGE,TIMING,We're almost out of time!  Accept this quickly!
: false__SEND_OFFER,NONE,null,[ [0, 0, 5], [0, 0, 5], [5, 0, 0], [5, 0, 0] ]
: false__TIME,NONE,10
: false__FORMAL_ACCEPT,NONE,null
: false__FORMAL_ACCEPT,NONE,null
: false__GAME_START,NONE,null
: false__GAME_START,NONE,null
: false__GAME_END,NONE,null
: false__GAME_START,NONE,null
: false__GAME_START,NONE,null
: false__GAME_START,NONE,null
: false__TIME,NONE,5
: false__SEND_MESSAGE,TIMING,We're almost out of time!  Accept this quickly!
: false__SEND_OFFER,NONE,null,[ [5, 0, 0], [0, 0, 5], [5, 0, 0], [0, 0, 5] ]
: false__TIME,NONE,10
: false__FORMAL_ACCEPT,NONE,null
: false__FORMAL_ACCEPT,NONE,null
: false__GAME_START,NONE,null
: false__GAME_START,NONE,null
: false__GAME_START,NONE,null
: false__GAME_END,NONE,null


id,agent0,agent1,userPoints,vhPoints,timedout,formallyQuit,numUserOffers,numVHOffers,numUserPref,numVHPref,numUserQuery,numVHQuery,numUserMsg,numVHMsg,numUserLie,numVHLie,numUserNeutral,numVHNeutral,numUserHappy,numVHHappy,numUserAngry,numVHAngry,numUserSad,numVHSad,numUserSurprised,numVHSurprised,numVHDisgusted,numVHInsincere,numVHAfraid,studyName,currentGame,gameEndTime,gameAllottedTime,numUserBATNALies,numVHBATNALies,initialOfferUserAlloc1,initialOfferUserAlloc2,initialOfferUserAlloc3,initialOfferUserAlloc4,initialOfferUserAlloc5,finalOfferUserAlloc1,finalOfferUserAlloc2,finalOfferUserAlloc3,finalOfferUserAlloc4,finalOfferUserAlloc5,initialOfferVHAlloc1,initialOfferVHAlloc2,initialOfferVHAlloc3,initialOfferVHAlloc4,initialOfferVHAlloc5,finalOfferVHAlloc1,finalOfferVHAlloc2,finalOfferVHAlloc3,finalOfferVHAlloc4,finalOfferVHAlloc5,numUserBATNA_INFO,numUserBATNA_REQUEST,numUserCONFUSION,numUserFAVOR_ACCEPT,numUserFAVOR_REJECT,numUserFAVOR_REQUEST,numUserFAVOR_RETURN,numUserGENERIC_NEG,numUserGENERIC_POS,numUserNONE,numUserOFFER_ACCEPT,numUserOFFER_PROPOSE,numUserOFFER_REJECT,numUserOFFER_REQUEST_NEG,numUserOFFER_REQUEST_POS,numUserPREF_INFO,numUserPREF_REQUEST,numUserPREF_SPECIFIC_REQUEST,numUserPREF_WITHHOLD,numUserTHREAT_NEG,numUserTHREAT_POS,numUserTIMING,numVHBATNA_INFO,numVHBATNA_REQUEST,numVHCONFUSION,numVHFAVOR_ACCEPT,numVHFAVOR_REJECT,numVHFAVOR_REQUEST,numVHFAVOR_RETURN,numVHGENERIC_NEG,numVHGENERIC_POS,numVHNONE,numVHOFFER_ACCEPT,numVHOFFER_PROPOSE,numVHOFFER_REJECT,numVHOFFER_REQUEST_NEG,numVHOFFER_REQUEST_POS,numVHPREF_INFO,numVHPREF_REQUEST,numVHPREF_SPECIFIC_REQUEST,numVHPREF_WITHHOLD,numVHTHREAT_NEG,numVHTHREAT_POS,numVHTIMING,like5,satisfy2,satisfyOther2,coopOther3,friendOther1,trustOther4,longOther4,fairOther2,honestOther5,emotionOther1,messageOther1,offerOther3,generalOther4,QuestionNeuroticism,QuestionExtraversioin,QuestionOpenness,QuestionAgreeableness,QuestionConscientiousness,Cooperativeness,Assertiveness,Neuroticism,Extraversion,Openness,Agreeableness,Conscientiousness,NeuroticismOffer,ExtraversionOffer,OpennessOffer,AgreeablenessOffer,ConscientiousnessOffer,NeuroticismBehavior,ExtraversionBehavior,OpennessBehavior,AgreeablenessBehavior,ConscientiousnessBehavior,offerWeight,behaviorWeight,agentUtil,playerUtil,t
false,player,PilotStudy,35,35,false,false,0,2,0,0,0,0,0,2,0,0,0,0,0,0,0,0,0,0,0,0,0,0,0,Pilot,2,15,30,0,0,5,5,0,0,0,0,5,0,5,0,0,0,5,5,0,5,0,5,0,0,0,0,0,0,0,0,0,0,0,0,0,0,0,0,0,0,0,0,0,0,0,0,0,0,0,0,0,0,0,0,0,0,0,0,0,0,0,0,0,0,0,0,0,2,5.0,2.0,2.0,3.0,1.0,4.0,4.0,2.0,5.0,1.0,1.0,3.0,4.0,18,30,22,26,26,,,-10.0,-10.0,-10.0,-10.0,-10.0,,,,,,,,,,,,,,,0

: Survey Results: 
: false__GAME_START,NONE,null
: false__TIME,NONE,5
: false__SEND_MESSAGE,TIMING,We're almost out of time!  Accept this quickly!
: false__SEND_OFFER,NONE,null,[ [0, 0, 5], [0, 0, 5], [5, 0, 0], [5, 0, 0] ]
: false__FORMAL_ACCEPT,NONE,null
: false__FORMAL_ACCEPT,NONE,null
: false__GAME_START,NONE,null
: false__GAME_START,NONE,null
: false__TIME,NONE,10
: false__GAME_END,NONE,null
: false__GAME_START,NONE,null
: false__GAME_START,NONE,null
: false__GAME_START,NONE,null
: false__TIME,NONE,5
: false__SEND_MESSAGE,TIMING,We're almost out of time!  Accept this quickly!
: false__SEND_OFFER,NONE,null,[ [5, 0, 0], [0, 0, 5], [5, 0, 0], [0, 0, 5] ]
: false__TIME,NONE,10
: false__FORMAL_ACCEPT,NONE,null
: false__FORMAL_ACCEPT,NONE,null
: false__GAME_START,NONE,null
: false__GAME_START,NONE,null
: false__GAME_START,NONE,null
: false__TIME,NONE,15
: false__GAME_END,NONE,null


id,agent0,agent1,userPoints,vhPoints,timedout,formallyQuit,numUserOffers,numVHOffers,numUserPref,numVHPref,numUserQuery,numVHQuery,numUserMsg,numVHMsg,numUserLie,numVHLie,numUserNeutral,numVHNeutral,numUserHappy,numVHHappy,numUserAngry,numVHAngry,numUserSad,numVHSad,numUserSurprised,numVHSurprised,numVHDisgusted,numVHInsincere,numVHAfraid,studyName,currentGame,gameEndTime,gameAllottedTime,numUserBATNALies,numVHBATNALies,initialOfferUserAlloc1,initialOfferUserAlloc2,initialOfferUserAlloc3,initialOfferUserAlloc4,initialOfferUserAlloc5,finalOfferUserAlloc1,finalOfferUserAlloc2,finalOfferUserAlloc3,finalOfferUserAlloc4,finalOfferUserAlloc5,initialOfferVHAlloc1,initialOfferVHAlloc2,initialOfferVHAlloc3,initialOfferVHAlloc4,initialOfferVHAlloc5,finalOfferVHAlloc1,finalOfferVHAlloc2,finalOfferVHAlloc3,finalOfferVHAlloc4,finalOfferVHAlloc5,numUserBATNA_INFO,numUserBATNA_REQUEST,numUserCONFUSION,numUserFAVOR_ACCEPT,numUserFAVOR_REJECT,numUserFAVOR_REQUEST,numUserFAVOR_RETURN,numUserGENERIC_NEG,numUserGENERIC_POS,numUserNONE,numUserOFFER_ACCEPT,numUserOFFER_PROPOSE,numUserOFFER_REJECT,numUserOFFER_REQUEST_NEG,numUserOFFER_REQUEST_POS,numUserPREF_INFO,numUserPREF_REQUEST,numUserPREF_SPECIFIC_REQUEST,numUserPREF_WITHHOLD,numUserTHREAT_NEG,numUserTHREAT_POS,numUserTIMING,numVHBATNA_INFO,numVHBATNA_REQUEST,numVHCONFUSION,numVHFAVOR_ACCEPT,numVHFAVOR_REJECT,numVHFAVOR_REQUEST,numVHFAVOR_RETURN,numVHGENERIC_NEG,numVHGENERIC_POS,numVHNONE,numVHOFFER_ACCEPT,numVHOFFER_PROPOSE,numVHOFFER_REJECT,numVHOFFER_REQUEST_NEG,numVHOFFER_REQUEST_POS,numVHPREF_INFO,numVHPREF_REQUEST,numVHPREF_SPECIFIC_REQUEST,numVHPREF_WITHHOLD,numVHTHREAT_NEG,numVHTHREAT_POS,numVHTIMING,like3,satisfy2,satisfyOther2,coopOther3,friendOther4,trustOther4,longOther4,fairOther4,honestOther3,emotionOther3,messageOther4,offerOther4,generalOther5,QuestionNeuroticism,QuestionExtraversioin,QuestionOpenness,QuestionAgreeableness,QuestionConscientiousness,Cooperativeness,Assertiveness,Neuroticism,Extraversion,Openness,Agreeableness,Conscientiousness,NeuroticismOffer,ExtraversionOffer,OpennessOffer,AgreeablenessOffer,ConscientiousnessOffer,NeuroticismBehavior,ExtraversionBehavior,OpennessBehavior,AgreeablenessBehavior,ConscientiousnessBehavior,offerWeight,behaviorWeight,agentUtil,playerUtil,t
false,player,PilotStudy,35,35,false,false,0,1,0,0,0,0,0,1,0,0,0,0,0,0,0,0,0,0,0,0,0,0,0,Pilot,0,15,30,0,0,0,5,0,5,0,0,5,0,5,0,5,0,5,0,0,5,0,5,0,0,0,0,0,0,0,0,0,0,0,0,0,0,0,0,0,0,0,0,0,0,0,0,0,0,0,0,0,0,0,0,0,0,0,0,0,0,0,0,0,0,0,0,0,1,3.0,2.0,2.0,3.0,4.0,4.0,4.0,4.0,3.0,3.0,4.0,4.0,5.0,24,30,26,28,28,,,-10.0,-10.0,-10.0,-10.0,-10.0,,,,,,,,,,,,,,,0

: Survey Results: 
: false__TIME,NONE,5
: false__SEND_MESSAGE,TIMING,We're almost out of time!  Accept this quickly!
: false__SEND_OFFER,NONE,null,[ [5, 0, 0], [0, 0, 5], [5, 0, 0], [0, 0, 5] ]
: false__TIME,NONE,10
: false__TIME,NONE,15
: false__FORMAL_ACCEPT,NONE,null
: false__FORMAL_ACCEPT,NONE,null
: false__GAME_START,NONE,null
: false__GAME_END,NONE,null


