id,agent0,agent1,userPoints,vhPoints,timedout,formallyQuit,numUserOffers,numVHOffers,numUserPref,numVHPref,numUserQuery,numVHQuery,numUserMsg,numVHMsg,numUserLie,numVHLie,numUserNeutral,numVHNeutral,numUserHappy,numVHHappy,numUserAngry,numVHAngry,numUserSad,numVHSad,numUserSurprised,numVHSurprised,numVHDisgusted,numVHInsincere,numVHAfraid,studyName,currentGame,gameEndTime,gameAllottedTime,numUserBATNALies,numVHBATNALies,initialOfferUserAlloc1,initialOfferUserAlloc2,initialOfferUserAlloc3,initialOfferUserAlloc4,initialOfferUserAlloc5,finalOfferUserAlloc1,finalOfferUserAlloc2,finalOfferUserAlloc3,finalOfferUserAlloc4,finalOfferUserAlloc5,initialOfferVHAlloc1,initialOfferVHAlloc2,initialOfferVHAlloc3,initialOfferVHAlloc4,initialOfferVHAlloc5,finalOfferVHAlloc1,finalOfferVHAlloc2,finalOfferVHAlloc3,finalOfferVHAlloc4,finalOfferVHAlloc5,numUserBATNA_INFO,numUserBATNA_REQUEST,numUserCONFUSION,numUserFAVOR_ACCEPT,numUserFAVOR_REJECT,numUserFAVOR_REQUEST,numUserFAVOR_RETURN,numUserGENERIC_NEG,numUserGENERIC_POS,numUserNONE,numUserOFFER_ACCEPT,numUserOFFER_PROPOSE,numUserOFFER_REJECT,numUserOFFER_REQUEST_NEG,numUserOFFER_REQUEST_POS,numUserPREF_INFO,numUserPREF_REQUEST,numUserPREF_SPECIFIC_REQUEST,numUserPREF_WITHHOLD,numUserTHREAT_NEG,numUserTHREAT_POS,numUserTIMING,numVHBATNA_INFO,numVHBATNA_REQUEST,numVHCONFUSION,numVHFAVOR_ACCEPT,numVHFAVOR_REJECT,numVHFAVOR_REQUEST,numVHFAVOR_RETURN,numVHGENERIC_NEG,numVHGENERIC_POS,numVHNONE,numVHOFFER_ACCEPT,numVHOFFER_PROPOSE,numVHOFFER_REJECT,numVHOFFER_REQUEST_NEG,numVHOFFER_REQUEST_POS,numVHPREF_INFO,numVHPREF_REQUEST,numVHPREF_SPECIFIC_REQUEST,numVHPREF_WITHHOLD,numVHTHREAT_NEG,numVHTHREAT_POS,numVHTIMING,like1,favorYes,QuestionNeuroticism,QuestionExtraversioin,QuestionOpenness,QuestionAgreeableness,QuestionConscientiousness,Cooperativeness,Assertiveness,Neuroticism,Extraversion,Openness,Agreeableness,Conscientiousness
false,player,QuestionnaireSympathizer,16,62,false,false,1,0,0,0,0,0,0,3,0,0,0,0,1,2,0,0,0,0,0,0,0,0,0,FavorPart1,0,25,600,0,0,0,5,0,1,0,0,5,0,1,0,5,0,5,4,0,5,0,5,4,0,0,0,0,0,0,0,0,0,0,0,0,0,0,0,0,0,0,0,0,0,0,0,1,0,0,0,0,1,0,0,1,0,0,0,0,0,0,0,0,0,0,0,0,0,1.0,Yes,20,30,23,26,26,0.5333333333333333,0.5333333333333331,questionnaire:20,questionnaire:30,questionnaire:23,questionnaire:26,questionnaire:26

: Survey Results: 
: false__SEND_MESSAGE,BATNA_INFO,Just so you know, I already have an offer for 12 points, so I won't accept anything less.   What about you?
: false__SEND_MESSAGE,FAVOR_REQUEST,Excuse me, but there is a super-valuable item here for me!  If you accept my favor request, I'll promise to pay you back in a future round!
: false__TIME,NONE,5
: false__SEND_EXPRESSION,NONE,happy
: false__SEND_EXPRESSION,NONE,happy
: false__TIME,NONE,10
: false__OFFER_IN_PROGRESS,NONE,null
: false__SEND_MESSAGE,GENERIC_POS,Great!
: false__TIME,NONE,15
: false__TIME,NONE,20
: false__SEND_OFFER,NONE,null,[ [5, 0, 0], [0, 0, 5], [5, 0, 0], [4, 0, 1] ]
: false__SEND_EXPRESSION,NONE,happy
: false__FORMAL_ACCEPT,NONE,null
: false__TIME,NONE,25
: false__FORMAL_ACCEPT,NONE,null
: false__GAME_START,NONE,null
: false__GAME_END,NONE,null


id,agent0,agent1,userPoints,vhPoints,timedout,formallyQuit,numUserOffers,numVHOffers,numUserPref,numVHPref,numUserQuery,numVHQuery,numUserMsg,numVHMsg,numUserLie,numVHLie,numUserNeutral,numVHNeutral,numUserHappy,numVHHappy,numUserAngry,numVHAngry,numUserSad,numVHSad,numUserSurprised,numVHSurprised,numVHDisgusted,numVHInsincere,numVHAfraid,studyName,currentGame,gameEndTime,gameAllottedTime,numUserBATNALies,numVHBATNALies,initialOfferUserAlloc1,initialOfferUserAlloc2,initialOfferUserAlloc3,initialOfferUserAlloc4,initialOfferUserAlloc5,finalOfferUserAlloc1,finalOfferUserAlloc2,finalOfferUserAlloc3,finalOfferUserAlloc4,finalOfferUserAlloc5,initialOfferVHAlloc1,initialOfferVHAlloc2,initialOfferVHAlloc3,initialOfferVHAlloc4,initialOfferVHAlloc5,finalOfferVHAlloc1,finalOfferVHAlloc2,finalOfferVHAlloc3,finalOfferVHAlloc4,finalOfferVHAlloc5,numUserBATNA_INFO,numUserBATNA_REQUEST,numUserCONFUSION,numUserFAVOR_ACCEPT,numUserFAVOR_REJECT,numUserFAVOR_REQUEST,numUserFAVOR_RETURN,numUserGENERIC_NEG,numUserGENERIC_POS,numUserNONE,numUserOFFER_ACCEPT,numUserOFFER_PROPOSE,numUserOFFER_REJECT,numUserOFFER_REQUEST_NEG,numUserOFFER_REQUEST_POS,numUserPREF_INFO,numUserPREF_REQUEST,numUserPREF_SPECIFIC_REQUEST,numUserPREF_WITHHOLD,numUserTHREAT_NEG,numUserTHREAT_POS,numUserTIMING,numVHBATNA_INFO,numVHBATNA_REQUEST,numVHCONFUSION,numVHFAVOR_ACCEPT,numVHFAVOR_REJECT,numVHFAVOR_REQUEST,numVHFAVOR_RETURN,numVHGENERIC_NEG,numVHGENERIC_POS,numVHNONE,numVHOFFER_ACCEPT,numVHOFFER_PROPOSE,numVHOFFER_REJECT,numVHOFFER_REQUEST_NEG,numVHOFFER_REQUEST_POS,numVHPREF_INFO,numVHPREF_REQUEST,numVHPREF_SPECIFIC_REQUEST,numVHPREF_WITHHOLD,numVHTHREAT_NEG,numVHTHREAT_POS,numVHTIMING,like4,favorNo,QuestionNeuroticism,QuestionExtraversioin,QuestionOpenness,QuestionAgreeableness,QuestionConscientiousness,Cooperativeness,Assertiveness,Neuroticism,Extraversion,Openness,Agreeableness,Conscientiousness
false,player,QuestionnaireSympathizer,5,45,false,false,1,0,0,0,0,0,0,3,0,0,0,0,0,1,1,0,0,1,0,0,0,0,0,FavorPart1,0,15,600,0,0,0,0,0,5,0,0,0,0,5,0,5,5,5,0,0,5,5,5,0,0,0,0,0,0,0,0,0,0,0,0,0,0,0,0,0,0,0,0,0,0,0,0,1,0,0,0,0,1,0,0,1,0,0,0,0,0,0,0,0,0,0,0,0,0,4.0,No,20,30,23,26,26,1.0,1.0,questionnaire:20,questionnaire:30,questionnaire:23,questionnaire:26,questionnaire:26

: Survey Results: 
: false__SEND_MESSAGE,BATNA_INFO,Just so you know, I already have an offer for 12 points, so I won't accept anything less.   What about you?
: false__SEND_MESSAGE,FAVOR_REQUEST,Excuse me, but there is a super-valuable item here for me!  If you accept my favor request, I'll promise to pay you back in a future round!
: false__SEND_EXPRESSION,NONE,angry
: false__TIME,NONE,5
: false__SEND_EXPRESSION,NONE,sad
: false__OFFER_IN_PROGRESS,NONE,null
: false__SEND_MESSAGE,GENERIC_POS,I'm sorry... I have no animosity towards you...
: false__TIME,NONE,10
: false__SEND_OFFER,NONE,null,[ [5, 0, 0], [5, 0, 0], [5, 0, 0], [0, 0, 5] ]
: false__SEND_EXPRESSION,NONE,happy
: false__TIME,NONE,15
: false__FORMAL_ACCEPT,NONE,null
: false__FORMAL_ACCEPT,NONE,null
: false__GAME_START,NONE,null
: false__GAME_END,NONE,null


id,agent0,agent1,userPoints,vhPoints,timedout,formallyQuit,numUserOffers,numVHOffers,numUserPref,numVHPref,numUserQuery,numVHQuery,numUserMsg,numVHMsg,numUserLie,numVHLie,numUserNeutral,numVHNeutral,numUserHappy,numVHHappy,numUserAngry,numVHAngry,numUserSad,numVHSad,numUserSurprised,numVHSurprised,numVHDisgusted,numVHInsincere,numVHAfraid,studyName,currentGame,gameEndTime,gameAllottedTime,numUserBATNALies,numVHBATNALies,initialOfferUserAlloc1,initialOfferUserAlloc2,initialOfferUserAlloc3,initialOfferUserAlloc4,initialOfferUserAlloc5,finalOfferUserAlloc1,finalOfferUserAlloc2,finalOfferUserAlloc3,finalOfferUserAlloc4,finalOfferUserAlloc5,initialOfferVHAlloc1,initialOfferVHAlloc2,initialOfferVHAlloc3,initialOfferVHAlloc4,initialOfferVHAlloc5,finalOfferVHAlloc1,finalOfferVHAlloc2,finalOfferVHAlloc3,finalOfferVHAlloc4,finalOfferVHAlloc5,numUserBATNA_INFO,numUserBATNA_REQUEST,numUserCONFUSION,numUserFAVOR_ACCEPT,numUserFAVOR_REJECT,numUserFAVOR_REQUEST,numUserFAVOR_RETURN,numUserGENERIC_NEG,numUserGENERIC_POS,numUserNONE,numUserOFFER_ACCEPT,numUserOFFER_PROPOSE,numUserOFFER_REJECT,numUserOFFER_REQUEST_NEG,numUserOFFER_REQUEST_POS,numUserPREF_INFO,numUserPREF_REQUEST,numUserPREF_SPECIFIC_REQUEST,numUserPREF_WITHHOLD,numUserTHREAT_NEG,numUserTHREAT_POS,numUserTIMING,numVHBATNA_INFO,numVHBATNA_REQUEST,numVHCONFUSION,numVHFAVOR_ACCEPT,numVHFAVOR_REJECT,numVHFAVOR_REQUEST,numVHFAVOR_RETURN,numVHGENERIC_NEG,numVHGENERIC_POS,numVHNONE,numVHOFFER_ACCEPT,numVHOFFER_PROPOSE,numVHOFFER_REJECT,numVHOFFER_REQUEST_NEG,numVHOFFER_REQUEST_POS,numVHPREF_INFO,numVHPREF_REQUEST,numVHPREF_SPECIFIC_REQUEST,numVHPREF_WITHHOLD,numVHTHREAT_NEG,numVHTHREAT_POS,numVHTIMING,like1,favorNo,QuestionNeuroticism,QuestionExtraversioin,QuestionOpenness,QuestionAgreeableness,QuestionConscientiousness,Cooperativeness,Assertiveness,Neuroticism,Extraversion,Openness,Agreeableness,Conscientiousness
false,player,QuestionnaireSympathizer,25,50,false,false,1,0,0,0,0,0,0,2,0,0,0,0,0,1,0,0,0,0,0,0,0,0,0,FavorPart1,0,15,600,0,0,5,5,0,0,0,5,5,0,0,0,0,0,5,5,0,0,0,5,5,0,0,0,0,0,0,0,0,0,0,0,0,0,0,0,0,0,0,0,0,0,0,0,1,0,0,0,0,1,0,0,0,0,0,0,0,0,0,0,0,0,0,0,0,0,1.0,No,18,30,22,26,26,0.33333333333333337,0.33333333333333326,questionnaire:18,questionnaire:30,questionnaire:22,questionnaire:26,questionnaire:26

: Survey Results: 
: false__SEND_MESSAGE,BATNA_INFO,Just so you know, I already have an offer for 12 points, so I won't accept anything less.   What about you?
: false__OFFER_IN_PROGRESS,NONE,null
: false__SEND_MESSAGE,FAVOR_REQUEST,Excuse me, but there is a super-valuable item here for me!  If you accept my favor request, I'll promise to pay you back in a future round!
: false__TIME,NONE,5
: false__TIME,NONE,10
: false__SEND_OFFER,NONE,null,[ [0, 0, 5], [0, 0, 5], [5, 0, 0], [5, 0, 0] ]
: false__SEND_EXPRESSION,NONE,happy
: false__FORMAL_ACCEPT,NONE,null
: false__TIME,NONE,15
: false__FORMAL_ACCEPT,NONE,null
: false__GAME_START,NONE,null
: false__GAME_END,NONE,null


id,agent0,agent1,userPoints,vhPoints,timedout,formallyQuit,numUserOffers,numVHOffers,numUserPref,numVHPref,numUserQuery,numVHQuery,numUserMsg,numVHMsg,numUserLie,numVHLie,numUserNeutral,numVHNeutral,numUserHappy,numVHHappy,numUserAngry,numVHAngry,numUserSad,numVHSad,numUserSurprised,numVHSurprised,numVHDisgusted,numVHInsincere,numVHAfraid,studyName,currentGame,gameEndTime,gameAllottedTime,numUserBATNALies,numVHBATNALies,initialOfferUserAlloc1,initialOfferUserAlloc2,initialOfferUserAlloc3,initialOfferUserAlloc4,initialOfferUserAlloc5,finalOfferUserAlloc1,finalOfferUserAlloc2,finalOfferUserAlloc3,finalOfferUserAlloc4,finalOfferUserAlloc5,initialOfferVHAlloc1,initialOfferVHAlloc2,initialOfferVHAlloc3,initialOfferVHAlloc4,initialOfferVHAlloc5,finalOfferVHAlloc1,finalOfferVHAlloc2,finalOfferVHAlloc3,finalOfferVHAlloc4,finalOfferVHAlloc5,numUserBATNA_INFO,numUserBATNA_REQUEST,numUserCONFUSION,numUserFAVOR_ACCEPT,numUserFAVOR_REJECT,numUserFAVOR_REQUEST,numUserFAVOR_RETURN,numUserGENERIC_NEG,numUserGENERIC_POS,numUserNONE,numUserOFFER_ACCEPT,numUserOFFER_PROPOSE,numUserOFFER_REJECT,numUserOFFER_REQUEST_NEG,numUserOFFER_REQUEST_POS,numUserPREF_INFO,numUserPREF_REQUEST,numUserPREF_SPECIFIC_REQUEST,numUserPREF_WITHHOLD,numUserTHREAT_NEG,numUserTHREAT_POS,numUserTIMING,numVHBATNA_INFO,numVHBATNA_REQUEST,numVHCONFUSION,numVHFAVOR_ACCEPT,numVHFAVOR_REJECT,numVHFAVOR_REQUEST,numVHFAVOR_RETURN,numVHGENERIC_NEG,numVHGENERIC_POS,numVHNONE,numVHOFFER_ACCEPT,numVHOFFER_PROPOSE,numVHOFFER_REJECT,numVHOFFER_REQUEST_NEG,numVHOFFER_REQUEST_POS,numVHPREF_INFO,numVHPREF_REQUEST,numVHPREF_SPECIFIC_REQUEST,numVHPREF_WITHHOLD,numVHTHREAT_NEG,numVHTHREAT_POS,numVHTIMING,like1,favorYes,QuestionNeuroticism,QuestionExtraversioin,QuestionOpenness,QuestionAgreeableness,QuestionConscientiousness,Cooperativeness,Assertiveness,Neuroticism,Extraversion,Openness,Agreeableness,Conscientiousness
false,player,QuestionnaireSympathizer,1,77,false,false,1,0,0,0,0,0,0,2,0,0,0,0,0,1,0,0,0,0,0,0,0,0,0,FavorPart1,0,15,600,0,0,0,0,0,1,0,0,0,0,1,0,5,5,5,4,0,5,5,5,4,0,0,0,0,0,0,0,0,0,0,0,0,0,0,0,0,0,0,0,0,0,0,0,1,0,0,0,0,1,0,0,0,0,0,0,0,0,0,0,0,0,0,0,0,0,1.0,Yes,18,30,22,26,26,1.0,1.0,questionnaire:18,questionnaire:30,questionnaire:22,questionnaire:26,questionnaire:26

: Survey Results: 
: false__SEND_MESSAGE,BATNA_INFO,Just so you know, I already have an offer for 12 points, so I won't accept anything less.   What about you?
: false__OFFER_IN_PROGRESS,NONE,null
: false__SEND_MESSAGE,FAVOR_REQUEST,Excuse me, but there is a super-valuable item here for me!  If you accept my favor request, I'll promise to pay you back in a future round!
: false__TIME,NONE,5
: false__TIME,NONE,10
: false__SEND_OFFER,NONE,null,[ [5, 0, 0], [5, 0, 0], [5, 0, 0], [4, 0, 1] ]
: false__SEND_EXPRESSION,NONE,happy
: false__FORMAL_ACCEPT,NONE,null
: false__TIME,NONE,15
: false__FORMAL_ACCEPT,NONE,null
: false__GAME_START,NONE,null
: false__GAME_END,NONE,null


id,agent0,agent1,userPoints,vhPoints,timedout,formallyQuit,numUserOffers,numVHOffers,numUserPref,numVHPref,numUserQuery,numVHQuery,numUserMsg,numVHMsg,numUserLie,numVHLie,numUserNeutral,numVHNeutral,numUserHappy,numVHHappy,numUserAngry,numVHAngry,numUserSad,numVHSad,numUserSurprised,numVHSurprised,numVHDisgusted,numVHInsincere,numVHAfraid,studyName,currentGame,gameEndTime,gameAllottedTime,numUserBATNALies,numVHBATNALies,initialOfferUserAlloc1,initialOfferUserAlloc2,initialOfferUserAlloc3,initialOfferUserAlloc4,initialOfferUserAlloc5,finalOfferUserAlloc1,finalOfferUserAlloc2,finalOfferUserAlloc3,finalOfferUserAlloc4,finalOfferUserAlloc5,initialOfferVHAlloc1,initialOfferVHAlloc2,initialOfferVHAlloc3,initialOfferVHAlloc4,initialOfferVHAlloc5,finalOfferVHAlloc1,finalOfferVHAlloc2,finalOfferVHAlloc3,finalOfferVHAlloc4,finalOfferVHAlloc5,numUserBATNA_INFO,numUserBATNA_REQUEST,numUserCONFUSION,numUserFAVOR_ACCEPT,numUserFAVOR_REJECT,numUserFAVOR_REQUEST,numUserFAVOR_RETURN,numUserGENERIC_NEG,numUserGENERIC_POS,numUserNONE,numUserOFFER_ACCEPT,numUserOFFER_PROPOSE,numUserOFFER_REJECT,numUserOFFER_REQUEST_NEG,numUserOFFER_REQUEST_POS,numUserPREF_INFO,numUserPREF_REQUEST,numUserPREF_SPECIFIC_REQUEST,numUserPREF_WITHHOLD,numUserTHREAT_NEG,numUserTHREAT_POS,numUserTIMING,numVHBATNA_INFO,numVHBATNA_REQUEST,numVHCONFUSION,numVHFAVOR_ACCEPT,numVHFAVOR_REJECT,numVHFAVOR_REQUEST,numVHFAVOR_RETURN,numVHGENERIC_NEG,numVHGENERIC_POS,numVHNONE,numVHOFFER_ACCEPT,numVHOFFER_PROPOSE,numVHOFFER_REJECT,numVHOFFER_REQUEST_NEG,numVHOFFER_REQUEST_POS,numVHPREF_INFO,numVHPREF_REQUEST,numVHPREF_SPECIFIC_REQUEST,numVHPREF_WITHHOLD,numVHTHREAT_NEG,numVHTHREAT_POS,numVHTIMING,like1,favorYes,QuestionNeuroticism,QuestionExtraversioin,QuestionOpenness,QuestionAgreeableness,QuestionConscientiousness,Cooperativeness,Assertiveness,Neuroticism,Extraversion,Openness,Agreeableness,Conscientiousness
false,player,QuestionnaireSympathizer,17,66,false,false,1,0,0,0,0,0,0,2,0,0,0,0,0,1,0,0,0,0,0,0,0,0,0,FavorPart1,0,15,600,0,0,1,5,0,0,0,1,5,0,0,0,4,0,5,5,0,4,0,5,5,0,0,0,0,0,0,0,0,0,0,0,0,0,0,0,0,0,0,0,0,0,0,0,1,0,0,0,0,1,0,0,0,0,0,0,0,0,0,0,0,0,0,0,0,0,1.0,Yes,18,30,22,26,26,0.6,0.5999999999999999,questionnaire:18,questionnaire:30,questionnaire:22,questionnaire:26,questionnaire:26

: Survey Results: 
: false__SEND_MESSAGE,BATNA_INFO,Just so you know, I already have an offer for 12 points, so I won't accept anything less.   What about you?
: false__OFFER_IN_PROGRESS,NONE,null
: false__SEND_MESSAGE,FAVOR_REQUEST,Excuse me, but there is a super-valuable item here for me!  If you accept my favor request, I'll promise to pay you back in a future round!
: false__TIME,NONE,5
: false__TIME,NONE,10
: false__SEND_OFFER,NONE,null,[ [4, 0, 1], [0, 0, 5], [5, 0, 0], [5, 0, 0] ]
: false__SEND_EXPRESSION,NONE,happy
: false__FORMAL_ACCEPT,NONE,null
: false__FORMAL_ACCEPT,NONE,null
: false__GAME_START,NONE,null
: false__TIME,NONE,15
: false__GAME_END,NONE,null


id,agent0,agent1,userPoints,vhPoints,timedout,formallyQuit,numUserOffers,numVHOffers,numUserPref,numVHPref,numUserQuery,numVHQuery,numUserMsg,numVHMsg,numUserLie,numVHLie,numUserNeutral,numVHNeutral,numUserHappy,numVHHappy,numUserAngry,numVHAngry,numUserSad,numVHSad,numUserSurprised,numVHSurprised,numVHDisgusted,numVHInsincere,numVHAfraid,studyName,currentGame,gameEndTime,gameAllottedTime,numUserBATNALies,numVHBATNALies,initialOfferUserAlloc1,initialOfferUserAlloc2,initialOfferUserAlloc3,initialOfferUserAlloc4,initialOfferUserAlloc5,finalOfferUserAlloc1,finalOfferUserAlloc2,finalOfferUserAlloc3,finalOfferUserAlloc4,finalOfferUserAlloc5,initialOfferVHAlloc1,initialOfferVHAlloc2,initialOfferVHAlloc3,initialOfferVHAlloc4,initialOfferVHAlloc5,finalOfferVHAlloc1,finalOfferVHAlloc2,finalOfferVHAlloc3,finalOfferVHAlloc4,finalOfferVHAlloc5,numUserBATNA_INFO,numUserBATNA_REQUEST,numUserCONFUSION,numUserFAVOR_ACCEPT,numUserFAVOR_REJECT,numUserFAVOR_REQUEST,numUserFAVOR_RETURN,numUserGENERIC_NEG,numUserGENERIC_POS,numUserNONE,numUserOFFER_ACCEPT,numUserOFFER_PROPOSE,numUserOFFER_REJECT,numUserOFFER_REQUEST_NEG,numUserOFFER_REQUEST_POS,numUserPREF_INFO,numUserPREF_REQUEST,numUserPREF_SPECIFIC_REQUEST,numUserPREF_WITHHOLD,numUserTHREAT_NEG,numUserTHREAT_POS,numUserTIMING,numVHBATNA_INFO,numVHBATNA_REQUEST,numVHCONFUSION,numVHFAVOR_ACCEPT,numVHFAVOR_REJECT,numVHFAVOR_REQUEST,numVHFAVOR_RETURN,numVHGENERIC_NEG,numVHGENERIC_POS,numVHNONE,numVHOFFER_ACCEPT,numVHOFFER_PROPOSE,numVHOFFER_REJECT,numVHOFFER_REQUEST_NEG,numVHOFFER_REQUEST_POS,numVHPREF_INFO,numVHPREF_REQUEST,numVHPREF_SPECIFIC_REQUEST,numVHPREF_WITHHOLD,numVHTHREAT_NEG,numVHTHREAT_POS,numVHTIMING,like1,favorNo,QuestionNeuroticism,QuestionExtraversioin,QuestionOpenness,QuestionAgreeableness,QuestionConscientiousness,Cooperativeness,Assertiveness,Neuroticism,Extraversion,Openness,Agreeableness,Conscientiousness
false,player,QuestionnaireSympathizer,0,85,false,false,1,0,0,0,0,0,0,3,0,0,0,0,1,2,0,0,1,1,0,0,0,0,0,FavorPart1,0,25,600,0,0,0,0,0,0,0,0,0,0,0,0,5,5,5,5,0,5,5,5,5,0,0,0,0,0,0,0,0,0,0,0,0,0,0,0,0,0,0,0,0,0,0,0,1,0,0,0,0,1,0,0,1,0,0,0,0,0,0,0,0,0,0,0,0,0,1.0,No,18,30,22,26,26,1.0,1.0,questionnaire:18,questionnaire:30,questionnaire:22,questionnaire:26,questionnaire:26

: Survey Results: 
: false__SEND_MESSAGE,BATNA_INFO,Just so you know, I already have an offer for 12 points, so I won't accept anything less.   What about you?
: false__SEND_MESSAGE,FAVOR_REQUEST,Excuse me, but there is a super-valuable item here for me!  If you accept my favor request, I'll promise to pay you back in a future round!
: false__SEND_EXPRESSION,NONE,happy
: false__TIME,NONE,5
: false__SEND_EXPRESSION,NONE,happy
: false__TIME,NONE,10
: false__SEND_EXPRESSION,NONE,sad
: false__SEND_EXPRESSION,NONE,sad
: false__OFFER_IN_PROGRESS,NONE,null
: false__SEND_MESSAGE,GENERIC_POS,I don't know why, but I'm sorry anyway...
: false__TIME,NONE,15
: false__TIME,NONE,20
: false__SEND_OFFER,NONE,null,[ [5, 0, 0], [5, 0, 0], [5, 0, 0], [5, 0, 0] ]
: false__SEND_EXPRESSION,NONE,happy
: false__FORMAL_ACCEPT,NONE,null
: false__TIME,NONE,25
: false__FORMAL_ACCEPT,NONE,null
: false__GAME_START,NONE,null
: false__GAME_END,NONE,null


id,agent0,agent1,userPoints,vhPoints,timedout,formallyQuit,numUserOffers,numVHOffers,numUserPref,numVHPref,numUserQuery,numVHQuery,numUserMsg,numVHMsg,numUserLie,numVHLie,numUserNeutral,numVHNeutral,numUserHappy,numVHHappy,numUserAngry,numVHAngry,numUserSad,numVHSad,numUserSurprised,numVHSurprised,numVHDisgusted,numVHInsincere,numVHAfraid,studyName,currentGame,gameEndTime,gameAllottedTime,numUserBATNALies,numVHBATNALies,initialOfferUserAlloc1,initialOfferUserAlloc2,initialOfferUserAlloc3,initialOfferUserAlloc4,initialOfferUserAlloc5,finalOfferUserAlloc1,finalOfferUserAlloc2,finalOfferUserAlloc3,finalOfferUserAlloc4,finalOfferUserAlloc5,initialOfferVHAlloc1,initialOfferVHAlloc2,initialOfferVHAlloc3,initialOfferVHAlloc4,initialOfferVHAlloc5,finalOfferVHAlloc1,finalOfferVHAlloc2,finalOfferVHAlloc3,finalOfferVHAlloc4,finalOfferVHAlloc5,numUserBATNA_INFO,numUserBATNA_REQUEST,numUserCONFUSION,numUserFAVOR_ACCEPT,numUserFAVOR_REJECT,numUserFAVOR_REQUEST,numUserFAVOR_RETURN,numUserGENERIC_NEG,numUserGENERIC_POS,numUserNONE,numUserOFFER_ACCEPT,numUserOFFER_PROPOSE,numUserOFFER_REJECT,numUserOFFER_REQUEST_NEG,numUserOFFER_REQUEST_POS,numUserPREF_INFO,numUserPREF_REQUEST,numUserPREF_SPECIFIC_REQUEST,numUserPREF_WITHHOLD,numUserTHREAT_NEG,numUserTHREAT_POS,numUserTIMING,numVHBATNA_INFO,numVHBATNA_REQUEST,numVHCONFUSION,numVHFAVOR_ACCEPT,numVHFAVOR_REJECT,numVHFAVOR_REQUEST,numVHFAVOR_RETURN,numVHGENERIC_NEG,numVHGENERIC_POS,numVHNONE,numVHOFFER_ACCEPT,numVHOFFER_PROPOSE,numVHOFFER_REJECT,numVHOFFER_REQUEST_NEG,numVHOFFER_REQUEST_POS,numVHPREF_INFO,numVHPREF_REQUEST,numVHPREF_SPECIFIC_REQUEST,numVHPREF_WITHHOLD,numVHTHREAT_NEG,numVHTHREAT_POS,numVHTIMING,like1,favorNo,QuestionNeuroticism,QuestionExtraversioin,QuestionOpenness,QuestionAgreeableness,QuestionConscientiousness,Cooperativeness,Assertiveness,Neuroticism,Extraversion,Openness,Agreeableness,Conscientiousness
false,player,QuestionnaireSympathizer,3,82,false,false,2,1,0,1,0,0,3,8,0,0,0,1,1,3,0,0,1,2,0,0,0,1,0,FavorPart1,0,60,600,0,0,0,0,0,1,0,0,1,0,0,0,0,0,0,0,0,5,4,5,5,0,0,0,0,0,0,0,0,0,1,1,0,0,0,0,0,0,1,0,0,0,0,0,1,0,0,0,0,1,0,0,2,1,0,1,1,0,0,1,0,0,0,0,0,0,1.0,No,18,30,22,26,26,-1.0:1.0,-1.0:1.0,questionnaire:18,questionnaire:30,questionnaire:22,questionnaire:26,questionnaire:26

: Survey Results: 
: false__SEND_MESSAGE,BATNA_INFO,Just so you know, I already have an offer for 12 points, so I won't accept anything less.   What about you?
: false__SEND_MESSAGE,FAVOR_REQUEST,Excuse me, but there is a super-valuable item here for me!  If you accept my favor request, I'll promise to pay you back in a future round!
: false__TIME,NONE,5
: false__SEND_EXPRESSION,NONE,happy
: false__SEND_EXPRESSION,NONE,happy
: false__TIME,NONE,10
: false__SEND_MESSAGE,GENERIC_POS,Well, at least you're happy!
: false__SEND_MESSAGE,GENERIC_POS,We should try to split things evenly.
: false__SEND_EXPRESSION,NONE,happy
: false__TIME,NONE,15
: false__SEND_MESSAGE,GENERIC_POS,I think so, too!
: false__SEND_EXPRESSION,NONE,sad
: false__SEND_EXPRESSION,NONE,sad
: false__TIME,NONE,20
: false__SEND_MESSAGE,NONE,I'm thinking...
: false__SEND_EXPRESSION,NONE,neutral
: false__TIME,NONE,25
: false__SEND_MESSAGE,NONE,Okay.
: false__SEND_MESSAGE,PREF_REQUEST,So could you tell me about your preferences?
: false__TIME,NONE,30
: false__SEND_EXPRESSION,NONE,insincereSmile
: false__SEND_MESSAGE,PREF_INFO,I like cuckoo clocks more than paintings.,1: 3 2: 1 GREATER_THAN false
: false__OFFER_IN_PROGRESS,NONE,null
: false__TIME,NONE,35
: false__SEND_OFFER,NONE,null,[ [0, 5, 0], [0, 5, 0], [0, 5, 0], [0, 4, 1] ]
: false__SEND_EXPRESSION,NONE,sad
: false__SEND_MESSAGE,OFFER_REJECT,I won't be able to accept that.  So sorry. :(
: false__TIME,NONE,40
: false__OFFER_IN_PROGRESS,NONE,null
: false__SEND_MESSAGE,OFFER_PROPOSE,I think this deal will interest you.
: false__TIME,NONE,45
: false__SEND_OFFER,NONE,null,[ [0, 5, 0], [0, 4, 1], [0, 5, 0], [1, 4, 0] ]
: false__OFFER_IN_PROGRESS,NONE,null
: false__TIME,NONE,50
: false__TIME,NONE,55
: false__SEND_OFFER,NONE,null,[ [5, 0, 0], [4, 0, 1], [5, 0, 0], [5, 0, 0] ]
: false__SEND_EXPRESSION,NONE,happy
: false__FORMAL_ACCEPT,NONE,null
: false__TIME,NONE,60
: false__FORMAL_ACCEPT,NONE,null
: false__GAME_START,NONE,null
: false__GAME_END,NONE,null


