id,agent0,agent1,userPoints,vhPoints,timedout,formallyQuit,numUserOffers,numVHOffers,numUserPref,numVHPref,numUserQuery,numVHQuery,numUserMsg,numVHMsg,numUserLie,numVHLie,numUserNeutral,numVHNeutral,numUserHappy,numVHHappy,numUserAngry,numVHAngry,numUserSad,numVHSad,numUserSurprised,numVHSurprised,numVHDisgusted,numVHInsincere,numVHAfraid,studyName,currentGame,gameEndTime,gameAllottedTime,numUserBATNALies,numVHBATNALies,initialOfferUserAlloc1,initialOfferUserAlloc2,initialOfferUserAlloc3,initialOfferUserAlloc4,initialOfferUserAlloc5,finalOfferUserAlloc1,finalOfferUserAlloc2,finalOfferUserAlloc3,finalOfferUserAlloc4,finalOfferUserAlloc5,initialOfferVHAlloc1,initialOfferVHAlloc2,initialOfferVHAlloc3,initialOfferVHAlloc4,initialOfferVHAlloc5,finalOfferVHAlloc1,finalOfferVHAlloc2,finalOfferVHAlloc3,finalOfferVHAlloc4,finalOfferVHAlloc5,numUserBATNA_INFO,numUserBATNA_REQUEST,numUserCONFUSION,numUserFAVOR_ACCEPT,numUserFAVOR_REJECT,numUserFAVOR_REQUEST,numUserFAVOR_RETURN,numUserGENERIC_NEG,numUserGENERIC_POS,numUserNONE,numUserOFFER_ACCEPT,numUserOFFER_PROPOSE,numUserOFFER_REJECT,numUserOFFER_REQUEST_NEG,numUserOFFER_REQUEST_POS,numUserPREF_INFO,numUserPREF_REQUEST,numUserPREF_SPECIFIC_REQUEST,numUserPREF_WITHHOLD,numUserTHREAT_NEG,numUserTHREAT_POS,numUserTIMING,numVHBATNA_INFO,numVHBATNA_REQUEST,numVHCONFUSION,numVHFAVOR_ACCEPT,numVHFAVOR_REJECT,numVHFAVOR_REQUEST,numVHFAVOR_RETURN,numVHGENERIC_NEG,numVHGENERIC_POS,numVHNONE,numVHOFFER_ACCEPT,numVHOFFER_PROPOSE,numVHOFFER_REJECT,numVHOFFER_REQUEST_NEG,numVHOFFER_REQUEST_POS,numVHPREF_INFO,numVHPREF_REQUEST,numVHPREF_SPECIFIC_REQUEST,numVHPREF_WITHHOLD,numVHTHREAT_NEG,numVHTHREAT_POS,numVHTIMING,like7,favorNo,Cooperativeness,Assertiveness,Neuroticism,Extraversioin,Openness,Agreeableness,Conscientiousness
false,player,Sympathizer,21,64,false,false,2,1,0,1,1,0,2,8,0,0,1,0,1,3,0,0,1,3,0,0,0,0,0,FavorPart1,0,85,420,0,0,0,0,0,0,0,1,5,1,0,0,0,0,0,0,0,4,0,4,5,0,0,0,0,0,0,0,0,0,0,1,0,0,0,0,0,1,0,0,0,0,0,0,1,0,0,0,0,1,0,0,2,0,1,1,1,0,0,1,0,0,0,0,0,0,7.0,No,-0.0:0.48571428571428577,0.0:-0.48571428571428543,-0.11111111111111108:-0.23809523809523805,0.4666666666666666:0.4122448979591836,-0.4444444444444445:-0.2523809523809523,-1.0:-0.5714285714285714,-0.6666666666666666:-0.7795918367346937

: Survey Results: 
: false__SEND_MESSAGE,BATNA_INFO,Just so you know, I already have an offer for 12 points, so I won't accept anything less.   What about you?
: false__SEND_MESSAGE,FAVOR_REQUEST,Excuse me, but there is a super-valuable item here for me!  If you accept my favor request, I'll promise to pay you back in a future round!
: false__TIME,NONE,5
: false__SEND_EXPRESSION,NONE,sad
: false__SEND_EXPRESSION,NONE,sad
: false__SEND_EXPRESSION,NONE,neutral
: false__SEND_EXPRESSION,NONE,happy
: false__TIME,NONE,10
: false__SEND_MESSAGE,GENERIC_POS,What's wrong?
: false__SEND_EXPRESSION,NONE,sad
: false__TIME,NONE,15
: false__SEND_EXPRESSION,NONE,happy
: false__TIME,NONE,20
: false__SEND_MESSAGE,GENERIC_POS,Well, at least you're happy!
: false__SEND_MESSAGE,PREF_INFO,Do you like lamps more than cuckoo clocks?,1: 0 2: 3 GREATER_THAN true
: false__SEND_EXPRESSION,NONE,happy
: false__TIME,NONE,25
: false__SEND_MESSAGE,PREF_INFO,I like lamps less than cuckoo clocks.,1: 0 2: 3 LESS_THAN false
: false__SEND_MESSAGE,NONE,I'm happy with this so far!
: false__TIME,NONE,30
: false__OFFER_IN_PROGRESS,NONE,null
: false__SEND_OFFER,NONE,null,[ [0, 5, 0], [0, 5, 0], [0, 5, 0], [0, 5, 0] ]
: false__TIME,NONE,35
: false__SEND_EXPRESSION,NONE,sad
: false__SEND_MESSAGE,OFFER_REJECT,I won't be able to accept that.  So sorry. :(
: false__OFFER_IN_PROGRESS,NONE,null
: false__TIME,NONE,40
: false__SEND_MESSAGE,OFFER_PROPOSE,Please consider this deal?
: false__SEND_OFFER,NONE,null,[ [0, 5, 0], [0, 4, 1], [0, 5, 0], [1, 4, 0] ]
: false__TIME,NONE,45
: false__TIME,NONE,50
: false__TIME,NONE,55
: false__TIME,NONE,60
: false__TIME,NONE,65
: false__OFFER_IN_PROGRESS,NONE,null
: false__TIME,NONE,70
: false__TIME,NONE,75
: false__SEND_OFFER,NONE,null,[ [4, 0, 1], [0, 0, 5], [4, 0, 1], [5, 0, 0] ]
: false__SEND_EXPRESSION,NONE,happy
: false__SEND_MESSAGE,OFFER_ACCEPT,That seems like a good deal.
: false__TIME,NONE,80
: false__FORMAL_ACCEPT,NONE,null
: false__FORMAL_ACCEPT,NONE,null
: false__GAME_START,NONE,null
: false__TIME,NONE,85
: false__GAME_END,NONE,null


id,agent0,agent1,userPoints,vhPoints,timedout,formallyQuit,numUserOffers,numVHOffers,numUserPref,numVHPref,numUserQuery,numVHQuery,numUserMsg,numVHMsg,numUserLie,numVHLie,numUserNeutral,numVHNeutral,numUserHappy,numVHHappy,numUserAngry,numVHAngry,numUserSad,numVHSad,numUserSurprised,numVHSurprised,numVHDisgusted,numVHInsincere,numVHAfraid,studyName,currentGame,gameEndTime,gameAllottedTime,numUserBATNALies,numVHBATNALies,initialOfferUserAlloc1,initialOfferUserAlloc2,initialOfferUserAlloc3,initialOfferUserAlloc4,initialOfferUserAlloc5,finalOfferUserAlloc1,finalOfferUserAlloc2,finalOfferUserAlloc3,finalOfferUserAlloc4,finalOfferUserAlloc5,initialOfferVHAlloc1,initialOfferVHAlloc2,initialOfferVHAlloc3,initialOfferVHAlloc4,initialOfferVHAlloc5,finalOfferVHAlloc1,finalOfferVHAlloc2,finalOfferVHAlloc3,finalOfferVHAlloc4,finalOfferVHAlloc5,numUserBATNA_INFO,numUserBATNA_REQUEST,numUserCONFUSION,numUserFAVOR_ACCEPT,numUserFAVOR_REJECT,numUserFAVOR_REQUEST,numUserFAVOR_RETURN,numUserGENERIC_NEG,numUserGENERIC_POS,numUserNONE,numUserOFFER_ACCEPT,numUserOFFER_PROPOSE,numUserOFFER_REJECT,numUserOFFER_REQUEST_NEG,numUserOFFER_REQUEST_POS,numUserPREF_INFO,numUserPREF_REQUEST,numUserPREF_SPECIFIC_REQUEST,numUserPREF_WITHHOLD,numUserTHREAT_NEG,numUserTHREAT_POS,numUserTIMING,numVHBATNA_INFO,numVHBATNA_REQUEST,numVHCONFUSION,numVHFAVOR_ACCEPT,numVHFAVOR_REJECT,numVHFAVOR_REQUEST,numVHFAVOR_RETURN,numVHGENERIC_NEG,numVHGENERIC_POS,numVHNONE,numVHOFFER_ACCEPT,numVHOFFER_PROPOSE,numVHOFFER_REJECT,numVHOFFER_REQUEST_NEG,numVHOFFER_REQUEST_POS,numVHPREF_INFO,numVHPREF_REQUEST,numVHPREF_SPECIFIC_REQUEST,numVHPREF_WITHHOLD,numVHTHREAT_NEG,numVHTHREAT_POS,numVHTIMING,like4,favorNo,QuestionNeuroticism,QuestionExtraversioin,QuestionOpenness,QuestionAgreeableness,QuestionConscientiousness,Cooperativeness,Assertiveness,Neuroticism,Extraversion,Openness,Agreeableness,Conscientiousness
false,player,Sympathizer,7,80,false,false,1,0,0,0,0,0,0,3,0,0,0,0,0,1,0,0,0,0,0,0,0,0,0,FavorPart1,0,40,600,0,0,0,1,1,0,0,0,1,1,0,0,5,4,4,5,0,5,4,4,5,0,0,0,0,0,0,0,0,0,0,0,0,0,0,0,0,0,0,0,0,0,0,0,1,0,0,0,0,1,0,0,0,0,1,0,0,0,0,0,0,0,0,0,0,0,4.0,No,42,30,38,34,34,1.0,1.0,-1.0,1.0,1.0,1.0,1.0

: Survey Results: 
: false__SEND_MESSAGE,BATNA_INFO,Just so you know, I already have an offer for 12 points, so I won't accept anything less.   What about you?
: false__OFFER_IN_PROGRESS,NONE,null
: false__SEND_MESSAGE,FAVOR_REQUEST,Excuse me, but there is a super-valuable item here for me!  If you accept my favor request, I'll promise to pay you back in a future round!
: false__TIME,NONE,5
: false__TIME,NONE,10
: false__SEND_OFFER,NONE,null,[ [5, 0, 0], [4, 0, 1], [4, 0, 1], [5, 0, 0] ]
: false__TIME,NONE,15
: false__SEND_EXPRESSION,NONE,happy
: false__SEND_MESSAGE,OFFER_ACCEPT,That will work for me.
: false__FORMAL_ACCEPT,NONE,null
: false__TIME,NONE,20
: false__TIME,NONE,25
: false__TIME,NONE,30
: false__TIME,NONE,35
: false__FORMAL_ACCEPT,NONE,null
: false__GAME_START,NONE,null
: false__TIME,NONE,40
: false__GAME_END,NONE,null


id,agent0,agent1,userPoints,vhPoints,timedout,formallyQuit,numUserOffers,numVHOffers,numUserPref,numVHPref,numUserQuery,numVHQuery,numUserMsg,numVHMsg,numUserLie,numVHLie,numUserNeutral,numVHNeutral,numUserHappy,numVHHappy,numUserAngry,numVHAngry,numUserSad,numVHSad,numUserSurprised,numVHSurprised,numVHDisgusted,numVHInsincere,numVHAfraid,studyName,currentGame,gameEndTime,gameAllottedTime,numUserBATNALies,numVHBATNALies,initialOfferUserAlloc1,initialOfferUserAlloc2,initialOfferUserAlloc3,initialOfferUserAlloc4,initialOfferUserAlloc5,finalOfferUserAlloc1,finalOfferUserAlloc2,finalOfferUserAlloc3,finalOfferUserAlloc4,finalOfferUserAlloc5,initialOfferVHAlloc1,initialOfferVHAlloc2,initialOfferVHAlloc3,initialOfferVHAlloc4,initialOfferVHAlloc5,finalOfferVHAlloc1,finalOfferVHAlloc2,finalOfferVHAlloc3,finalOfferVHAlloc4,finalOfferVHAlloc5,numUserBATNA_INFO,numUserBATNA_REQUEST,numUserCONFUSION,numUserFAVOR_ACCEPT,numUserFAVOR_REJECT,numUserFAVOR_REQUEST,numUserFAVOR_RETURN,numUserGENERIC_NEG,numUserGENERIC_POS,numUserNONE,numUserOFFER_ACCEPT,numUserOFFER_PROPOSE,numUserOFFER_REJECT,numUserOFFER_REQUEST_NEG,numUserOFFER_REQUEST_POS,numUserPREF_INFO,numUserPREF_REQUEST,numUserPREF_SPECIFIC_REQUEST,numUserPREF_WITHHOLD,numUserTHREAT_NEG,numUserTHREAT_POS,numUserTIMING,numVHBATNA_INFO,numVHBATNA_REQUEST,numVHCONFUSION,numVHFAVOR_ACCEPT,numVHFAVOR_REJECT,numVHFAVOR_REQUEST,numVHFAVOR_RETURN,numVHGENERIC_NEG,numVHGENERIC_POS,numVHNONE,numVHOFFER_ACCEPT,numVHOFFER_PROPOSE,numVHOFFER_REJECT,numVHOFFER_REQUEST_NEG,numVHOFFER_REQUEST_POS,numVHPREF_INFO,numVHPREF_REQUEST,numVHPREF_SPECIFIC_REQUEST,numVHPREF_WITHHOLD,numVHTHREAT_NEG,numVHTHREAT_POS,numVHTIMING,like1,favorNo,QuestionNeuroticism,QuestionExtraversioin,QuestionOpenness,QuestionAgreeableness,QuestionConscientiousness,Cooperativeness,Assertiveness,Neuroticism,Extraversion,Openness,Agreeableness,Conscientiousness
false,player,Sympathizer,0,85,false,false,1,0,0,0,0,0,0,3,0,0,0,0,0,1,0,0,0,0,0,0,0,0,0,FavorPart1,0,35,600,0,0,0,0,0,0,0,0,0,0,0,0,5,5,5,5,0,5,5,5,5,0,0,0,0,0,0,0,0,0,0,0,0,0,0,0,0,0,0,0,0,0,0,0,1,0,0,0,0,1,0,0,0,0,1,0,0,0,0,0,0,0,0,0,0,0,1.0,No,42,30,38,34,34,1.0,1.0,1.0,-1.0,1.0,1.0,1.0

: Survey Results: 
: false__SEND_MESSAGE,BATNA_INFO,Just so you know, I already have an offer for 12 points, so I won't accept anything less.   What about you?
: false__SEND_MESSAGE,FAVOR_REQUEST,Excuse me, but there is a super-valuable item here for me!  If you accept my favor request, I'll promise to pay you back in a future round!
: false__TIME,NONE,5
: false__OFFER_IN_PROGRESS,NONE,null
: false__TIME,NONE,10
: false__SEND_OFFER,NONE,null,[ [5, 0, 0], [5, 0, 0], [5, 0, 0], [5, 0, 0] ]
: false__SEND_EXPRESSION,NONE,happy
: false__TIME,NONE,15
: false__SEND_MESSAGE,OFFER_ACCEPT,Yes. This deal will work.
: false__FORMAL_ACCEPT,NONE,null
: false__TIME,NONE,20
: false__TIME,NONE,25
: false__TIME,NONE,30
: false__TIME,NONE,35
: false__FORMAL_ACCEPT,NONE,null
: false__GAME_START,NONE,null
: false__GAME_END,NONE,null


