id,agent0,agent1,userPoints,vhPoints,timedout,formallyQuit,numUserOffers,numVHOffers,numUserPref,numVHPref,numUserQuery,numVHQuery,numUserMsg,numVHMsg,numUserLie,numVHLie,numUserNeutral,numVHNeutral,numUserHappy,numVHHappy,numUserAngry,numVHAngry,numUserSad,numVHSad,numUserSurprised,numVHSurprised,numVHDisgusted,numVHInsincere,numVHAfraid,studyName,currentGame,gameEndTime,gameAllottedTime,numUserBATNALies,numVHBATNALies,initialOfferUserAlloc1,initialOfferUserAlloc2,initialOfferUserAlloc3,initialOfferUserAlloc4,initialOfferUserAlloc5,finalOfferUserAlloc1,finalOfferUserAlloc2,finalOfferUserAlloc3,finalOfferUserAlloc4,finalOfferUserAlloc5,initialOfferVHAlloc1,initialOfferVHAlloc2,initialOfferVHAlloc3,initialOfferVHAlloc4,initialOfferVHAlloc5,finalOfferVHAlloc1,finalOfferVHAlloc2,finalOfferVHAlloc3,finalOfferVHAlloc4,finalOfferVHAlloc5,numUserBATNA_INFO,numUserBATNA_REQUEST,numUserCONFUSION,numUserFAVOR_ACCEPT,numUserFAVOR_REJECT,numUserFAVOR_REQUEST,numUserFAVOR_RETURN,numUserGENERIC_NEG,numUserGENERIC_POS,numUserNONE,numUserOFFER_ACCEPT,numUserOFFER_PROPOSE,numUserOFFER_REJECT,numUserOFFER_REQUEST_NEG,numUserOFFER_REQUEST_POS,numUserPREF_INFO,numUserPREF_REQUEST,numUserPREF_SPECIFIC_REQUEST,numUserPREF_WITHHOLD,numUserTHREAT_NEG,numUserTHREAT_POS,numUserTIMING,numVHBATNA_INFO,numVHBATNA_REQUEST,numVHCONFUSION,numVHFAVOR_ACCEPT,numVHFAVOR_REJECT,numVHFAVOR_REQUEST,numVHFAVOR_RETURN,numVHGENERIC_NEG,numVHGENERIC_POS,numVHNONE,numVHOFFER_ACCEPT,numVHOFFER_PROPOSE,numVHOFFER_REJECT,numVHOFFER_REQUEST_NEG,numVHOFFER_REQUEST_POS,numVHPREF_INFO,numVHPREF_REQUEST,numVHPREF_SPECIFIC_REQUEST,numVHPREF_WITHHOLD,numVHTHREAT_NEG,numVHTHREAT_POS,numVHTIMING,like5,satisfy4,satisfyOther2,coopOther1,friendOther1,trustOther1,longOther1,fairOther2,honestOther2,emotionOther2,messageOther3,offerOther2,generalOther4,QuestionNeuroticism,QuestionExtraversioin,QuestionOpenness,QuestionAgreeableness,QuestionConscientiousness,Cooperativeness,Assertiveness,Neuroticism,Extraversion,Openness,Agreeableness,Conscientiousness,NeuroticismOffer,ExtraversionOffer,OpennessOffer,AgreeablenessOffer,ConscientiousnessOffer,NeuroticismBehavior,ExtraversionBehavior,OpennessBehavior,AgreeablenessBehavior,ConscientiousnessBehavior,offerWeight,behaviorWeight,agentUtil,playerUtil,t
1,player,Mentalist,32,37,false,false,5,4,1,2,1,0,7,22,0,0,0,0,1,10,1,0,1,5,0,0,0,0,0,Pilot,1,180,600,0,0,1,0,1,0,0,0,4,0,5,0,0,0,0,2,0,5,1,5,0,0,0,0,0,0,0,1,1,0,0,0,3,0,0,0,0,2,0,0,0,0,0,0,0,0,0,2,0,0,0,0,8,0,1,4,2,0,0,1,2,0,0,0,0,2,5.0,4.0,2.0,1.0,1.0,1.0,1.0,2.0,2.0,2.0,3.0,2.0,4.0,18,30,22,26,26,-0.21428571428571352:-0.21428571428571352:0.06790123456790176,1.0:0.20676246795735265:0.6355601595247955,-0.92:-0.9:-0.9,0.9866666666666667:0.9047619047619048:0.8125,-1.0:-0.49861016176805656:-0.17185140327759002,0.33333333333333337:0.2666666666666667:0.306989247311828,0.5733333333333334:0.21086925881734062:-0.21166494017820175,-1.0:-1.0:-1.0,1.0:1.0:1.0,-1.0:-0.42036910457963095:0.015309240074324437,0.6000000000000001:0.6000000000000001:0.6537634408602151,0.8333333333333334:0.4367145673120097:-0.12666436468204678,-0.6:-0.6:-0.6,0.9333333333333333:0.6190476190476191:0.25,-1.0:-0.7333333333333334:-0.7333333333333334,-0.7333333333333334:-0.7333333333333334:-0.7333333333333334,-0.4666666666666667:-0.4666666666666667:-0.4666666666666667,0.8:0.75:0.75,0.2:0.25:0.25,0.08:0.16:0.74,0.08:0.16:0.64,3

: Survey Results: 
: 1__OFFER_IN_PROGRESS,NONE,null
: 1__TIME,NONE,40
: 1__SEND_OFFER,NONE,null,[ [0, 4, 1], [0, 5, 0], [0, 4, 1], [2, 3, 0] ]
: 1__SEND_EXPRESSION,NONE,sad
: 1__TIME,NONE,45
: 1__SEND_MESSAGE,OFFER_REJECT,I'm sorry, but I don't think that's fair to me.
: 1__OFFER_IN_PROGRESS,NONE,null
: 1__TIME,NONE,50
: 1__SEND_MESSAGE,OFFER_PROPOSE,I think this arrangement is fair.
: 1__SEND_OFFER,NONE,null,[ [0, 4, 1], [0, 5, 0], [0, 4, 1], [3, 2, 0] ]
: 1__TIME,NONE,55
: 1__TIME,NONE,60
: 1__TIME,NONE,65
: 1__TIME,NONE,70
: 1__TIME,NONE,75
: 1__TIME,NONE,80
: 1__SEND_MESSAGE,TIMING,Can I do anything to help us reach a deal that's good for us both?
: 1__TIME,NONE,85
: 1__TIME,NONE,90
: 1__SEND_MESSAGE,PREF_REQUEST,By the way, will you tell me a little about your preferences?
: 1__TIME,NONE,95
: 1__TIME,NONE,100
: 1__TIME,NONE,105
: 1__SEND_MESSAGE,OFFER_ACCEPT,Yes, I accept that offer.
: 1__SEND_EXPRESSION,NONE,happy
: 1__TIME,NONE,110
: 1__SEND_MESSAGE,GENERIC_POS,Sounds good!
: 1__TIME,NONE,115
: 1__SEND_MESSAGE,FAVOR_REQUEST,Would you please send a good deal in exchange for a favor?
: 1__TIME,NONE,120
: 1__SEND_MESSAGE,FAVOR_ACCEPT,Sure, but you'll owe me one, ok?
: 1__SEND_MESSAGE,OFFER_PROPOSE,Please consider this deal?
: 1__TIME,NONE,125
: 1__SEND_OFFER,NONE,null,[ [0, 3, 2], [0, 5, 0], [0, 4, 1], [3, 2, 0] ]
: 1__SEND_MESSAGE,OFFER_ACCEPT,Yes, I accept that offer.
: 1__SEND_EXPRESSION,NONE,happy
: 1__TIME,NONE,130
: 1__SEND_MESSAGE,GENERIC_POS,I'm glad we could come to an agreement!
: 1__SEND_MESSAGE,FAVOR_RETURN,I'm returning the favor to you!  Give me a deal good for you.
: 1__SEND_EXPRESSION,NONE,happy
: 1__TIME,NONE,135
: 1__SEND_MESSAGE,FAVOR_ACCEPT,Thanks for returning the favor from before!
: 1__TIME,NONE,140
: 1__SEND_MESSAGE,OFFER_PROPOSE,I think you'll find this offer to be satisfactory.
: 1__SEND_OFFER,NONE,null,[ [0, 3, 2], [0, 5, 0], [0, 4, 1], [4, 1, 0] ]
: 1__SEND_MESSAGE,OFFER_ACCEPT,Yes, I accept that offer.
: 1__TIME,NONE,145
: 1__SEND_EXPRESSION,NONE,happy
: 1__OFFER_IN_PROGRESS,NONE,null
: 1__SEND_MESSAGE,GENERIC_POS,Wonderful!
: 1__TIME,NONE,150
: 1__TIME,NONE,155
: 1__TIME,NONE,160
: 1__SEND_OFFER,NONE,null,[ [0, 0, 5], [5, 0, 0], [2, 0, 3], [5, 0, 0] ]
: 1__SEND_EXPRESSION,NONE,happy
: 1__FORMAL_ACCEPT,NONE,null
: 1__TIME,NONE,165
: 1__FORMAL_ACCEPT,NONE,null
: 1__GAME_START,NONE,null
: 1__GAME_END,NONE,null
: 1__GAME_START,NONE,null
: 1__GAME_START,NONE,null
: 1__SEND_EXPRESSION,NONE,happy
: 1__SEND_EXPRESSION,NONE,happy
: 1__TIME,NONE,5
: 1__SEND_MESSAGE,GENERIC_POS,Good!
: 1__TIME,NONE,10
: 1__SEND_EXPRESSION,NONE,sad
: 1__SEND_EXPRESSION,NONE,sad
: 1__SEND_MESSAGE,GENERIC_POS,What's going on?
: 1__SEND_EXPRESSION,NONE,angry
: 1__TIME,NONE,15
: 1__SEND_EXPRESSION,NONE,sad
: 1__SEND_MESSAGE,GENERIC_POS,Was there anything about my behavior that you didn't like...?
: 1__TIME,NONE,20
: 1__TIME,NONE,25
: 1__GAME_START,NONE,null
: 1__GAME_START,NONE,null
: 1__TIME,NONE,30
: 1__SEND_MESSAGE,PREF_INFO,I like bananas more than apples.,1: 3 2: 0 GREATER_THAN false
: 1__SEND_EXPRESSION,NONE,happy
: 1__TIME,NONE,35
: 1__SEND_MESSAGE,GENERIC_POS,Thanks for the information. You can ask for my preference via "Ask your opponent's preference" or "So could you tell me about your preferences?".,1: 3 2: 0 LESS_THAN false
: 1__TIME,NONE,40
: 1__OFFER_IN_PROGRESS,NONE,null
: 1__TIME,NONE,45
: 1__TIME,NONE,50
: 1__TIME,NONE,55
: 1__SEND_EXPRESSION,NONE,sad
: 1__SEND_OFFER,NONE,null,[ [1, 4, 0], [0, 5, 0], [0, 5, 0], [0, 4, 1] ]
: 1__SEND_MESSAGE,TIMING,If you want me to send you an Offer, please send me a message saying "Would you please make an offer?" or "What wrong with you? Hurry up and make an offer!".
: 1__TIME,NONE,60
: 1__SEND_EXPRESSION,NONE,sad
: 1__SEND_MESSAGE,OFFER_REJECT,I'm sorry, but I don't think that's fair to me.
: 1__OFFER_IN_PROGRESS,NONE,null
: 1__TIME,NONE,65
: 1__SEND_MESSAGE,OFFER_PROPOSE,I think this deal is the best idea ever.
: 1__SEND_OFFER,NONE,null,[ [2, 3, 0], [0, 5, 0], [0, 5, 0], [0, 4, 1] ]
: 1__TIME,NONE,70
: 1__TIME,NONE,75
: 1__TIME,NONE,80
: 1__TIME,NONE,85
: 1__TIME,NONE,90
: 1__SEND_MESSAGE,PREF_REQUEST,By the way, will you tell me a little about your preferences?
: 1__TIME,NONE,95
: 1__TIME,NONE,100
: 1__SEND_MESSAGE,PREF_INFO,Do you like bananas more than apples?,1: 3 2: 0 GREATER_THAN true
: 1__TIME,NONE,105
: 1__SEND_EXPRESSION,NONE,happy
: 1__SEND_MESSAGE,GENERIC_POS,I like bananas less than apples.,1: 3 2: 0 LESS_THAN false
: 1__TIME,NONE,110
: 1__OFFER_IN_PROGRESS,NONE,null
: 1__SEND_OFFER,NONE,null,[ [2, 3, 0], [0, 5, 0], [0, 5, 0], [0, 3, 2] ]
: 1__SEND_EXPRESSION,NONE,happy
: 1__TIME,NONE,115
: 1__SEND_MESSAGE,OFFER_ACCEPT,This offer is great!
: 1__TIME,NONE,120
: 1__TIME,NONE,125
: 1__TIME,NONE,130
: 1__TIME,NONE,135
: 1__TIME,NONE,140
: 1__TIME,NONE,145
: 1__TIME,NONE,150
: 1__SEND_MESSAGE,PREF_INFO,I like bananas the least.
: 1__OFFER_IN_PROGRESS,NONE,null
: 1__TIME,NONE,155
: 1__TIME,NONE,160
: 1__TIME,NONE,165
: 1__TIME,NONE,170
: 1__SEND_OFFER,NONE,null,[ [5, 0, 0], [1, 0, 4], [5, 0, 0], [0, 0, 5] ]
: 1__SEND_EXPRESSION,NONE,happy
: 1__FORMAL_ACCEPT,NONE,null
: 1__TIME,NONE,175
: 1__GAME_START,NONE,null
: 1__GAME_START,NONE,null
: 1__TIME,NONE,180
: 1__FORMAL_ACCEPT,NONE,null
: 1__GAME_START,NONE,null
: 1__GAME_START,NONE,null
: 1__GAME_END,NONE,null


id,agent0,agent1,userPoints,vhPoints,timedout,formallyQuit,numUserOffers,numVHOffers,numUserPref,numVHPref,numUserQuery,numVHQuery,numUserMsg,numVHMsg,numUserLie,numVHLie,numUserNeutral,numVHNeutral,numUserHappy,numVHHappy,numUserAngry,numVHAngry,numUserSad,numVHSad,numUserSurprised,numVHSurprised,numVHDisgusted,numVHInsincere,numVHAfraid,studyName,currentGame,gameEndTime,gameAllottedTime,numUserBATNALies,numVHBATNALies,initialOfferUserAlloc1,initialOfferUserAlloc2,initialOfferUserAlloc3,initialOfferUserAlloc4,initialOfferUserAlloc5,finalOfferUserAlloc1,finalOfferUserAlloc2,finalOfferUserAlloc3,finalOfferUserAlloc4,finalOfferUserAlloc5,initialOfferVHAlloc1,initialOfferVHAlloc2,initialOfferVHAlloc3,initialOfferVHAlloc4,initialOfferVHAlloc5,finalOfferVHAlloc1,finalOfferVHAlloc2,finalOfferVHAlloc3,finalOfferVHAlloc4,finalOfferVHAlloc5,numUserBATNA_INFO,numUserBATNA_REQUEST,numUserCONFUSION,numUserFAVOR_ACCEPT,numUserFAVOR_REJECT,numUserFAVOR_REQUEST,numUserFAVOR_RETURN,numUserGENERIC_NEG,numUserGENERIC_POS,numUserNONE,numUserOFFER_ACCEPT,numUserOFFER_PROPOSE,numUserOFFER_REJECT,numUserOFFER_REQUEST_NEG,numUserOFFER_REQUEST_POS,numUserPREF_INFO,numUserPREF_REQUEST,numUserPREF_SPECIFIC_REQUEST,numUserPREF_WITHHOLD,numUserTHREAT_NEG,numUserTHREAT_POS,numUserTIMING,numVHBATNA_INFO,numVHBATNA_REQUEST,numVHCONFUSION,numVHFAVOR_ACCEPT,numVHFAVOR_REJECT,numVHFAVOR_REQUEST,numVHFAVOR_RETURN,numVHGENERIC_NEG,numVHGENERIC_POS,numVHNONE,numVHOFFER_ACCEPT,numVHOFFER_PROPOSE,numVHOFFER_REJECT,numVHOFFER_REQUEST_NEG,numVHOFFER_REQUEST_POS,numVHPREF_INFO,numVHPREF_REQUEST,numVHPREF_SPECIFIC_REQUEST,numVHPREF_WITHHOLD,numVHTHREAT_NEG,numVHTHREAT_POS,numVHTIMING,like3,satisfy2,satisfyOther2,coopOther2,friendOther3,trustOther2,longOther2,fairOther2,honestOther2,emotionOther2,messageOther2,offerOther2,generalOther3,QuestionNeuroticism,QuestionExtraversioin,QuestionOpenness,QuestionAgreeableness,QuestionConscientiousness,Cooperativeness,Assertiveness,Neuroticism,Extraversion,Openness,Agreeableness,Conscientiousness,NeuroticismOffer,ExtraversionOffer,OpennessOffer,AgreeablenessOffer,ConscientiousnessOffer,NeuroticismBehavior,ExtraversionBehavior,OpennessBehavior,AgreeablenessBehavior,ConscientiousnessBehavior,offerWeight,behaviorWeight,agentUtil,playerUtil,t
1,player,Mentalist,28,33,false,false,1,0,0,0,0,0,0,1,0,0,0,0,0,1,0,0,0,0,0,0,0,0,0,Pilot,0,20,600,0,0,0,0,4,5,0,0,0,4,5,0,5,5,1,0,0,5,5,1,0,0,0,0,0,0,0,0,0,0,0,0,0,0,0,0,0,0,0,0,0,0,0,0,0,0,0,0,0,0,0,0,0,1,0,0,0,0,0,0,0,0,0,0,0,0,3.0,2.0,2.0,2.0,3.0,2.0,2.0,2.0,2.0,2.0,2.0,2.0,3.0,18,30,22,26,26,0.8333333333333331,1.0,-1.0,1.0,-1.0,0.6819672131147541,0.0,-1.0,1.0,-1.0,0.6819672131147541,0.0,-1.0,1.0,-1.0,-1.0,-1.0,1.0,0.0,0.66,0.56,1

: Survey Results: 
: 1__SEND_MESSAGE,NONE,I'm glad to see you! Let's start negotiating!
: 1__OFFER_IN_PROGRESS,NONE,null
: 1__TIME,NONE,5
: 1__TIME,NONE,10
: 1__SEND_OFFER,NONE,null,[ [5, 0, 0], [5, 0, 0], [1, 0, 4], [0, 0, 5] ]
: 1__TIME,NONE,15
: 1__SEND_EXPRESSION,NONE,happy
: 1__FORMAL_ACCEPT,NONE,null
: 1__TIME,NONE,20
: 1__FORMAL_ACCEPT,NONE,null
: 1__GAME_START,NONE,null
: 1__GAME_END,NONE,null


