id,agent0,agent1,userPoints,vhPoints,timedout,formallyQuit,numUserOffers,numVHOffers,numUserPref,numVHPref,numUserQuery,numVHQuery,numUserMsg,numVHMsg,numUserLie,numVHLie,numUserNeutral,numVHNeutral,numUserHappy,numVHHappy,numUserAngry,numVHAngry,numUserSad,numVHSad,numUserSurprised,numVHSurprised,numVHDisgusted,numVHInsincere,numVHAfraid,studyName,currentGame,gameEndTime,gameAllottedTime,numUserBATNALies,numVHBATNALies,initialOfferUserAlloc1,initialOfferUserAlloc2,initialOfferUserAlloc3,initialOfferUserAlloc4,initialOfferUserAlloc5,finalOfferUserAlloc1,finalOfferUserAlloc2,finalOfferUserAlloc3,finalOfferUserAlloc4,finalOfferUserAlloc5,initialOfferVHAlloc1,initialOfferVHAlloc2,initialOfferVHAlloc3,initialOfferVHAlloc4,initialOfferVHAlloc5,finalOfferVHAlloc1,finalOfferVHAlloc2,finalOfferVHAlloc3,finalOfferVHAlloc4,finalOfferVHAlloc5,numUserBATNA_INFO,numUserBATNA_REQUEST,numUserCONFUSION,numUserFAVOR_ACCEPT,numUserFAVOR_REJECT,numUserFAVOR_REQUEST,numUserFAVOR_RETURN,numUserGENERIC_NEG,numUserGENERIC_POS,numUserNONE,numUserOFFER_ACCEPT,numUserOFFER_PROPOSE,numUserOFFER_REJECT,numUserOFFER_REQUEST_NEG,numUserOFFER_REQUEST_POS,numUserPREF_INFO,numUserPREF_REQUEST,numUserPREF_SPECIFIC_REQUEST,numUserPREF_WITHHOLD,numUserTHREAT_NEG,numUserTHREAT_POS,numUserTIMING,numVHBATNA_INFO,numVHBATNA_REQUEST,numVHCONFUSION,numVHFAVOR_ACCEPT,numVHFAVOR_REJECT,numVHFAVOR_REQUEST,numVHFAVOR_RETURN,numVHGENERIC_NEG,numVHGENERIC_POS,numVHNONE,numVHOFFER_ACCEPT,numVHOFFER_PROPOSE,numVHOFFER_REJECT,numVHOFFER_REQUEST_NEG,numVHOFFER_REQUEST_POS,numVHPREF_INFO,numVHPREF_REQUEST,numVHPREF_SPECIFIC_REQUEST,numVHPREF_WITHHOLD,numVHTHREAT_NEG,numVHTHREAT_POS,numVHTIMING,like2,satisfy2,satisfyOther2,coopOther2,friendOther2,trustOther2,longOther2,fairOther2,honestOther2,emotionOther2,messageOther2,offerOther2,generalOther4,QuestionNeuroticism,QuestionExtraversioin,QuestionOpenness,QuestionAgreeableness,QuestionConscientiousness,Cooperativeness,Assertiveness,Neuroticism,Extraversion,Openness,Agreeableness,Conscientiousness,NeuroticismOffer,ExtraversionOffer,OpennessOffer,AgreeablenessOffer,ConscientiousnessOffer,NeuroticismBehavior,ExtraversionBehavior,OpennessBehavior,AgreeablenessBehavior,ConscientiousnessBehavior,offerWeight,behaviorWeight,agentUtil,playerUtil,t,behaviorFreq,behaviorTimings,fastBehaviorNum,Offers
1,player,PilotStudy,15,45,false,false,4,1,0,0,0,0,0,5,0,0,0,0,0,3,0,0,0,1,0,0,0,0,0,Static,1,40,600,0,0,1,0,1,1,0,3,1,0,0,0,0,1,0,1,0,2,4,5,5,0,0,0,0,0,0,0,0,0,0,0,0,0,0,0,0,0,0,0,0,0,0,0,0,0,0,0,0,0,0,0,0,1,2,1,1,0,0,0,0,0,0,0,0,0,2.0,2.0,2.0,2.0,2.0,2.0,2.0,2.0,2.0,2.0,2.0,2.0,4.0,12,32,32,32,32,0.5000000000000004:1.0:1.0:1.0,1.0:1.0:1.0:1.0,-10.0,-10.0,-10.0,-10.0,-10.0,-1.0:-1.0:-0.28205128205128216:-0.5384615384615385,1.0:1.0:0.7435897435897434:1.0,-1.0:0.02617259072417144:-0.15869359994156518:-1.0,0.5230769230769231:0.9898305084745764:1.0:1.0,0.33333333333333337:0.0:0.2777777777777778:0.25,-1.0:-1.0:-1.0:-1.0,1.0:0.8333333333333334:1.0:1.0,-1.0:-1.0:-1.0:-1.0,-1.0:-1.0:-1.0:-1.0,-1.0:-1.0:-1.0:-1.0,1.0:1.0:1.0:1.0,0.0:0.0:0.0:0.0,0.12:0.7:0.82:0.9,0.14:0.22:0.22:0.3,4,8.75,5:25:25:35,0,aa a0: 3: 2b: a3: 1: 1b: a3: 2: 0b: a5: 0: 0b b: a a0: 3: 2b: a3: 1: 1b: a5: 0: 0b: a5: 0: 0b b: a a2: 0: 3b: a4: 0: 1b: a5: 0: 0b: a5: 0: 0b bb

: Survey Results: 
: 1__GAME_END,NONE,null
: 1__GAME_START,NONE,null
: 1__GAME_START,NONE,null
: 1__SEND_MESSAGE,NONE,I'm glad to see you! Let's start negotiating!
: 1__OFFER_IN_PROGRESS,NONE,null
: 1__TIME,NONE,5
: 1__SEND_OFFER,NONE,null,[ [0, 4, 1], [1, 4, 0], [0, 4, 1], [1, 3, 1] ]
: 1__SEND_EXPRESSION,NONE,sad
: 1__TIME,NONE,10
: 1__SEND_MESSAGE,OFFER_REJECT,I'm sorry, but I don't think that's fair to me.
: 1__OFFER_IN_PROGRESS,NONE,null
: 1__TIME,NONE,15
: 1__SEND_MESSAGE,OFFER_PROPOSE,I think this deal will interest you.
: 1__SEND_OFFER,NONE,null,[ [0, 3, 2], [0, 5, 0], [0, 5, 0], [4, 1, 0] ]
: 1__TIME,NONE,20
: 1__OFFER_IN_PROGRESS,NONE,null
: 1__TIME,NONE,25
: 1__SEND_OFFER,NONE,null,[ [0, 3, 2], [3, 1, 1], [3, 2, 0], [5, 0, 0] ]
: 1__SEND_EXPRESSION,NONE,happy
: 1__OFFER_IN_PROGRESS,NONE,null
: 1__SEND_MESSAGE,OFFER_ACCEPT,Yes. This deal will work.
: 1__SEND_OFFER,NONE,null,[ [0, 3, 2], [3, 1, 1], [5, 0, 0], [5, 0, 0] ]
: 1__TIME,NONE,30
: 1__SEND_EXPRESSION,NONE,happy
: 1__OFFER_IN_PROGRESS,NONE,null
: 1__SEND_MESSAGE,OFFER_ACCEPT,Your offer is good!
: 1__TIME,NONE,35
: 1__SEND_OFFER,NONE,null,[ [2, 0, 3], [4, 0, 1], [5, 0, 0], [5, 0, 0] ]
: 1__SEND_EXPRESSION,NONE,happy
: 1__FORMAL_ACCEPT,NONE,null
: 1__TIME,NONE,40
: 1__GAME_START,NONE,null
: 1__GAME_START,NONE,null
: 1__FORMAL_ACCEPT,NONE,null
: 1__GAME_START,NONE,null
: 1__GAME_START,NONE,null
: 1__GAME_END,NONE,null


