id,agent0,agent1,userPoints,vhPoints,timedout,formallyQuit,numUserOffers,numVHOffers,numUserPref,numVHPref,numUserQuery,numVHQuery,numUserMsg,numVHMsg,numUserLie,numVHLie,numUserNeutral,numVHNeutral,numUserHappy,numVHHappy,numUserAngry,numVHAngry,numUserSad,numVHSad,numUserSurprised,numVHSurprised,numVHDisgusted,numVHInsincere,numVHAfraid,studyName,currentGame,gameEndTime,gameAllottedTime,numUserBATNALies,numVHBATNALies,initialOfferUserAlloc1,initialOfferUserAlloc2,initialOfferUserAlloc3,initialOfferUserAlloc4,initialOfferUserAlloc5,finalOfferUserAlloc1,finalOfferUserAlloc2,finalOfferUserAlloc3,finalOfferUserAlloc4,finalOfferUserAlloc5,initialOfferVHAlloc1,initialOfferVHAlloc2,initialOfferVHAlloc3,initialOfferVHAlloc4,initialOfferVHAlloc5,finalOfferVHAlloc1,finalOfferVHAlloc2,finalOfferVHAlloc3,finalOfferVHAlloc4,finalOfferVHAlloc5,numUserBATNA_INFO,numUserBATNA_REQUEST,numUserCONFUSION,numUserFAVOR_ACCEPT,numUserFAVOR_REJECT,numUserFAVOR_REQUEST,numUserFAVOR_RETURN,numUserGENERIC_NEG,numUserGENERIC_POS,numUserNONE,numUserOFFER_ACCEPT,numUserOFFER_PROPOSE,numUserOFFER_REJECT,numUserOFFER_REQUEST_NEG,numUserOFFER_REQUEST_POS,numUserPREF_INFO,numUserPREF_REQUEST,numUserPREF_SPECIFIC_REQUEST,numUserPREF_WITHHOLD,numUserTHREAT_NEG,numUserTHREAT_POS,numUserTIMING,numVHBATNA_INFO,numVHBATNA_REQUEST,numVHCONFUSION,numVHFAVOR_ACCEPT,numVHFAVOR_REJECT,numVHFAVOR_REQUEST,numVHFAVOR_RETURN,numVHGENERIC_NEG,numVHGENERIC_POS,numVHNONE,numVHOFFER_ACCEPT,numVHOFFER_PROPOSE,numVHOFFER_REJECT,numVHOFFER_REQUEST_NEG,numVHOFFER_REQUEST_POS,numVHPREF_INFO,numVHPREF_REQUEST,numVHPREF_SPECIFIC_REQUEST,numVHPREF_WITHHOLD,numVHTHREAT_NEG,numVHTHREAT_POS,numVHTIMING,like4,satisfy3,satisfyOther5,coopOther5,friendOther5,trustOther3,longOther2,fairOther1,honestOther4,emotionOther4,messageOther3,offerOther5,generalOther4,QuestionNeuroticism,QuestionExtraversioin,QuestionOpenness,QuestionAgreeableness,QuestionConscientiousness,Cooperativeness,Assertiveness,Neuroticism,Extraversion,Openness,Agreeableness,Conscientiousness,NeuroticismOffer,ExtraversionOffer,OpennessOffer,AgreeablenessOffer,ConscientiousnessOffer,NeuroticismBehavior,ExtraversionBehavior,OpennessBehavior,AgreeablenessBehavior,ConscientiousnessBehavior,offerWeight,behaviorWeight,agentUtil,playerUtil,t
1,player,StaticMentalist,12,12,true,false,4,4,1,1,0,0,6,34,1,0,0,0,1,9,1,0,0,8,1,1,0,0,0,Dinamic,0,600,600,0,0,0,0,1,0,0,0,3,5,0,0,1,0,0,1,0,5,2,0,5,0,0,0,0,0,0,1,1,0,0,0,3,0,0,0,0,1,0,0,0,0,0,0,0,0,0,2,0,0,0,0,6,1,3,3,1,0,0,8,1,0,0,0,0,9,4.0,3.0,5.0,5.0,5.0,3.0,2.0,1.0,4.0,4.0,3.0,5.0,4.0,18,30,22,26,26,1.0:-0.6538461538461535:0.21698113207547176:0.3946716232961587,1.0:-1.0:0.15921513265667975:1.0,-0.6,0.0,-0.4,-0.19999999999999996,-0.19999999999999996,-1.0:-1.0:-0.28205128205128216:-0.5384615384615385,1.0:1.0:0.7435897435897434:1.0,-1.0:1.0:-0.16516936237570434:-0.9121478261987732,0.8727272727272728:-0.06666666666666665:0.6819672131147541:0.707258938244854,0.6666666666666667:-0.25:0.30182978855056214:0.7277777777777776,-0.7333333333333334:-0.7333333333333334:-0.7333333333333334:-0.7333333333333334,1.0:1.0:1.0:0.7888888888888888,-1.0:-1.0:-1.0:-1.0,-0.6:-0.33333333333333337:1.0:1.0,-0.7:-0.7:-0.7:-1.0,0.85:0.75:0.6:0.55,0.15:0.25:0.4:0.45,0.14:0.14:0.38:0.46,0.08:0.24:0.24:0.32,4

: Survey Results: 
: 1__SEND_EXPRESSION,NONE,surprised
: 1__TIME,NONE,5
: 1__SEND_EXPRESSION,NONE,surprised
: 1__SEND_MESSAGE,GENERIC_POS,What, did I surprise you?
: 1__SEND_EXPRESSION,NONE,happy
: 1__TIME,NONE,10
: 1__SEND_EXPRESSION,NONE,happy
: 1__SEND_MESSAGE,GENERIC_POS,Let's have fun!
: 1__SEND_EXPRESSION,NONE,angry
: 1__TIME,NONE,15
: 1__SEND_EXPRESSION,NONE,sad
: 1__OFFER_IN_PROGRESS,NONE,null
: 1__TIME,NONE,20
: 1__SEND_OFFER,NONE,null,[ [1, 4, 0], [0, 5, 0], [0, 4, 1], [1, 4, 0] ]
: 1__SEND_EXPRESSION,NONE,happy
: 1__SEND_MESSAGE,OFFER_ACCEPT,This is a good offer for me. I hope it is good for you as well.
: 1__TIME,NONE,25
: 1__TIME,NONE,30
: 1__TIME,NONE,35
: 1__TIME,NONE,40
: 1__TIME,NONE,45
: 1__TIME,NONE,50
: 1__SEND_EXPRESSION,NONE,sad
: 1__SEND_MESSAGE,TIMING,I don't have enough information about you... please provide some information to facilitate the negotiations.
: 1__TIME,NONE,55
: 1__TIME,NONE,60
: 1__TIME,NONE,65
: 1__TIME,NONE,70
: 1__TIME,NONE,75
: 1__SEND_MESSAGE,PREF_INFO,I like boxes of records the least.
: 1__TIME,NONE,80
: 1__TIME,NONE,85
: 1__TIME,NONE,90
: 1__SEND_MESSAGE,PREF_REQUEST,By the way, will you tell me a little about your preferences?
: 1__SEND_MESSAGE,FAVOR_REQUEST,Would you please send a good deal in exchange for a favor?
: 1__TIME,NONE,95
: 1__SEND_MESSAGE,FAVOR_ACCEPT,Sure, but you'll owe me one, ok?
: 1__SEND_MESSAGE,OFFER_PROPOSE,What do you think about this arrangement?
: 1__TIME,NONE,100
: 1__SEND_OFFER,NONE,null,[ [1, 4, 0], [0, 5, 0], [0, 3, 2], [1, 4, 0] ]
: 1__SEND_MESSAGE,OFFER_ACCEPT,Yes, I accept that offer.
: 1__SEND_EXPRESSION,NONE,happy
: 1__TIME,NONE,105
: 1__OFFER_IN_PROGRESS,NONE,null
: 1__SEND_MESSAGE,GENERIC_POS,Sounds good!
: 1__TIME,NONE,110
: 1__SEND_OFFER,NONE,null,[ [1, 4, 0], [0, 5, 0], [0, 2, 3], [1, 4, 0] ]
: 1__SEND_EXPRESSION,NONE,sad
: 1__SEND_MESSAGE,OFFER_REJECT,Could you assign a few more items to me?
: 1__OFFER_IN_PROGRESS,NONE,null
: 1__TIME,NONE,115
: 1__SEND_MESSAGE,OFFER_PROPOSE,I think you'll find this offer to be satisfactory.
: 1__SEND_OFFER,NONE,null,[ [1, 4, 0], [0, 5, 0], [0, 2, 3], [2, 3, 0] ]
: 1__TIME,NONE,120
: 1__TIME,NONE,125
: 1__TIME,NONE,130
: 1__TIME,NONE,135
: 1__TIME,NONE,140
: 1__TIME,NONE,145
: 1__SEND_MESSAGE,OFFER_ACCEPT,Yes, I accept that offer.
: 1__SEND_MESSAGE,TIMING,Can I do anything to help us reach a deal that's good for us both?
: 1__SEND_EXPRESSION,NONE,happy
: 1__TIME,NONE,150
: 1__SEND_MESSAGE,GENERIC_POS,Thank you for accepting my offer!
: 1__SEND_MESSAGE,FAVOR_RETURN,I'm returning the favor to you!  Give me a deal good for you.
: 1__SEND_EXPRESSION,NONE,happy
: 1__TIME,NONE,155
: 1__SEND_MESSAGE,FAVOR_ACCEPT,Thanks for returning the favor from before!
: 1__TIME,NONE,160
: 1__SEND_MESSAGE,OFFER_PROPOSE,Please consider this deal?
: 1__SEND_OFFER,NONE,null,[ [1, 4, 0], [0, 5, 0], [0, 2, 3], [3, 2, 0] ]
: 1__TIME,NONE,165
: 1__SEND_MESSAGE,OFFER_ACCEPT,Yes, I accept that offer.
: 1__SEND_EXPRESSION,NONE,happy
: 1__SEND_MESSAGE,GENERIC_POS,Thank you!
: 1__TIME,NONE,170
: 1__OFFER_IN_PROGRESS,NONE,null
: 1__SEND_OFFER,NONE,null,[ [1, 4, 0], [0, 5, 0], [0, 2, 3], [4, 1, 0] ]
: 1__TIME,NONE,175
: 1__SEND_EXPRESSION,NONE,happy
: 1__SEND_MESSAGE,OFFER_ACCEPT,That will work for me.
: 1__TIME,NONE,180
: 1__TIME,NONE,185
: 1__TIME,NONE,190
: 1__TIME,NONE,195
: 1__TIME,NONE,200
: 1__SEND_MESSAGE,PREF_INFO,I like boxes of records less than paintings.
: 1__TIME,NONE,205
: 1__TIME,NONE,210
: 1__TIME,NONE,215
: 1__TIME,NONE,220
: 1__TIME,NONE,225
: 1__TIME,NONE,230
: 1__SEND_EXPRESSION,NONE,sad
: 1__SEND_MESSAGE,TIMING,I'm sorry, but are you still there?
: 1__TIME,NONE,235
: 1__TIME,NONE,240
: 1__TIME,NONE,245
: 1__TIME,NONE,250
: 1__TIME,NONE,255
: 1__SEND_MESSAGE,PREF_INFO,I like paintings more than boxes of records.
: 1__TIME,NONE,260
: 1__TIME,NONE,265
: 1__SEND_MESSAGE,PREF_INFO,I like paintings more than boxes of records.,1: 1 2: 2 GREATER_THAN false
: 1__SEND_EXPRESSION,NONE,happy
: 1__TIME,NONE,270
: 1__SEND_MESSAGE,GENERIC_POS,This is very informative! Thank you!,1: 1 2: 2 GREATER_THAN false
: 1__OFFER_IN_PROGRESS,NONE,null
: 1__TIME,NONE,275
: 1__SEND_OFFER,NONE,null,[ [1, 4, 0], [0, 5, 0], [0, 1, 4], [5, 0, 0] ]
: 1__SEND_EXPRESSION,NONE,happy
: 1__SEND_MESSAGE,OFFER_ACCEPT,This offer is great!
: 1__TIME,NONE,280
: 1__TIME,NONE,285
: 1__TIME,NONE,290
: 1__TIME,NONE,295
: 1__TIME,NONE,300
: 1__TIME,NONE,305
: 1__SEND_EXPRESSION,NONE,sad
: 1__SEND_MESSAGE,TIMING,If you can't think of a good offer, please send a message "Would you please make an offer?" or "What wrong with you? Hurry up and make an offer!". I would think of an offer instead.
: 1__TIME,NONE,310
: 1__TIME,NONE,315
: 1__TIME,NONE,320
: 1__TIME,NONE,325
: 1__TIME,NONE,330
: 1__SEND_MESSAGE,PREF_INFO,I like boxes of records less than lamps.
: 1__TIME,NONE,335
: 1__TIME,NONE,340
: 1__TIME,NONE,345
: 1__TIME,NONE,350
: 1__TIME,NONE,355
: 1__TIME,NONE,360
: 1__SEND_EXPRESSION,NONE,sad
: 1__SEND_MESSAGE,TIMING,If you want me to send you an Offer, please send me a message saying "Would you please make an offer?" or "What wrong with you? Hurry up and make an offer!".
: 1__TIME,NONE,365
: 1__TIME,NONE,370
: 1__TIME,NONE,375
: 1__TIME,NONE,380
: 1__TIME,NONE,385
: 1__SEND_MESSAGE,PREF_INFO,I like boxes of records the least.
: 1__TIME,NONE,390
: 1__TIME,NONE,395
: 1__TIME,NONE,400
: 1__TIME,NONE,405
: 1__TIME,NONE,410
: 1__TIME,NONE,415
: 1__SEND_EXPRESSION,NONE,sad
: 1__SEND_MESSAGE,TIMING,I'd like to know a little more about you so that we can successfully negotiate.
: 1__TIME,NONE,420
: 1__TIME,NONE,425
: 1__TIME,NONE,430
: 1__TIME,NONE,435
: 1__TIME,NONE,440
: 1__SEND_MESSAGE,PREF_INFO,I like paintings less than cuckoo clocks.
: 1__TIME,NONE,445
: 1__TIME,NONE,450
: 1__TIME,NONE,455
: 1__TIME,NONE,460
: 1__TIME,NONE,465
: 1__TIME,NONE,470
: 1__SEND_EXPRESSION,NONE,sad
: 1__SEND_MESSAGE,TIMING,No rush, but are you going to send me an offer?
: 1__TIME,NONE,475
: 1__TIME,NONE,480
: 1__TIME,NONE,485
: 1__TIME,NONE,490
: 1__TIME,NONE,495
: 1__SEND_MESSAGE,PREF_INFO,I like boxes of records less than cuckoo clocks.
: 1__TIME,NONE,500
: 1__TIME,NONE,505
: 1__TIME,NONE,510
: 1__TIME,NONE,515
: 1__TIME,NONE,520
: 1__TIME,NONE,525
: 1__SEND_MESSAGE,TIMING,Hello? Are you still there?
: 1__TIME,NONE,530
: 1__TIME,NONE,535
: 1__TIME,NONE,540
: 1__TIME,NONE,545
: 1__TIME,NONE,550
: 1__SEND_MESSAGE,PREF_INFO,I like cuckoo clocks the best.
: 1__TIME,NONE,555
: 1__TIME,NONE,560
: 1__TIME,NONE,565
: 1__TIME,NONE,570
: 1__TIME,NONE,575
: 1__SEND_MESSAGE,TIMING,We're almost out of time!  Accept this quickly!
: 1__SEND_OFFER,NONE,null,[ [5, 0, 0], [2, 0, 3], [0, 0, 5], [5, 0, 0] ]
: 1__TIME,NONE,580
: 1__TIME,NONE,585
: 1__TIME,NONE,590
: 1__TIME,NONE,595
: 1__TIME,NONE,600
: 1__GAME_START,NONE,null
: 1__SEND_MESSAGE,NONE,It's good to see you again!  Let's get ready to negotiate again.
: 1__GAME_END,NONE,null


