id,agent0,agent1,userPoints,vhPoints,timedout,formallyQuit,numUserOffers,numVHOffers,numUserPref,numVHPref,numUserQuery,numVHQuery,numUserMsg,numVHMsg,numUserLie,numVHLie,numUserNeutral,numVHNeutral,numUserHappy,numVHHappy,numUserAngry,numVHAngry,numUserSad,numVHSad,numUserSurprised,numVHSurprised,numVHDisgusted,numVHInsincere,numVHAfraid,studyName,currentGame,gameEndTime,gameAllottedTime,numUserBATNALies,numVHBATNALies,initialOfferUserAlloc1,initialOfferUserAlloc2,initialOfferUserAlloc3,initialOfferUserAlloc4,initialOfferUserAlloc5,finalOfferUserAlloc1,finalOfferUserAlloc2,finalOfferUserAlloc3,finalOfferUserAlloc4,finalOfferUserAlloc5,initialOfferVHAlloc1,initialOfferVHAlloc2,initialOfferVHAlloc3,initialOfferVHAlloc4,initialOfferVHAlloc5,finalOfferVHAlloc1,finalOfferVHAlloc2,finalOfferVHAlloc3,finalOfferVHAlloc4,finalOfferVHAlloc5,numUserBATNA_INFO,numUserBATNA_REQUEST,numUserCONFUSION,numUserFAVOR_ACCEPT,numUserFAVOR_REJECT,numUserFAVOR_REQUEST,numUserFAVOR_RETURN,numUserGENERIC_NEG,numUserGENERIC_POS,numUserNONE,numUserOFFER_ACCEPT,numUserOFFER_PROPOSE,numUserOFFER_REJECT,numUserOFFER_REQUEST_NEG,numUserOFFER_REQUEST_POS,numUserPREF_INFO,numUserPREF_REQUEST,numUserPREF_SPECIFIC_REQUEST,numUserPREF_WITHHOLD,numUserTHREAT_NEG,numUserTHREAT_POS,numUserTIMING,numVHBATNA_INFO,numVHBATNA_REQUEST,numVHCONFUSION,numVHFAVOR_ACCEPT,numVHFAVOR_REJECT,numVHFAVOR_REQUEST,numVHFAVOR_RETURN,numVHGENERIC_NEG,numVHGENERIC_POS,numVHNONE,numVHOFFER_ACCEPT,numVHOFFER_PROPOSE,numVHOFFER_REJECT,numVHOFFER_REQUEST_NEG,numVHOFFER_REQUEST_POS,numVHPREF_INFO,numVHPREF_REQUEST,numVHPREF_SPECIFIC_REQUEST,numVHPREF_WITHHOLD,numVHTHREAT_NEG,numVHTHREAT_POS,numVHTIMING,like6,favorYes
null,player,Sympathizer,20,75,false,false,1,0,0,0,0,0,0,3,0,0,0,0,0,1,0,0,0,0,0,0,0,0,0,FavorPart1,0,20,420,0,0,0,0,5,0,0,0,0,5,0,0,5,5,0,5,0,5,5,0,5,0,0,0,0,0,0,0,0,0,0,0,0,0,0,0,0,0,0,0,0,0,0,0,1,0,0,0,0,1,0,0,0,0,1,0,0,0,0,0,0,0,0,0,0,0,6.0,Yes

: Survey Results: 
: null__SEND_MESSAGE,BATNA_INFO,Just so you know, I already have an offer for 12 points, so I won't accept anything less.   What about you?
: null__OFFER_IN_PROGRESS,NONE,null
: null__SEND_MESSAGE,FAVOR_REQUEST,Excuse me, but there is a super-valuable item here for me!  If you accept my favor request, I'll promise to pay you back in a future round!
: null__TIME,NONE,5
: null__TIME,NONE,10
: null__SEND_OFFER,NONE,null,[ [5, 0, 0], [5, 0, 0], [0, 0, 5], [5, 0, 0] ]
: null__SEND_EXPRESSION,NONE,happy
: null__TIME,NONE,15
: null__SEND_MESSAGE,OFFER_ACCEPT,That seems like a good deal.
: null__FORMAL_ACCEPT,NONE,null
: null__FORMAL_ACCEPT,NONE,null
: null__GAME_START,NONE,null
: null__TIME,NONE,20
: null__GAME_END,NONE,null


id,agent0,agent1,userPoints,vhPoints,timedout,formallyQuit,numUserOffers,numVHOffers,numUserPref,numVHPref,numUserQuery,numVHQuery,numUserMsg,numVHMsg,numUserLie,numVHLie,numUserNeutral,numVHNeutral,numUserHappy,numVHHappy,numUserAngry,numVHAngry,numUserSad,numVHSad,numUserSurprised,numVHSurprised,numVHDisgusted,numVHInsincere,numVHAfraid,studyName,currentGame,gameEndTime,gameAllottedTime,numUserBATNALies,numVHBATNALies,initialOfferUserAlloc1,initialOfferUserAlloc2,initialOfferUserAlloc3,initialOfferUserAlloc4,initialOfferUserAlloc5,finalOfferUserAlloc1,finalOfferUserAlloc2,finalOfferUserAlloc3,finalOfferUserAlloc4,finalOfferUserAlloc5,initialOfferVHAlloc1,initialOfferVHAlloc2,initialOfferVHAlloc3,initialOfferVHAlloc4,initialOfferVHAlloc5,finalOfferVHAlloc1,finalOfferVHAlloc2,finalOfferVHAlloc3,finalOfferVHAlloc4,finalOfferVHAlloc5,numUserBATNA_INFO,numUserBATNA_REQUEST,numUserCONFUSION,numUserFAVOR_ACCEPT,numUserFAVOR_REJECT,numUserFAVOR_REQUEST,numUserFAVOR_RETURN,numUserGENERIC_NEG,numUserGENERIC_POS,numUserNONE,numUserOFFER_ACCEPT,numUserOFFER_PROPOSE,numUserOFFER_REJECT,numUserOFFER_REQUEST_NEG,numUserOFFER_REQUEST_POS,numUserPREF_INFO,numUserPREF_REQUEST,numUserPREF_SPECIFIC_REQUEST,numUserPREF_WITHHOLD,numUserTHREAT_NEG,numUserTHREAT_POS,numUserTIMING,numVHBATNA_INFO,numVHBATNA_REQUEST,numVHCONFUSION,numVHFAVOR_ACCEPT,numVHFAVOR_REJECT,numVHFAVOR_REQUEST,numVHFAVOR_RETURN,numVHGENERIC_NEG,numVHGENERIC_POS,numVHNONE,numVHOFFER_ACCEPT,numVHOFFER_PROPOSE,numVHOFFER_REJECT,numVHOFFER_REQUEST_NEG,numVHOFFER_REQUEST_POS,numVHPREF_INFO,numVHPREF_REQUEST,numVHPREF_SPECIFIC_REQUEST,numVHPREF_WITHHOLD,numVHTHREAT_NEG,numVHTHREAT_POS,numVHTIMING,like4
null,player,Sympathizer,15,35,false,false,1,0,0,0,0,0,0,2,0,0,0,0,0,1,0,0,0,0,0,0,0,0,0,FavorPart2,1,20,420,0,0,0,0,5,0,0,0,0,5,0,0,5,5,0,5,0,5,5,0,5,0,0,0,0,0,0,0,0,0,0,0,0,0,0,0,0,0,0,0,0,0,0,0,0,0,0,0,0,0,0,0,0,1,1,0,0,0,0,0,0,0,0,0,0,0,4.0

: Survey Results: 
: null__TIME,NONE,20
: null__GAME_END,NONE,null
: null__GAME_START,NONE,null
: null__GAME_START,NONE,null
: null__SEND_MESSAGE,NONE,It's good to see you again!  Let's get ready to negotiate again.
: null__OFFER_IN_PROGRESS,NONE,null
: null__TIME,NONE,5
: null__SEND_OFFER,NONE,null,[ [5, 0, 0], [5, 0, 0], [0, 0, 5], [5, 0, 0] ]
: null__TIME,NONE,10
: null__SEND_EXPRESSION,NONE,happy
: null__SEND_MESSAGE,OFFER_ACCEPT,That will work for me.
: null__FORMAL_ACCEPT,NONE,null
: null__TIME,NONE,15
: null__FORMAL_ACCEPT,NONE,null
: null__GAME_START,NONE,null
: null__GAME_START,NONE,null
: null__TIME,NONE,20
: null__GAME_END,NONE,null


id,agent0,agent1,userPoints,vhPoints,timedout,formallyQuit,numUserOffers,numVHOffers,numUserPref,numVHPref,numUserQuery,numVHQuery,numUserMsg,numVHMsg,numUserLie,numVHLie,numUserNeutral,numVHNeutral,numUserHappy,numVHHappy,numUserAngry,numVHAngry,numUserSad,numVHSad,numUserSurprised,numVHSurprised,numVHDisgusted,numVHInsincere,numVHAfraid,studyName,currentGame,gameEndTime,gameAllottedTime,numUserBATNALies,numVHBATNALies,initialOfferUserAlloc1,initialOfferUserAlloc2,initialOfferUserAlloc3,initialOfferUserAlloc4,initialOfferUserAlloc5,finalOfferUserAlloc1,finalOfferUserAlloc2,finalOfferUserAlloc3,finalOfferUserAlloc4,finalOfferUserAlloc5,initialOfferVHAlloc1,initialOfferVHAlloc2,initialOfferVHAlloc3,initialOfferVHAlloc4,initialOfferVHAlloc5,finalOfferVHAlloc1,finalOfferVHAlloc2,finalOfferVHAlloc3,finalOfferVHAlloc4,finalOfferVHAlloc5,numUserBATNA_INFO,numUserBATNA_REQUEST,numUserCONFUSION,numUserFAVOR_ACCEPT,numUserFAVOR_REJECT,numUserFAVOR_REQUEST,numUserFAVOR_RETURN,numUserGENERIC_NEG,numUserGENERIC_POS,numUserNONE,numUserOFFER_ACCEPT,numUserOFFER_PROPOSE,numUserOFFER_REJECT,numUserOFFER_REQUEST_NEG,numUserOFFER_REQUEST_POS,numUserPREF_INFO,numUserPREF_REQUEST,numUserPREF_SPECIFIC_REQUEST,numUserPREF_WITHHOLD,numUserTHREAT_NEG,numUserTHREAT_POS,numUserTIMING,numVHBATNA_INFO,numVHBATNA_REQUEST,numVHCONFUSION,numVHFAVOR_ACCEPT,numVHFAVOR_REJECT,numVHFAVOR_REQUEST,numVHFAVOR_RETURN,numVHGENERIC_NEG,numVHGENERIC_POS,numVHNONE,numVHOFFER_ACCEPT,numVHOFFER_PROPOSE,numVHOFFER_REJECT,numVHOFFER_REQUEST_NEG,numVHOFFER_REQUEST_POS,numVHPREF_INFO,numVHPREF_REQUEST,numVHPREF_SPECIFIC_REQUEST,numVHPREF_WITHHOLD,numVHTHREAT_NEG,numVHTHREAT_POS,numVHTIMING,like5,favorYes
null,player,Sympathizer,10,68,false,false,1,0,0,0,0,0,0,3,0,0,0,0,0,1,0,0,0,0,0,0,0,0,0,FavorPart1,0,20,420,0,0,1,1,1,1,0,1,1,1,1,0,4,4,4,4,0,4,4,4,4,0,0,0,0,0,0,0,0,0,0,0,0,0,0,0,0,0,0,0,0,0,0,0,1,0,0,0,0,1,0,0,0,0,1,0,0,0,0,0,0,0,0,0,0,0,5.0,Yes

: Survey Results: 
: null__SEND_MESSAGE,BATNA_INFO,Just so you know, I already have an offer for 12 points, so I won't accept anything less.   What about you?
: null__OFFER_IN_PROGRESS,NONE,null
: null__SEND_MESSAGE,FAVOR_REQUEST,Excuse me, but there is a super-valuable item here for me!  If you accept my favor request, I'll promise to pay you back in a future round!
: null__TIME,NONE,5
: null__TIME,NONE,10
: null__TIME,NONE,15
: null__SEND_OFFER,NONE,null,[ [4, 0, 1], [4, 0, 1], [4, 0, 1], [4, 0, 1] ]
: null__SEND_EXPRESSION,NONE,happy
: null__SEND_MESSAGE,OFFER_ACCEPT,Your offer is good!
: null__FORMAL_ACCEPT,NONE,null
: null__FORMAL_ACCEPT,NONE,null
: null__GAME_START,NONE,null
: null__TIME,NONE,20
: null__GAME_END,NONE,null


id,agent0,agent1,userPoints,vhPoints,timedout,formallyQuit,numUserOffers,numVHOffers,numUserPref,numVHPref,numUserQuery,numVHQuery,numUserMsg,numVHMsg,numUserLie,numVHLie,numUserNeutral,numVHNeutral,numUserHappy,numVHHappy,numUserAngry,numVHAngry,numUserSad,numVHSad,numUserSurprised,numVHSurprised,numVHDisgusted,numVHInsincere,numVHAfraid,studyName,currentGame,gameEndTime,gameAllottedTime,numUserBATNALies,numVHBATNALies,initialOfferUserAlloc1,initialOfferUserAlloc2,initialOfferUserAlloc3,initialOfferUserAlloc4,initialOfferUserAlloc5,finalOfferUserAlloc1,finalOfferUserAlloc2,finalOfferUserAlloc3,finalOfferUserAlloc4,finalOfferUserAlloc5,initialOfferVHAlloc1,initialOfferVHAlloc2,initialOfferVHAlloc3,initialOfferVHAlloc4,initialOfferVHAlloc5,finalOfferVHAlloc1,finalOfferVHAlloc2,finalOfferVHAlloc3,finalOfferVHAlloc4,finalOfferVHAlloc5,numUserBATNA_INFO,numUserBATNA_REQUEST,numUserCONFUSION,numUserFAVOR_ACCEPT,numUserFAVOR_REJECT,numUserFAVOR_REQUEST,numUserFAVOR_RETURN,numUserGENERIC_NEG,numUserGENERIC_POS,numUserNONE,numUserOFFER_ACCEPT,numUserOFFER_PROPOSE,numUserOFFER_REJECT,numUserOFFER_REQUEST_NEG,numUserOFFER_REQUEST_POS,numUserPREF_INFO,numUserPREF_REQUEST,numUserPREF_SPECIFIC_REQUEST,numUserPREF_WITHHOLD,numUserTHREAT_NEG,numUserTHREAT_POS,numUserTIMING,numVHBATNA_INFO,numVHBATNA_REQUEST,numVHCONFUSION,numVHFAVOR_ACCEPT,numVHFAVOR_REJECT,numVHFAVOR_REQUEST,numVHFAVOR_RETURN,numVHGENERIC_NEG,numVHGENERIC_POS,numVHNONE,numVHOFFER_ACCEPT,numVHOFFER_PROPOSE,numVHOFFER_REJECT,numVHOFFER_REQUEST_NEG,numVHOFFER_REQUEST_POS,numVHPREF_INFO,numVHPREF_REQUEST,numVHPREF_SPECIFIC_REQUEST,numVHPREF_WITHHOLD,numVHTHREAT_NEG,numVHTHREAT_POS,numVHTIMING,like7,favorNo
null,player,Sympathizer,3,82,false,false,1,0,0,0,0,0,0,3,0,0,0,0,0,1,0,0,0,0,0,0,0,0,0,FavorPart1,0,15,420,0,0,0,1,0,0,0,0,1,0,0,0,5,4,5,5,0,5,4,5,5,0,0,0,0,0,0,0,0,0,0,0,0,0,0,0,0,0,0,0,0,0,0,0,1,0,0,0,0,1,0,0,0,0,1,0,0,0,0,0,0,0,0,0,0,0,7.0,No

: Survey Results: 
: null__GAME_START,NONE,null
: null__SEND_MESSAGE,BATNA_INFO,Just so you know, I already have an offer for 12 points, so I won't accept anything less.   What about you?
: null__OFFER_IN_PROGRESS,NONE,null
: null__SEND_MESSAGE,FAVOR_REQUEST,Excuse me, but there is a super-valuable item here for me!  If you accept my favor request, I'll promise to pay you back in a future round!
: null__TIME,NONE,5
: null__TIME,NONE,10
: null__SEND_OFFER,NONE,null,[ [5, 0, 0], [4, 0, 1], [5, 0, 0], [5, 0, 0] ]
: null__SEND_EXPRESSION,NONE,happy
: null__SEND_MESSAGE,OFFER_ACCEPT,That will work for me.
: null__TIME,NONE,15
: null__FORMAL_ACCEPT,NONE,null
: null__FORMAL_ACCEPT,NONE,null
: null__GAME_START,NONE,null
: null__GAME_END,NONE,null


id,agent0,agent1,userPoints,vhPoints,timedout,formallyQuit,numUserOffers,numVHOffers,numUserPref,numVHPref,numUserQuery,numVHQuery,numUserMsg,numVHMsg,numUserLie,numVHLie,numUserNeutral,numVHNeutral,numUserHappy,numVHHappy,numUserAngry,numVHAngry,numUserSad,numVHSad,numUserSurprised,numVHSurprised,numVHDisgusted,numVHInsincere,numVHAfraid,studyName,currentGame,gameEndTime,gameAllottedTime,numUserBATNALies,numVHBATNALies,initialOfferUserAlloc1,initialOfferUserAlloc2,initialOfferUserAlloc3,initialOfferUserAlloc4,initialOfferUserAlloc5,finalOfferUserAlloc1,finalOfferUserAlloc2,finalOfferUserAlloc3,finalOfferUserAlloc4,finalOfferUserAlloc5,initialOfferVHAlloc1,initialOfferVHAlloc2,initialOfferVHAlloc3,initialOfferVHAlloc4,initialOfferVHAlloc5,finalOfferVHAlloc1,finalOfferVHAlloc2,finalOfferVHAlloc3,finalOfferVHAlloc4,finalOfferVHAlloc5,numUserBATNA_INFO,numUserBATNA_REQUEST,numUserCONFUSION,numUserFAVOR_ACCEPT,numUserFAVOR_REJECT,numUserFAVOR_REQUEST,numUserFAVOR_RETURN,numUserGENERIC_NEG,numUserGENERIC_POS,numUserNONE,numUserOFFER_ACCEPT,numUserOFFER_PROPOSE,numUserOFFER_REJECT,numUserOFFER_REQUEST_NEG,numUserOFFER_REQUEST_POS,numUserPREF_INFO,numUserPREF_REQUEST,numUserPREF_SPECIFIC_REQUEST,numUserPREF_WITHHOLD,numUserTHREAT_NEG,numUserTHREAT_POS,numUserTIMING,numVHBATNA_INFO,numVHBATNA_REQUEST,numVHCONFUSION,numVHFAVOR_ACCEPT,numVHFAVOR_REJECT,numVHFAVOR_REQUEST,numVHFAVOR_RETURN,numVHGENERIC_NEG,numVHGENERIC_POS,numVHNONE,numVHOFFER_ACCEPT,numVHOFFER_PROPOSE,numVHOFFER_REJECT,numVHOFFER_REQUEST_NEG,numVHOFFER_REQUEST_POS,numVHPREF_INFO,numVHPREF_REQUEST,numVHPREF_SPECIFIC_REQUEST,numVHPREF_WITHHOLD,numVHTHREAT_NEG,numVHTHREAT_POS,numVHTIMING,like3,favorNo
null,player,Sympathizer,12,12,true,false,8,4,0,0,0,0,0,24,0,0,0,0,0,5,0,0,0,3,0,0,0,0,0,FavorPart1,0,420,420,0,0,0,0,0,1,0,0,3,4,1,0,0,0,1,1,0,5,2,1,4,0,0,0,0,0,0,0,0,0,0,0,0,0,0,0,0,0,0,0,0,0,0,0,1,0,0,0,0,1,0,0,0,1,5,3,3,0,0,0,1,0,0,0,0,9,3.0,No

: Survey Results: 
: null__SEND_MESSAGE,BATNA_INFO,Just so you know, I already have an offer for 12 points, so I won't accept anything less.   What about you?
: null__OFFER_IN_PROGRESS,NONE,null
: null__SEND_MESSAGE,FAVOR_REQUEST,Excuse me, but there is a super-valuable item here for me!  If you accept my favor request, I'll promise to pay you back in a future round!
: null__TIME,NONE,5
: null__SEND_OFFER,NONE,null,[ [0, 5, 0], [0, 5, 0], [1, 4, 0], [1, 3, 1] ]
: null__SEND_EXPRESSION,NONE,happy
: null__TIME,NONE,10
: null__SEND_MESSAGE,OFFER_ACCEPT,That seems like a good deal.
: null__TIME,NONE,15
: null__TIME,NONE,20
: null__OFFER_IN_PROGRESS,NONE,null
: null__TIME,NONE,25
: null__SEND_OFFER,NONE,null,[ [0, 5, 0], [0, 5, 0], [1, 3, 1], [1, 3, 1] ]
: null__SEND_EXPRESSION,NONE,sad
: null__SEND_MESSAGE,OFFER_REJECT,I won't be able to accept that.  So sorry. :(
: null__OFFER_IN_PROGRESS,NONE,null
: null__TIME,NONE,30
: null__SEND_MESSAGE,OFFER_PROPOSE,I think you'll find this offer to be satisfactory.
: null__SEND_OFFER,NONE,null,[ [0, 5, 0], [0, 4, 1], [1, 4, 0], [2, 2, 1] ]
: null__TIME,NONE,35
: null__TIME,NONE,40
: null__OFFER_IN_PROGRESS,NONE,null
: null__SEND_OFFER,NONE,null,[ [0, 5, 0], [0, 4, 1], [1, 4, 0], [3, 1, 1] ]
: null__TIME,NONE,45
: null__SEND_EXPRESSION,NONE,happy
: null__SEND_MESSAGE,OFFER_ACCEPT,That will work for me.
: null__TIME,NONE,50
: null__TIME,NONE,55
: null__TIME,NONE,60
: null__TIME,NONE,65
: null__TIME,NONE,70
: null__TIME,NONE,75
: null__SEND_MESSAGE,TIMING,Can I provide more information to help us reach consensus?
: null__TIME,NONE,80
: null__TIME,NONE,85
: null__TIME,NONE,90
: null__SEND_MESSAGE,PREF_REQUEST,By the way, will you tell me a little about your preferences?
: null__TIME,NONE,95
: null__TIME,NONE,100
: null__TIME,NONE,105
: null__TIME,NONE,110
: null__TIME,NONE,115
: null__TIME,NONE,120
: null__SEND_MESSAGE,TIMING,Can I provide more information to help us reach consensus?
: null__TIME,NONE,125
: null__TIME,NONE,130
: null__TIME,NONE,135
: null__TIME,NONE,140
: null__TIME,NONE,145
: null__TIME,NONE,150
: null__SEND_MESSAGE,TIMING,Can I provide more information to help us reach consensus?
: null__TIME,NONE,155
: null__TIME,NONE,160
: null__TIME,NONE,165
: null__TIME,NONE,170
: null__TIME,NONE,175
: null__TIME,NONE,180
: null__SEND_MESSAGE,TIMING,I'm sorry, but are you still there?
: null__TIME,NONE,185
: null__OFFER_IN_PROGRESS,NONE,null
: null__SEND_OFFER,NONE,null,[ [0, 5, 0], [2, 2, 1], [1, 3, 1], [3, 1, 1] ]
: null__SEND_EXPRESSION,NONE,happy
: null__TIME,NONE,190
: null__SEND_MESSAGE,OFFER_ACCEPT,That seems like a good deal.
: null__TIME,NONE,195
: null__TIME,NONE,200
: null__TIME,NONE,205
: null__TIME,NONE,210
: null__TIME,NONE,215
: null__TIME,NONE,220
: null__OFFER_IN_PROGRESS,NONE,null
: null__SEND_MESSAGE,TIMING,I'm sorry, but are you still there?
: null__SEND_OFFER,NONE,null,[ [2, 3, 0], [2, 0, 3], [1, 3, 1], [3, 1, 1] ]
: null__TIME,NONE,225
: null__SEND_EXPRESSION,NONE,happy
: null__SEND_MESSAGE,OFFER_ACCEPT,That will work for me.
: null__TIME,NONE,230
: null__TIME,NONE,235
: null__TIME,NONE,240
: null__TIME,NONE,245
: null__TIME,NONE,250
: null__TIME,NONE,255
: null__SEND_MESSAGE,TIMING,Hello? Are you still there?
: null__TIME,NONE,260
: null__TIME,NONE,265
: null__TIME,NONE,270
: null__TIME,NONE,275
: null__TIME,NONE,280
: null__OFFER_IN_PROGRESS,NONE,null
: null__SEND_OFFER,NONE,null,[ [2, 3, 0], [2, 0, 3], [1, 2, 2], [4, 0, 1] ]
: null__TIME,NONE,285
: null__SEND_EXPRESSION,NONE,happy
: null__SEND_MESSAGE,OFFER_ACCEPT,Yes. This deal will work.
: null__TIME,NONE,290
: null__TIME,NONE,295
: null__TIME,NONE,300
: null__TIME,NONE,305
: null__TIME,NONE,310
: null__TIME,NONE,315
: null__SEND_MESSAGE,TIMING,Can I do anything to help us reach a deal that's good for us both?
: null__TIME,NONE,320
: null__TIME,NONE,325
: null__TIME,NONE,330
: null__OFFER_IN_PROGRESS,NONE,null
: null__TIME,NONE,335
: null__SEND_OFFER,NONE,null,[ [2, 3, 0], [2, 0, 3], [1, 2, 2], [4, 0, 1] ]
: null__SEND_EXPRESSION,NONE,sad
: null__SEND_MESSAGE,OFFER_REJECT,I'm sorry, but I don't think that's fair to me.
: null__OFFER_IN_PROGRESS,NONE,null
: null__TIME,NONE,340
: null__SEND_MESSAGE,OFFER_PROPOSE,I think this deal will interest you.
: null__SEND_OFFER,NONE,null,[ [3, 2, 0], [2, 0, 3], [1, 1, 3], [4, 0, 1] ]
: null__TIME,NONE,345
: null__OFFER_IN_PROGRESS,NONE,null
: null__TIME,NONE,350
: null__SEND_OFFER,NONE,null,[ [3, 2, 0], [2, 0, 3], [1, 1, 3], [3, 1, 1] ]
: null__SEND_EXPRESSION,NONE,sad
: null__TIME,NONE,355
: null__SEND_MESSAGE,OFFER_REJECT,Apologies, but that won't work for me.
: null__OFFER_IN_PROGRESS,NONE,null
: null__TIME,NONE,360
: null__SEND_MESSAGE,OFFER_PROPOSE,I think this deal is good for the both of us.
: null__SEND_OFFER,NONE,null,[ [3, 2, 0], [2, 0, 3], [1, 1, 3], [4, 0, 1] ]
: null__TIME,NONE,365
: null__TIME,NONE,370
: null__TIME,NONE,375
: null__TIME,NONE,380
: null__TIME,NONE,385
: null__TIME,NONE,390
: null__SEND_MESSAGE,TIMING,No rush, but are you going to send me an offer?
: null__TIME,NONE,395
: null__SEND_MESSAGE,TIMING,We're almost out of time!  Accept this quickly!
: null__SEND_OFFER,NONE,null,[ [5, 0, 0], [2, 0, 3], [1, 0, 4], [4, 0, 1] ]
: null__TIME,NONE,400
: null__TIME,NONE,405
: null__TIME,NONE,410
: null__TIME,NONE,415
: null__TIME,NONE,420
: null__GAME_START,NONE,null
: null__SEND_MESSAGE,NONE,It's good to see you again!  Let's get ready to negotiate again.
: null__GAME_END,NONE,null


