id,agent0,agent1,userPoints,vhPoints,timedout,formallyQuit,numUserOffers,numVHOffers,numUserPref,numVHPref,numUserQuery,numVHQuery,numUserMsg,numVHMsg,numUserLie,numVHLie,numUserNeutral,numVHNeutral,numUserHappy,numVHHappy,numUserAngry,numVHAngry,numUserSad,numVHSad,numUserSurprised,numVHSurprised,numVHDisgusted,numVHInsincere,numVHAfraid,studyName,currentGame,gameEndTime,gameAllottedTime,numUserBATNALies,numVHBATNALies,initialOfferUserAlloc1,initialOfferUserAlloc2,initialOfferUserAlloc3,initialOfferUserAlloc4,initialOfferUserAlloc5,finalOfferUserAlloc1,finalOfferUserAlloc2,finalOfferUserAlloc3,finalOfferUserAlloc4,finalOfferUserAlloc5,initialOfferVHAlloc1,initialOfferVHAlloc2,initialOfferVHAlloc3,initialOfferVHAlloc4,initialOfferVHAlloc5,finalOfferVHAlloc1,finalOfferVHAlloc2,finalOfferVHAlloc3,finalOfferVHAlloc4,finalOfferVHAlloc5,numUserBATNA_INFO,numUserBATNA_REQUEST,numUserCONFUSION,numUserFAVOR_ACCEPT,numUserFAVOR_REJECT,numUserFAVOR_REQUEST,numUserFAVOR_RETURN,numUserGENERIC_NEG,numUserGENERIC_POS,numUserNONE,numUserOFFER_ACCEPT,numUserOFFER_PROPOSE,numUserOFFER_REJECT,numUserOFFER_REQUEST_NEG,numUserOFFER_REQUEST_POS,numUserPREF_INFO,numUserPREF_REQUEST,numUserPREF_SPECIFIC_REQUEST,numUserPREF_WITHHOLD,numUserTHREAT_NEG,numUserTHREAT_POS,numUserTIMING,numVHBATNA_INFO,numVHBATNA_REQUEST,numVHCONFUSION,numVHFAVOR_ACCEPT,numVHFAVOR_REJECT,numVHFAVOR_REQUEST,numVHFAVOR_RETURN,numVHGENERIC_NEG,numVHGENERIC_POS,numVHNONE,numVHOFFER_ACCEPT,numVHOFFER_PROPOSE,numVHOFFER_REJECT,numVHOFFER_REQUEST_NEG,numVHOFFER_REQUEST_POS,numVHPREF_INFO,numVHPREF_REQUEST,numVHPREF_SPECIFIC_REQUEST,numVHPREF_WITHHOLD,numVHTHREAT_NEG,numVHTHREAT_POS,numVHTIMING,like5,satisfy2,satisfyOther2,coopOther2,friendOther2,trustOther2,longOther3,fairOther3,honestOther3,emotionOther3,messageOther2,offerOther3,generalOther2,QuestionNeuroticism,QuestionExtraversioin,QuestionOpenness,QuestionAgreeableness,QuestionConscientiousness,Cooperativeness,Assertiveness,Neuroticism,Extraversion,Openness,Agreeableness,Conscientiousness,NeuroticismOffer,ExtraversionOffer,OpennessOffer,AgreeablenessOffer,ConscientiousnessOffer,NeuroticismBehavior,ExtraversionBehavior,OpennessBehavior,AgreeablenessBehavior,ConscientiousnessBehavior,offerWeight,behaviorWeight,agentUtil,playerUtil,t
4,player,Mentalist,17,42,false,false,2,0,0,0,0,0,0,2,0,0,0,0,0,2,0,0,0,0,0,0,0,0,0,Pilot,2,20,600,0,0,0,0,0,0,0,1,0,0,4,0,5,5,5,5,0,4,5,5,1,0,0,0,0,0,0,0,0,0,0,0,0,0,0,0,0,0,0,0,0,0,0,0,0,0,0,0,0,0,0,0,0,2,0,0,0,0,0,0,0,0,0,0,0,0,5.0,2.0,2.0,2.0,2.0,2.0,3.0,3.0,3.0,3.0,2.0,3.0,2.0,26,30,23,28,29,1.0,1.0,-1.0,1.0,-1.0,1.0,0.0,-1.0,1.0,-1.0,1.0,0.0,-1.0,0.6666666666666667,-1.0,-1.0,-1.0,1.0,0.0,0.84,0.34,1

: Survey Results: 
: 4__GAME_END,NONE,null
: 4__GAME_START,NONE,null
: 4__GAME_START,NONE,null
: 4__SEND_MESSAGE,NONE,I'm glad to see you! Let's start negotiating!
: 4__GAME_START,NONE,null
: 4__GAME_START,NONE,null
: 4__TIME,NONE,5
: 4__OFFER_IN_PROGRESS,NONE,null
: 4__TIME,NONE,10
: 4__SEND_OFFER,NONE,null,[ [5, 0, 0], [5, 0, 0], [5, 0, 0], [5, 0, 0] ]
: 4__SEND_EXPRESSION,NONE,happy
: 4__FORMAL_ACCEPT,NONE,null
: 4__TIME,NONE,15
: 4__FORMAL_ACCEPT,NONE,null
: 4__GAME_START,NONE,null
: 4__GAME_START,NONE,null
: 4__GAME_END,NONE,null
: 4__GAME_START,NONE,null
: 4__GAME_START,NONE,null
: 4__GAME_START,NONE,null
: 4__SEND_MESSAGE,NONE,I'm glad to see you! Let's start negotiating!
: 4__TIME,NONE,5
: 4__GAME_START,NONE,null
: 4__GAME_START,NONE,null
: 4__GAME_START,NONE,null
: 4__OFFER_IN_PROGRESS,NONE,null
: 4__TIME,NONE,10
: 4__TIME,NONE,15
: 4__SEND_OFFER,NONE,null,[ [4, 0, 1], [5, 0, 0], [5, 0, 0], [1, 0, 4] ]
: 4__SEND_EXPRESSION,NONE,happy
: 4__FORMAL_ACCEPT,NONE,null
: 4__FORMAL_ACCEPT,NONE,null
: 4__GAME_START,NONE,null
: 4__GAME_START,NONE,null
: 4__GAME_START,NONE,null
: 4__TIME,NONE,20
: 4__GAME_END,NONE,null


