id,agent0,agent1,userPoints,vhPoints,timedout,formallyQuit,numUserOffers,numVHOffers,numUserPref,numVHPref,numUserQuery,numVHQuery,numUserMsg,numVHMsg,numUserLie,numVHLie,numUserNeutral,numVHNeutral,numUserHappy,numVHHappy,numUserAngry,numVHAngry,numUserSad,numVHSad,numUserSurprised,numVHSurprised,numVHDisgusted,numVHInsincere,numVHAfraid,studyName,currentGame,gameEndTime,gameAllottedTime,numUserBATNALies,numVHBATNALies,initialOfferUserAlloc1,initialOfferUserAlloc2,initialOfferUserAlloc3,initialOfferUserAlloc4,initialOfferUserAlloc5,finalOfferUserAlloc1,finalOfferUserAlloc2,finalOfferUserAlloc3,finalOfferUserAlloc4,finalOfferUserAlloc5,initialOfferVHAlloc1,initialOfferVHAlloc2,initialOfferVHAlloc3,initialOfferVHAlloc4,initialOfferVHAlloc5,finalOfferVHAlloc1,finalOfferVHAlloc2,finalOfferVHAlloc3,finalOfferVHAlloc4,finalOfferVHAlloc5,numUserBATNA_INFO,numUserBATNA_REQUEST,numUserCONFUSION,numUserFAVOR_ACCEPT,numUserFAVOR_REJECT,numUserFAVOR_REQUEST,numUserFAVOR_RETURN,numUserGENERIC_NEG,numUserGENERIC_POS,numUserNONE,numUserOFFER_ACCEPT,numUserOFFER_PROPOSE,numUserOFFER_REJECT,numUserOFFER_REQUEST_NEG,numUserOFFER_REQUEST_POS,numUserPREF_INFO,numUserPREF_REQUEST,numUserPREF_SPECIFIC_REQUEST,numUserPREF_WITHHOLD,numUserTHREAT_NEG,numUserTHREAT_POS,numUserTIMING,numVHBATNA_INFO,numVHBATNA_REQUEST,numVHCONFUSION,numVHFAVOR_ACCEPT,numVHFAVOR_REJECT,numVHFAVOR_REQUEST,numVHFAVOR_RETURN,numVHGENERIC_NEG,numVHGENERIC_POS,numVHNONE,numVHOFFER_ACCEPT,numVHOFFER_PROPOSE,numVHOFFER_REJECT,numVHOFFER_REQUEST_NEG,numVHOFFER_REQUEST_POS,numVHPREF_INFO,numVHPREF_REQUEST,numVHPREF_SPECIFIC_REQUEST,numVHPREF_WITHHOLD,numVHTHREAT_NEG,numVHTHREAT_POS,numVHTIMING,like5,satisfy4,satisfyOther2,coopOther2,friendOther2,trustOther2,longOther2,fairOther2,honestOther2,emotionOther2,messageOther3,offerOther2,generalOther2,QuestionNeuroticism,QuestionExtraversioin,QuestionOpenness,QuestionAgreeableness,QuestionConscientiousness,Cooperativeness,Assertiveness,Neuroticism,Extraversion,Openness,Agreeableness,Conscientiousness,NeuroticismOffer,ExtraversionOffer,OpennessOffer,AgreeablenessOffer,ConscientiousnessOffer,NeuroticismBehavior,ExtraversionBehavior,OpennessBehavior,AgreeablenessBehavior,ConscientiousnessBehavior,offerWeight,behaviorWeight,agentUtil,playerUtil,t
4,player,StaticMentalist,35,35,false,false,2,1,0,0,0,0,1,4,0,0,0,0,1,3,0,0,0,1,0,0,0,0,0,Dinamic,0,50,600,0,0,0,0,0,1,0,0,5,5,0,0,0,0,1,0,0,5,0,0,5,0,0,0,0,0,0,0,0,0,1,0,0,0,0,0,0,0,0,0,0,0,0,0,0,0,0,0,0,0,0,0,1,1,0,1,1,0,0,0,0,0,0,0,0,0,5.0,4.0,2.0,2.0,2.0,2.0,2.0,2.0,2.0,2.0,3.0,2.0,2.0,24,30,26,28,28,1.0:0.12686567164179074,1.0:0.15994213171361382,-0.30000000000000004,0.0,-0.19999999999999996,-0.09999999999999998,-0.09999999999999998,-1.0:-1.0,1.0:1.0,-1.0:0.730513511526,0.6000000000000001:0.6000000000000001,0.8333333333333334:-0.4200289341431931,-1.0:-1.0,1.0:0.9166666666666666,-1.0:-1.0,-0.4666666666666667:-0.4666666666666667,-0.8:-0.8,0.9:0.9,0.1:0.1,0.02:0.7,0.02:0.7,2

: Survey Results: 
: 4__SEND_MESSAGE,NONE,I'm glad to see you! Let's start negotiating!
: 4__TIME,NONE,5
: 4__TIME,NONE,10
: 4__SEND_EXPRESSION,NONE,happy
: 4__SEND_EXPRESSION,NONE,happy
: 4__TIME,NONE,15
: 4__SEND_MESSAGE,GENERIC_POS,We should each get our most valuable item.
: 4__SEND_EXPRESSION,NONE,happy
: 4__TIME,NONE,20
: 4__OFFER_IN_PROGRESS,NONE,null
: 4__SEND_MESSAGE,GENERIC_POS,I agree!  Why don't we make sure you get your favorite item, and I get mine?
: 4__SEND_OFFER,NONE,null,[ [0, 5, 0], [0, 5, 0], [1, 4, 0], [0, 4, 1] ]
: 4__TIME,NONE,25
: 4__SEND_EXPRESSION,NONE,sad
: 4__SEND_MESSAGE,OFFER_REJECT,There has to be a better agreement... Let's work together to find the best deal!
: 4__OFFER_IN_PROGRESS,NONE,null
: 4__TIME,NONE,30
: 4__SEND_MESSAGE,OFFER_PROPOSE,What do you think about this arrangement?
: 4__SEND_OFFER,NONE,null,[ [0, 5, 0], [0, 5, 0], [0, 4, 1], [2, 3, 0] ]
: 4__TIME,NONE,35
: 4__OFFER_IN_PROGRESS,NONE,null
: 4__TIME,NONE,40
: 4__TIME,NONE,45
: 4__SEND_OFFER,NONE,null,[ [5, 0, 0], [0, 0, 5], [0, 0, 5], [5, 0, 0] ]
: 4__SEND_EXPRESSION,NONE,happy
: 4__TIME,NONE,50
: 4__FORMAL_ACCEPT,NONE,null
: 4__FORMAL_ACCEPT,NONE,null
: 4__GAME_START,NONE,null
: 4__GAME_END,NONE,null


id,agent0,agent1,userPoints,vhPoints,timedout,formallyQuit,numUserOffers,numVHOffers,numUserPref,numVHPref,numUserQuery,numVHQuery,numUserMsg,numVHMsg,numUserLie,numVHLie,numUserNeutral,numVHNeutral,numUserHappy,numVHHappy,numUserAngry,numVHAngry,numUserSad,numVHSad,numUserSurprised,numVHSurprised,numVHDisgusted,numVHInsincere,numVHAfraid,studyName,currentGame,gameEndTime,gameAllottedTime,numUserBATNALies,numVHBATNALies,initialOfferUserAlloc1,initialOfferUserAlloc2,initialOfferUserAlloc3,initialOfferUserAlloc4,initialOfferUserAlloc5,finalOfferUserAlloc1,finalOfferUserAlloc2,finalOfferUserAlloc3,finalOfferUserAlloc4,finalOfferUserAlloc5,initialOfferVHAlloc1,initialOfferVHAlloc2,initialOfferVHAlloc3,initialOfferVHAlloc4,initialOfferVHAlloc5,finalOfferVHAlloc1,finalOfferVHAlloc2,finalOfferVHAlloc3,finalOfferVHAlloc4,finalOfferVHAlloc5,numUserBATNA_INFO,numUserBATNA_REQUEST,numUserCONFUSION,numUserFAVOR_ACCEPT,numUserFAVOR_REJECT,numUserFAVOR_REQUEST,numUserFAVOR_RETURN,numUserGENERIC_NEG,numUserGENERIC_POS,numUserNONE,numUserOFFER_ACCEPT,numUserOFFER_PROPOSE,numUserOFFER_REJECT,numUserOFFER_REQUEST_NEG,numUserOFFER_REQUEST_POS,numUserPREF_INFO,numUserPREF_REQUEST,numUserPREF_SPECIFIC_REQUEST,numUserPREF_WITHHOLD,numUserTHREAT_NEG,numUserTHREAT_POS,numUserTIMING,numVHBATNA_INFO,numVHBATNA_REQUEST,numVHCONFUSION,numVHFAVOR_ACCEPT,numVHFAVOR_REJECT,numVHFAVOR_REQUEST,numVHFAVOR_RETURN,numVHGENERIC_NEG,numVHGENERIC_POS,numVHNONE,numVHOFFER_ACCEPT,numVHOFFER_PROPOSE,numVHOFFER_REJECT,numVHOFFER_REQUEST_NEG,numVHOFFER_REQUEST_POS,numVHPREF_INFO,numVHPREF_REQUEST,numVHPREF_SPECIFIC_REQUEST,numVHPREF_WITHHOLD,numVHTHREAT_NEG,numVHTHREAT_POS,numVHTIMING,like2,satisfy2,satisfyOther2,coopOther4,friendOther3,trustOther2,longOther2,fairOther2,honestOther2,emotionOther3,messageOther2,offerOther2,generalOther3,QuestionNeuroticism,QuestionExtraversioin,QuestionOpenness,QuestionAgreeableness,QuestionConscientiousness,Cooperativeness,Assertiveness,Neuroticism,Extraversion,Openness,Agreeableness,Conscientiousness,NeuroticismOffer,ExtraversionOffer,OpennessOffer,AgreeablenessOffer,ConscientiousnessOffer,NeuroticismBehavior,ExtraversionBehavior,OpennessBehavior,AgreeablenessBehavior,ConscientiousnessBehavior,offerWeight,behaviorWeight,agentUtil,playerUtil,t
4,player,StaticMentalist,26,41,false,false,1,1,0,0,0,0,0,3,0,0,0,0,0,0,0,0,0,1,0,0,0,0,0,Dinamic,0,30,600,0,0,5,5,0,5,0,0,2,5,0,0,0,0,5,0,0,5,3,0,5,0,0,0,0,0,0,0,0,0,0,0,0,0,0,0,0,0,0,0,0,0,0,0,0,0,0,0,0,0,0,0,0,1,0,1,1,0,0,0,0,0,0,0,0,0,2.0,2.0,2.0,4.0,3.0,2.0,2.0,2.0,2.0,3.0,2.0,2.0,3.0,26,30,23,28,29,0.5000000000000004,1.0,-0.19999999999999996,0.0,-0.35,-0.09999999999999998,-0.050000000000000044,-1.0,1.0,-1.0,0.0,0.0,-1.0,0.6666666666666667,-1.0,-1.0,-1.0,1.0,0.0,0.1,0.6,1

: Survey Results: 
: 4__SEND_MESSAGE,NONE,I'm glad to see you! Let's start negotiating!
: 4__TIME,NONE,5
: 4__OFFER_IN_PROGRESS,NONE,null
: 4__TIME,NONE,10
: 4__TIME,NONE,15
: 4__GAME_START,NONE,null
: 4__SEND_OFFER,NONE,null,[ [0, 0, 5], [0, 0, 5], [5, 0, 0], [0, 0, 5] ]
: 4__TIME,NONE,20
: 4__SEND_EXPRESSION,NONE,sad
: 4__SEND_MESSAGE,OFFER_REJECT,I'm sorry I can't accept it. I'll try to think of another offer instead.
: 4__OFFER_IN_PROGRESS,NONE,null
: 4__TIME,NONE,25
: 4__SEND_MESSAGE,OFFER_PROPOSE,This is a very good agreement for me, but what about you?
: 4__SEND_OFFER,NONE,null,[ [5, 0, 0], [3, 0, 2], [0, 0, 5], [5, 0, 0] ]
: 4__TIME,NONE,30
: 4__FORMAL_ACCEPT,NONE,null
: 4__FORMAL_ACCEPT,NONE,null
: 4__GAME_START,NONE,null
: 4__GAME_END,NONE,null


